[ 2018-12-5 10:11:58 ] [ log ] send mail xutao@lezhixing.com.cn success
[ 2018-12-5 10:23:27 ] [ log ] send mail xutao@lezhixing.com.cn success
[ 2018-12-5 10:23:35 ] [ log ] send mail xutao@lezhixing.com.cn success
[ 2018-12-5 10:25:50 ] [ log ] send mail xutao@lezhixing.com.cn success
[ 2018-12-5 10:28:25 ] [ log ] send mail xutao@lezhixing.com.cn success
[ 2018-12-5 10:28:30 ] [ log ] send mail xutao@lezhixing.com.cn success
[ 2018-12-5 10:29:45 ] [ log ] send mail xutao@lezhixing.com.cn success
[ 2018-12-5 10:32:08 ] [ log ] send mail zengjun@lezhixing.com.cn success
[ 2018-12-6 18:23:56 ] [ log ] send mail macd@lezhixing.com.cn success
[ 2018-12-7 15:51:45 ] [ log ] send mail xutao@lezhixing.com.cn,zengjun@lezhixing.com.cn success
[ 2018-12-10 18:57:38 ] [ log ] send mail xutao@lezhixing.com.cn,zengjun@lezhixing.com.cn success
[ 2018-12-10 18:57:54 ] [ log ] send mail xutao@lezhixing.com.cn,zengjun@lezhixing.com.cn success
[ 2018-12-10 18:58:28 ] [ log ] send mail xutao@lezhixing.com.cn,zengjun@lezhixing.com.cn success
[ 2018-12-10 18:59:17 ] [ log ] send mail xutao@lezhixing.com.cn,zengjun@lezhixing.com.cn success
[ 2018-12-10 18:59:55 ] [ log ] send mail xutao@lezhixing.com.cn,zengjun@lezhixing.com.cn success
[ 2018-12-10 19:00:58 ] [ log ] send mail xutao@lezhixing.com.cn,zengjun@lezhixing.com.cn success
[ 2018-12-10 19:01:18 ] [ log ] send mail xutao@lezhixing.com.cn,zengjun@lezhixing.com.cn success
[ 2018-12-10 19:01:53 ] [ log ] send mail xutao@lezhixing.com.cn,zengjun@lezhixing.com.cn success
[ 2018-12-10 19:06:11 ] [ log ] send mail xutao@lezhixing.com.cn,zengjun@lezhixing.com.cn success
[ 2018-12-19 09:15:34 ] [ log ] send mail 754888523@qq.com success
[ 2018-12-19 10:14:13 ] [ log ] mongodb load success...
[ 2018-12-24 14:27:20 ] [ log ] send mail songzhaohui567@126.com success
[ 2018-12-24 14:43:09 ] [ log ] send mail qq2495389725@gmail.com success
[ 2018-12-24 15:22:16 ] [ log ] send mail 754888523@qq.com,songzhaohui567@126.com,letian2@iflytek.com success
