[ 2019-1-2 09:31:20 ] [ log ] send mail guest@lezhixing.com.cn success
[ 2019-1-2 14:27:33 ] [ log ] 服务已启动，请打开下面链接访问: 
http://127.0.0.1:3000/
[ 2019-1-2 14:27:33 ] [ log ] mongodb load success...
[ 2019-1-2 14:49:48 ] [ log ] send mail lixinan@lezhixing.com.cn success
[ 2019-1-2 14:52:52 ] [ log ] send mail lixinan@lezhixing.com.cn success
[ 2019-1-2 15:38:11 ] [ log ] 服务已启动，请打开下面链接访问: 
http://127.0.0.1:3000/
[ 2019-1-2 15:38:11 ] [ log ] mongodb load success...
[ 2019-1-3 14:50:02 ] [ error ] send mail  error,No recipients defined
[ 2019-1-3 14:52:13 ] [ error ] send mail  error,No recipients defined
[ 2019-1-3 14:53:04 ] [ error ] send mail  error,No recipients defined
[ 2019-1-3 14:53:14 ] [ error ] send mail  error,No recipients defined
[ 2019-1-3 14:53:24 ] [ error ] send mail  error,No recipients defined
[ 2019-1-3 15:39:29 ] [ error ] send mail  error,No recipients defined
[ 2019-1-3 15:41:38 ] [ error ] send mail  error,No recipients defined
[ 2019-1-3 15:41:46 ] [ error ] send mail  error,No recipients defined
[ 2019-1-4 15:17:34 ] [ log ] send mail sunxinbo@lezhixing.com.cn,lilongfei@lezhixing.com.cn,yangguowang@lezhixing.com.cn success
[ 2019-1-4 15:25:05 ] [ log ] send mail sunxinbo@lezhixing.com.cn,lilongfei@lezhixing.com.cn,yangguowang@lezhixing.com.cn success
[ 2019-1-4 15:46:10 ] [ log ] send mail sunxinbo@lezhixing.com.cn,lilongfei@lezhixing.com.cn,yangguowang@lezhixing.com.cn success
[ 2019-1-4 15:46:26 ] [ log ] send mail sunxinbo@lezhixing.com.cn,lilongfei@lezhixing.com.cn,yangguowang@lezhixing.com.cn success
[ 2019-1-4 17:54:08 ] [ error ] send mail  error,No recipients defined
[ 2019-1-4 21:04:13 ] [ error ] send mail  error,No recipients defined
[ 2019-1-7 13:27:37 ] [ log ] send mail sunxinbo@lezhixing.com.cn,lilongfei@lezhixing.com.cn,yangguowang@lezhixing.com.cn success
[ 2019-1-7 16:18:57 ] [ error ] send mail  error,No recipients defined
[ 2019-1-10 09:12:38 ] [ error ] send mail  error,No recipients defined
[ 2019-1-10 09:12:57 ] [ error ] send mail  error,No recipients defined
[ 2019-1-10 09:14:10 ] [ error ] send mail  error,No recipients defined
[ 2019-1-10 09:16:45 ] [ log ] send mail xutao@lezhixing.com.cn success
[ 2019-1-10 09:42:50 ] [ log ] send mail xutao@lezhixing.com.cn success
[ 2019-1-10 09:43:20 ] [ log ] send mail xutao@lezhixing.com.cn success
[ 2019-1-10 09:43:41 ] [ log ] send mail xutao@lezhixing.com.cn success
[ 2019-1-10 10:09:20 ] [ log ] send mail xutao@lezhixing.com.cn success
[ 2019-1-10 16:00:30 ] [ log ] send mail zhangpei@lezhixing.com.cn,zengjun@lezhixing.com.cn success
[ 2019-1-10 16:22:10 ] [ log ] send mail zhangpei@lezhixing.com.cn,zengjun@lezhixing.com.cn success
[ 2019-1-10 20:18:06 ] [ log ] send mail guosuo@lezhixing.com.cn success
[ 2019-1-10 20:19:35 ] [ log ] send mail guosuo@lezhixing.com.cn success
[ 2019-1-10 20:19:55 ] [ log ] send mail guosuo@lezhixing.com.cn success
[ 2019-1-10 20:50:56 ] [ log ] send mail guosuo@lezhixing.com.cn success
[ 2019-1-10 20:51:10 ] [ log ] send mail guosuo@lezhixing.com.cn success
[ 2019-1-11 09:29:25 ] [ log ] send mail guosuo@lezhixing.com.cn success
[ 2019-1-11 10:01:29 ] [ log ] send mail guosuo@lezhixing.com.cn success
[ 2019-1-11 10:04:58 ] [ log ] send mail guosuo@lezhixing.com.cn success
[ 2019-1-14 11:42:49 ] [ log ] send mail zhoujie@lezhixing.com.cn,zengjun@lezhixing.com.cn success
[ 2019-1-14 11:42:56 ] [ log ] send mail zhoujie@lezhixing.com.cn,zengjun@lezhixing.com.cn success
[ 2019-1-14 11:43:03 ] [ log ] send mail zhoujie@lezhixing.com.cn,zengjun@lezhixing.com.cn success
[ 2019-1-14 15:32:19 ] [ log ] send mail guosuo@lezhixing.com.cn success
[ 2019-1-14 15:32:21 ] [ log ] send mail guosuo@lezhixing.com.cn success
[ 2019-1-14 16:23:42 ] [ log ] send mail xutao@lezhixing.com.cn success
[ 2019-1-14 16:23:51 ] [ log ] send mail xutao@lezhixing.com.cn success
[ 2019-1-14 16:27:05 ] [ log ] send mail xutao@lezhixing.com.cn success
[ 2019-1-14 16:27:17 ] [ log ] send mail xutao@lezhixing.com.cn success
[ 2019-1-14 16:27:41 ] [ log ] send mail xutao@lezhixing.com.cn success
[ 2019-1-14 16:32:32 ] [ log ] send mail xutao@lezhixing.com.cn success
[ 2019-1-14 16:33:50 ] [ log ] send mail xutao@lezhixing.com.cn success
[ 2019-1-14 16:33:53 ] [ log ] send mail xutao@lezhixing.com.cn success
[ 2019-1-14 16:34:31 ] [ log ] send mail xutao@lezhixing.com.cn success
[ 2019-1-16 16:25:35 ] [ log ] send mail wangshengyu@lezhixing.com.cn,wangze@lezhixing.com.cn,zhangpei@lezhixing.com.cn,zengjun@lezhixing.com.cn success
[ 2019-1-16 16:30:19 ] [ log ] send mail wangshengyu@lezhixing.com.cn,wangze@lezhixing.com.cn,zhangpei@lezhixing.com.cn,zengjun@lezhixing.com.cn success
[ 2019-1-16 16:35:46 ] [ log ] send mail wangshengyu@lezhixing.com.cn,wangze@lezhixing.com.cn,zhangpei@lezhixing.com.cn,zengjun@lezhixing.com.cn success
[ 2019-1-16 17:00:59 ] [ log ] send mail wangze@lezhixing.com.cn,zhangpei@lezhixing.com.cn,zengjun@lezhixing.com.cn success
[ 2019-1-16 17:01:58 ] [ log ] send mail wangze@lezhixing.com.cn,zhangpei@lezhixing.com.cn,zengjun@lezhixing.com.cn success
[ 2019-1-16 17:02:21 ] [ log ] send mail wangze@lezhixing.com.cn,zhangpei@lezhixing.com.cn,zengjun@lezhixing.com.cn success
[ 2019-1-21 16:14:45 ] [ log ] send mail wangze@lezhixing.com.cn,zhangpei@lezhixing.com.cn,zengjun@lezhixing.com.cn success
[ 2019-1-21 16:17:27 ] [ log ] send mail wangze@lezhixing.com.cn,zhangpei@lezhixing.com.cn,zengjun@lezhixing.com.cn success
[ 2019-1-21 16:46:44 ] [ log ] send mail wangze@lezhixing.com.cn,zhangpei@lezhixing.com.cn,zengjun@lezhixing.com.cn success
[ 2019-1-21 16:52:41 ] [ log ] send mail wangze@lezhixing.com.cn,zhangpei@lezhixing.com.cn,zengjun@lezhixing.com.cn success
[ 2019-1-21 17:03:19 ] [ log ] send mail wangze@lezhixing.com.cn,zhangpei@lezhixing.com.cn,zengjun@lezhixing.com.cn success
[ 2019-1-21 17:03:51 ] [ log ] send mail wangze@lezhixing.com.cn,zhangpei@lezhixing.com.cn,zengjun@lezhixing.com.cn success
[ 2019-1-21 17:05:49 ] [ log ] send mail wangze@lezhixing.com.cn,zhangpei@lezhixing.com.cn,zengjun@lezhixing.com.cn success
[ 2019-1-21 17:09:51 ] [ log ] send mail wangze@lezhixing.com.cn,zhangpei@lezhixing.com.cn,zengjun@lezhixing.com.cn success
[ 2019-1-22 14:44:37 ] [ log ] send mail jihy@lezhixing.com.cn success
[ 2019-1-22 15:01:57 ] [ log ] send mail jihy@lezhixing.com.cn success
[ 2019-1-23 10:58:49 ] [ log ] send mail wangze@lezhixing.com.cn,zhangpei@lezhixing.com.cn,zengjun@lezhixing.com.cn success
[ 2019-1-24 10:27:40 ] [ log ] send mail zhoujie@lezhixing.com.cn,zengjun@lezhixing.com.cn success
[ 2019-1-24 10:31:33 ] [ log ] send mail zhoujie@lezhixing.com.cn,zengjun@lezhixing.com.cn success
[ 2019-1-24 15:48:40 ] [ log ] send mail wangze@lezhixing.com.cn,zhangpei@lezhixing.com.cn,zengjun@lezhixing.com.cn success
[ 2019-1-24 15:50:33 ] [ log ] send mail wangze@lezhixing.com.cn,zhangpei@lezhixing.com.cn,zengjun@lezhixing.com.cn success
[ 2019-1-24 15:50:40 ] [ log ] send mail wangze@lezhixing.com.cn,zhangpei@lezhixing.com.cn,zengjun@lezhixing.com.cn success
[ 2019-1-24 16:12:10 ] [ log ] send mail wangze@lezhixing.com.cn,zhangpei@lezhixing.com.cn,zengjun@lezhixing.com.cn success
[ 2019-1-24 21:01:43 ] [ log ] send mail zhoujie@lezhixing.com.cn,zengjun@lezhixing.com.cn success
[ 2019-1-25 09:39:52 ] [ log ] send mail mengzhaoqiang@lezhixing.com.cn,zengjun@lezhixing.com.cn success
[ 2019-1-25 09:42:44 ] [ log ] send mail mengzhaoqiang@lezhixing.com.cn,zengjun@lezhixing.com.cn success
[ 2019-1-25 09:43:48 ] [ log ] send mail mengzhaoqiang@lezhixing.com.cn,zengjun@lezhixing.com.cn success
[ 2019-1-25 09:47:19 ] [ log ] send mail mengzhaoqiang@lezhixing.com.cn,zengjun@lezhixing.com.cn success
[ 2019-1-25 09:49:29 ] [ log ] send mail mengzhaoqiang@lezhixing.com.cn,zengjun@lezhixing.com.cn success
[ 2019-1-25 09:50:56 ] [ log ] send mail mengzhaoqiang@lezhixing.com.cn,zengjun@lezhixing.com.cn success
[ 2019-1-25 09:52:39 ] [ log ] send mail mengzhaoqiang@lezhixing.com.cn,zengjun@lezhixing.com.cn success
[ 2019-1-25 09:53:42 ] [ log ] send mail mengzhaoqiang@lezhixing.com.cn,zengjun@lezhixing.com.cn success
[ 2019-1-25 09:55:19 ] [ log ] send mail mengzhaoqiang@lezhixing.com.cn,zengjun@lezhixing.com.cn success
[ 2019-1-25 09:57:20 ] [ log ] send mail mengzhaoqiang@lezhixing.com.cn,zengjun@lezhixing.com.cn success
[ 2019-1-25 09:59:01 ] [ log ] send mail mengzhaoqiang@lezhixing.com.cn,zengjun@lezhixing.com.cn success
[ 2019-1-25 10:00:44 ] [ log ] send mail mengzhaoqiang@lezhixing.com.cn,zengjun@lezhixing.com.cn success
[ 2019-1-25 10:14:49 ] [ log ] send mail mengzhaoqiang@lezhixing.com.cn,zengjun@lezhixing.com.cn success
[ 2019-1-25 10:15:01 ] [ error ] send mail mengzhaoqiang@lezhixing.com.cn,zengjun@lezhixing.com.cn error,Greeting never received
[ 2019-1-25 10:24:06 ] [ log ] send mail mengzhaoqiang@lezhixing.com.cn,zengjun@lezhixing.com.cn success
[ 2019-1-25 11:28:40 ] [ error ] send mail zhangchuxu@lezhixing.com.cn,sunxinbo@lezhixing.com.cn,lilongfei@lezhixing.com.cn,yangguowang@lezhixing.com.cn error,Greeting never received
[ 2019-1-25 11:28:52 ] [ log ] send mail zhangchuxu@lezhixing.com.cn,sunxinbo@lezhixing.com.cn,lilongfei@lezhixing.com.cn,yangguowang@lezhixing.com.cn success
[ 2019-1-25 11:31:54 ] [ log ] send mail zhangchuxu@lezhixing.com.cn,sunxinbo@lezhixing.com.cn,lilongfei@lezhixing.com.cn,yangguowang@lezhixing.com.cn success
[ 2019-1-25 11:33:54 ] [ log ] send mail zhangchuxu@lezhixing.com.cn,sunxinbo@lezhixing.com.cn,lilongfei@lezhixing.com.cn,yangguowang@lezhixing.com.cn success
[ 2019-1-25 11:36:44 ] [ log ] send mail zhoujie@lezhixing.com.cn,zengjun@lezhixing.com.cn success
[ 2019-1-25 13:22:21 ] [ log ] send mail zhangchuxu@lezhixing.com.cn,sunxinbo@lezhixing.com.cn,lilongfei@lezhixing.com.cn,yangguowang@lezhixing.com.cn success
[ 2019-1-25 13:36:56 ] [ log ] send mail zhangchuxu@lezhixing.com.cn,sunxinbo@lezhixing.com.cn,lilongfei@lezhixing.com.cn,yangguowang@lezhixing.com.cn success
[ 2019-1-25 13:41:02 ] [ log ] send mail zhangchuxu@lezhixing.com.cn,sunxinbo@lezhixing.com.cn,lilongfei@lezhixing.com.cn,yangguowang@lezhixing.com.cn success
[ 2019-1-25 13:45:56 ] [ log ] send mail sunxinbo@lezhixing.com.cn,lilongfei@lezhixing.com.cn,yangguowang@lezhixing.com.cn success
[ 2019-1-25 13:47:27 ] [ log ] send mail sunxinbo@lezhixing.com.cn,lilongfei@lezhixing.com.cn,yangguowang@lezhixing.com.cn success
[ 2019-1-25 13:57:20 ] [ log ] send mail sunxinbo@lezhixing.com.cn,lilongfei@lezhixing.com.cn,yangguowang@lezhixing.com.cn success
[ 2019-1-25 14:06:17 ] [ log ] send mail sunxinbo@lezhixing.com.cn,lilongfei@lezhixing.com.cn,yangguowang@lezhixing.com.cn success
[ 2019-1-25 14:06:18 ] [ log ] send mail sunxinbo@lezhixing.com.cn,lilongfei@lezhixing.com.cn,yangguowang@lezhixing.com.cn success
[ 2019-1-25 14:07:45 ] [ log ] send mail sunxinbo@lezhixing.com.cn,lilongfei@lezhixing.com.cn,yangguowang@lezhixing.com.cn success
[ 2019-1-25 14:09:30 ] [ log ] send mail sunxinbo@lezhixing.com.cn,lilongfei@lezhixing.com.cn,yangguowang@lezhixing.com.cn success
[ 2019-1-25 14:20:54 ] [ log ] send mail sunxinbo@lezhixing.com.cn,lilongfei@lezhixing.com.cn,yangguowang@lezhixing.com.cn success
[ 2019-1-25 14:27:23 ] [ log ] send mail sunxinbo@lezhixing.com.cn,lilongfei@lezhixing.com.cn,yangguowang@lezhixing.com.cn success
[ 2019-1-25 14:44:17 ] [ log ] send mail sunxinbo@lezhixing.com.cn,lilongfei@lezhixing.com.cn,yangguowang@lezhixing.com.cn success
[ 2019-1-25 15:15:29 ] [ error ] send mail sunxinbo@lezhixing.com.cn,lilongfei@lezhixing.com.cn,yangguowang@lezhixing.com.cn error,Greeting never received
[ 2019-1-25 15:15:42 ] [ log ] send mail sunxinbo@lezhixing.com.cn,lilongfei@lezhixing.com.cn,yangguowang@lezhixing.com.cn success
[ 2019-1-25 15:20:43 ] [ log ] send mail sunxinbo@lezhixing.com.cn,lilongfei@lezhixing.com.cn,yangguowang@lezhixing.com.cn success
[ 2019-1-25 15:24:58 ] [ log ] send mail sunxinbo@lezhixing.com.cn,lilongfei@lezhixing.com.cn,yangguowang@lezhixing.com.cn success
[ 2019-1-25 15:26:30 ] [ log ] send mail sunxinbo@lezhixing.com.cn,lilongfei@lezhixing.com.cn,yangguowang@lezhixing.com.cn success
[ 2019-1-27 10:41:48 ] [ log ] send mail zhoujie@lezhixing.com.cn,zengjun@lezhixing.com.cn success
