[ 2019-6-3 15:45:02 ] [ log ] send mail wangze@lezhixing.com.cn,yaojianglei@lezhixing.com.cn success
[ 2019-6-3 15:49:46 ] [ log ] send mail wangze@lezhixing.com.cn,yaojianglei@lezhixing.com.cn success
[ 2019-6-3 15:52:31 ] [ log ] send mail wangze@lezhixing.com.cn,yaojianglei@lezhixing.com.cn success
[ 2019-6-3 15:53:46 ] [ log ] send mail wangze@lezhixing.com.cn,yaojianglei@lezhixing.com.cn success
[ 2019-6-3 16:12:29 ] [ log ] send mail wangze@lezhixing.com.cn,yaojianglei@lezhixing.com.cn success
[ 2019-6-4 10:21:42 ] [ log ] send mail leixinliang@lezhixing.com.cn,zhoujie@lezhixing.com.cn,yaojianglei@lezhixing.com.cn success
[ 2019-6-5 08:59:13 ] [ log ] send mail luozhaoxin@lezhixing.com.cn success
[ 2019-6-5 09:01:36 ] [ log ] send mail luozhaoxin@lezhixing.com.cn success
[ 2019-6-5 09:05:16 ] [ log ] send mail luozhaoxin@lezhixing.com.cn success
[ 2019-6-5 09:08:19 ] [ log ] send mail luozhaoxin@lezhixing.com.cn success
[ 2019-6-5 10:31:50 ] [ log ] send mail luozhaoxin@lezhixing.com.cn success
[ 2019-6-5 10:36:21 ] [ log ] send mail luozhaoxin@lezhixing.com.cn success
[ 2019-6-5 11:01:56 ] [ log ] send mail luozhaoxin@lezhixing.com.cn success
[ 2019-6-5 11:15:43 ] [ log ] send mail luozhaoxin@lezhixing.com.cn success
[ 2019-6-5 11:15:48 ] [ log ] send mail luozhaoxin@lezhixing.com.cn success
[ 2019-6-12 13:54:17 ] [ log ] send mail gaoxinxin@lezhixing.com.cn,mengzhaoqiang@lezhixing.com.cn,zhangpei@lezhixing.com.cn success
[ 2019-6-12 14:16:01 ] [ log ] send mail gaoxinxin@lezhixing.com.cn,mengzhaoqiang@lezhixing.com.cn,zhangpei@lezhixing.com.cn success
[ 2019-6-13 15:09:19 ] [ log ] send mail gaoxinxin@lezhixing.com.cn,mengzhaoqiang@lezhixing.com.cn,zhangpei@lezhixing.com.cn success
[ 2019-6-13 20:09:15 ] [ log ] send mail gaoxinxin@lezhixing.com.cn,mengzhaoqiang@lezhixing.com.cn,zhangpei@lezhixing.com.cn success
[ 2019-6-13 20:09:15 ] [ log ] send mail gaoxinxin@lezhixing.com.cn,mengzhaoqiang@lezhixing.com.cn,zhangpei@lezhixing.com.cn success
[ 2019-6-14 08:56:48 ] [ log ] send mail gaoxinxin@lezhixing.com.cn,mengzhaoqiang@lezhixing.com.cn,zhangpei@lezhixing.com.cn success
[ 2019-6-17 11:32:30 ] [ log ] send mail gaoxinxin@lezhixing.com.cn,mengzhaoqiang@lezhixing.com.cn,zhangpei@lezhixing.com.cn success
[ 2019-6-17 11:32:33 ] [ log ] send mail gaoxinxin@lezhixing.com.cn,mengzhaoqiang@lezhixing.com.cn,zhangpei@lezhixing.com.cn success
[ 2019-6-20 20:17:41 ] [ log ] send mail gaoxinxin@lezhixing.com.cn,mengzhaoqiang@lezhixing.com.cn,zhangpei@lezhixing.com.cn success
[ 2019-6-21 10:29:01 ] [ log ] send mail chengxiuju@lezhixing.com.cn,wangze@lezhixing.com.cn,yaojianglei@lezhixing.com.cn,chenxiaofei@lezhixing.com.cn,xutao@lezhixing.com.cn success
[ 2019-6-21 10:34:55 ] [ log ] send mail chengxiuju@lezhixing.com.cn,wangze@lezhixing.com.cn,yaojianglei@lezhixing.com.cn,chenxiaofei@lezhixing.com.cn,xutao@lezhixing.com.cn success
[ 2019-6-21 10:40:00 ] [ log ] send mail chengxiuju@lezhixing.com.cn,wangze@lezhixing.com.cn,yaojianglei@lezhixing.com.cn,chenxiaofei@lezhixing.com.cn,xutao@lezhixing.com.cn success
[ 2019-6-21 11:04:45 ] [ log ] send mail chengxiuju@lezhixing.com.cn,wangze@lezhixing.com.cn,yaojianglei@lezhixing.com.cn,chenxiaofei@lezhixing.com.cn,xutao@lezhixing.com.cn success
[ 2019-6-21 11:05:44 ] [ log ] send mail chengxiuju@lezhixing.com.cn,wangze@lezhixing.com.cn,yaojianglei@lezhixing.com.cn,chenxiaofei@lezhixing.com.cn,xutao@lezhixing.com.cn success
[ 2019-6-21 11:08:20 ] [ log ] send mail chengxiuju@lezhixing.com.cn,wangze@lezhixing.com.cn,yaojianglei@lezhixing.com.cn,chenxiaofei@lezhixing.com.cn,xutao@lezhixing.com.cn success
[ 2019-6-21 15:33:24 ] [ log ] send mail chengxiuju@lezhixing.com.cn,wangze@lezhixing.com.cn,yaojianglei@lezhixing.com.cn,chenxiaofei@lezhixing.com.cn,xutao@lezhixing.com.cn success
[ 2019-6-21 15:43:39 ] [ log ] send mail chengxiuju@lezhixing.com.cn,wangze@lezhixing.com.cn,yaojianglei@lezhixing.com.cn,chenxiaofei@lezhixing.com.cn success
[ 2019-6-21 15:43:42 ] [ log ] send mail chengxiuju@lezhixing.com.cn,wangze@lezhixing.com.cn,yaojianglei@lezhixing.com.cn,chenxiaofei@lezhixing.com.cn success
[ 2019-6-21 15:48:17 ] [ log ] send mail chengxiuju@lezhixing.com.cn,wangze@lezhixing.com.cn,yaojianglei@lezhixing.com.cn,chenxiaofei@lezhixing.com.cn success
[ 2019-6-21 15:52:47 ] [ log ] send mail chengxiuju@lezhixing.com.cn,wangze@lezhixing.com.cn,yaojianglei@lezhixing.com.cn,chenxiaofei@lezhixing.com.cn success
[ 2019-6-24 09:00:24 ] [ log ] send mail xutao@lezhixing.com.cn success
[ 2019-6-24 17:11:17 ] [ log ] send mail chengxiuju@lezhixing.com.cn,wangze@lezhixing.com.cn,yaojianglei@lezhixing.com.cn,chenxiaofei@lezhixing.com.cn success
[ 2019-6-25 10:08:33 ] [ error ] send mail  error,No recipients defined
[ 2019-6-25 10:11:56 ] [ error ] send mail  error,No recipients defined
[ 2019-6-25 10:12:59 ] [ error ] send mail  error,No recipients defined
[ 2019-6-25 10:13:48 ] [ error ] send mail  error,No recipients defined
[ 2019-6-25 10:14:19 ] [ error ] send mail  error,No recipients defined
[ 2019-6-25 10:32:29 ] [ error ] send mail  error,No recipients defined
[ 2019-6-25 19:37:13 ] [ error ] send mail  error,No recipients defined
[ 2019-6-25 19:54:29 ] [ error ] send mail  error,No recipients defined
[ 2019-6-25 19:54:53 ] [ error ] send mail  error,No recipients defined
[ 2019-6-26 11:27:51 ] [ error ] send mail  error,No recipients defined
[ 2019-6-26 13:09:47 ] [ error ] send mail  error,No recipients defined
[ 2019-6-26 13:48:28 ] [ error ] send mail  error,No recipients defined
[ 2019-6-26 14:09:04 ] [ error ] send mail  error,No recipients defined
[ 2019-6-26 14:25:26 ] [ error ] send mail  error,No recipients defined
[ 2019-6-26 17:03:01 ] [ error ] send mail  error,No recipients defined
[ 2019-6-27 10:20:48 ] [ error ] send mail  error,No recipients defined
[ 2019-6-27 10:21:04 ] [ error ] send mail  error,No recipients defined
[ 2019-6-27 10:21:18 ] [ error ] send mail  error,No recipients defined
[ 2019-6-27 10:21:30 ] [ error ] send mail  error,No recipients defined
[ 2019-6-27 10:22:22 ] [ error ] send mail  error,No recipients defined
[ 2019-6-28 14:07:46 ] [ error ] send mail  error,No recipients defined
