[ 2019-3-1 13:20:16 ] [ log ] send mail gaoxinxin@lezhixing.com.cn,mengzhaoqiang@lezhixing.com.cn,wangze@lezhixing.com.cn,zengjun@lezhixing.com.cn success
[ 2019-3-1 13:41:20 ] [ log ] send mail gaoshanlin@lezhixing.com.cn,lixinan@lezhixing.com.cn success
[ 2019-3-2 14:06:14 ] [ log ] send mail gaoshanlin@lezhixing.com.cn,lixinan@lezhixing.com.cn success
[ 2019-3-2 14:06:58 ] [ log ] send mail gaoshanlin@lezhixing.com.cn,lixinan@lezhixing.com.cn success
[ 2019-3-2 14:10:23 ] [ log ] send mail gaoshanlin@lezhixing.com.cn,lixinan@lezhixing.com.cn success
[ 2019-3-2 14:11:14 ] [ log ] send mail gaoshanlin@lezhixing.com.cn,lixinan@lezhixing.com.cn success
[ 2019-3-2 14:18:10 ] [ log ] send mail gaoshanlin@lezhixing.com.cn,lixinan@lezhixing.com.cn success
[ 2019-3-4 09:14:40 ] [ log ] send mail gaoxinxin@lezhixing.com.cn,mengzhaoqiang@lezhixing.com.cn,wangze@lezhixing.com.cn,zengjun@lezhixing.com.cn success
[ 2019-3-4 09:41:47 ] [ log ] send mail gaoxinxin@lezhixing.com.cn,mengzhaoqiang@lezhixing.com.cn,wangze@lezhixing.com.cn,zengjun@lezhixing.com.cn success
[ 2019-3-4 09:41:55 ] [ log ] send mail gaoxinxin@lezhixing.com.cn,mengzhaoqiang@lezhixing.com.cn,wangze@lezhixing.com.cn,zengjun@lezhixing.com.cn success
[ 2019-3-4 14:20:00 ] [ log ] send mail gaoxinxin@lezhixing.com.cn,mengzhaoqiang@lezhixing.com.cn,wangze@lezhixing.com.cn,zengjun@lezhixing.com.cn success
[ 2019-3-4 15:29:42 ] [ error ] send mail gaoxinxin@lezhixing.com.cn,mengzhaoqiang@lezhixing.com.cn,wangze@lezhixing.com.cn,zengjun@lezhixing.com.cn error,Greeting never received
[ 2019-3-4 15:29:50 ] [ error ] send mail gaoxinxin@lezhixing.com.cn,mengzhaoqiang@lezhixing.com.cn,wangze@lezhixing.com.cn,zengjun@lezhixing.com.cn error,Greeting never received
[ 2019-3-5 09:08:17 ] [ log ] send mail gaoxinxin@lezhixing.com.cn,mengzhaoqiang@lezhixing.com.cn,wangze@lezhixing.com.cn,zengjun@lezhixing.com.cn success
[ 2019-3-5 09:09:34 ] [ log ] send mail gaoxinxin@lezhixing.com.cn,mengzhaoqiang@lezhixing.com.cn,wangze@lezhixing.com.cn,zengjun@lezhixing.com.cn success
[ 2019-3-5 20:09:26 ] [ log ] send mail zhaohuiyang@lezhixing.com.cn success
[ 2019-3-5 20:14:27 ] [ log ] send mail gaoxinxin@lezhixing.com.cn,mengzhaoqiang@lezhixing.com.cn,wangze@lezhixing.com.cn,zengjun@lezhixing.com.cn success
[ 2019-3-5 20:20:28 ] [ log ] send mail gaoxinxin@lezhixing.com.cn,mengzhaoqiang@lezhixing.com.cn,wangze@lezhixing.com.cn,zengjun@lezhixing.com.cn success
[ 2019-3-6 09:36:53 ] [ log ] send mail zhaohuiyang@lezhixing.com.cn success
[ 2019-3-6 09:38:17 ] [ log ] send mail zhaohuiyang@lezhixing.com.cn success
[ 2019-3-6 10:08:02 ] [ log ] send mail zhaohuiyang@lezhixing.com.cn success
[ 2019-3-6 15:04:11 ] [ log ] send mail zhaohuiyang@lezhixing.com.cn success
[ 2019-3-14 14:27:31 ] [ error ] send mail  error,No recipients defined
[ 2019-3-14 14:28:03 ] [ error ] send mail  error,No recipients defined
[ 2019-3-14 14:31:56 ] [ error ] send mail  error,No recipients defined
[ 2019-3-14 16:36:57 ] [ log ] send mail gaoxinxin@lezhixing.com.cn,mengzhaoqiang@lezhixing.com.cn,wangze@lezhixing.com.cn,zengjun@lezhixing.com.cn success
[ 2019-3-14 16:55:47 ] [ log ] send mail gaoxinxin@lezhixing.com.cn,mengzhaoqiang@lezhixing.com.cn,wangze@lezhixing.com.cn,zengjun@lezhixing.com.cn success
[ 2019-3-14 20:08:45 ] [ log ] send mail gaoxinxin@lezhixing.com.cn,mengzhaoqiang@lezhixing.com.cn,wangze@lezhixing.com.cn,zengjun@lezhixing.com.cn success
[ 2019-3-19 08:47:57 ] [ log ] send mail wangtao@lezhixing.com.cn success
[ 2019-3-19 08:49:01 ] [ log ] send mail wangtao@lezhixing.com.cn success
[ 2019-3-19 08:50:36 ] [ log ] send mail wangtao@lezhixing.com.cn success
[ 2019-3-19 08:52:25 ] [ log ] send mail wangtao@lezhixing.com.cn success
[ 2019-3-19 08:56:28 ] [ log ] send mail wangtao@lezhixing.com.cn success
[ 2019-3-19 08:56:45 ] [ log ] send mail wangtao@lezhixing.com.cn success
[ 2019-3-19 08:59:34 ] [ log ] send mail wangtao@lezhixing.com.cn success
[ 2019-3-19 09:05:38 ] [ log ] send mail wangtao@lezhixing.com.cn success
[ 2019-3-19 09:07:39 ] [ log ] send mail wangtao@lezhixing.com.cn success
[ 2019-3-19 09:09:34 ] [ log ] send mail wangtao@lezhixing.com.cn success
[ 2019-3-19 09:10:22 ] [ log ] send mail wangtao@lezhixing.com.cn success
[ 2019-3-19 09:25:11 ] [ log ] send mail wangtao@lezhixing.com.cn success
[ 2019-3-19 10:12:12 ] [ error ] send mail  error,No recipients defined
[ 2019-3-19 10:15:57 ] [ error ] send mail  error,No recipients defined
[ 2019-3-19 10:17:17 ] [ error ] send mail  error,No recipients defined
[ 2019-3-19 10:17:23 ] [ error ] send mail  error,No recipients defined
[ 2019-3-19 10:19:26 ] [ error ] send mail  error,No recipients defined
[ 2019-3-19 10:19:49 ] [ error ] send mail  error,No recipients defined
[ 2019-3-19 10:21:45 ] [ error ] send mail  error,No recipients defined
[ 2019-3-19 10:22:02 ] [ error ] send mail  error,No recipients defined
[ 2019-3-19 10:25:05 ] [ error ] send mail  error,No recipients defined
[ 2019-3-19 10:33:53 ] [ error ] send mail  error,No recipients defined
[ 2019-3-19 10:33:59 ] [ error ] send mail  error,No recipients defined
[ 2019-3-19 10:36:29 ] [ error ] send mail  error,No recipients defined
[ 2019-3-19 10:39:40 ] [ error ] send mail  error,No recipients defined
[ 2019-3-19 10:42:13 ] [ error ] send mail  error,No recipients defined
[ 2019-3-19 10:47:56 ] [ error ] send mail  error,Greeting never received
[ 2019-3-19 10:48:58 ] [ error ] send mail  error,No recipients defined
[ 2019-3-19 10:49:13 ] [ error ] send mail  error,Greeting never received
[ 2019-3-19 10:50:41 ] [ error ] send mail  error,Greeting never received
[ 2019-3-19 10:56:32 ] [ error ] send mail  error,No recipients defined
[ 2019-3-19 10:56:39 ] [ error ] send mail  error,No recipients defined
[ 2019-3-19 10:58:29 ] [ log ] send mail lixinan@lezhixing.com.cn success
[ 2019-3-19 10:58:47 ] [ error ] send mail  error,No recipients defined
[ 2019-3-19 11:05:23 ] [ error ] send mail  error,No recipients defined
[ 2019-3-19 11:08:41 ] [ error ] send mail  error,No recipients defined
[ 2019-3-19 11:09:45 ] [ error ] send mail  error,No recipients defined
[ 2019-3-19 11:11:57 ] [ error ] send mail  error,No recipients defined
[ 2019-3-19 11:12:20 ] [ error ] send mail  error,No recipients defined
[ 2019-3-19 11:13:25 ] [ error ] send mail  error,Greeting never received
[ 2019-3-19 11:14:40 ] [ error ] send mail  error,No recipients defined
[ 2019-3-19 11:16:08 ] [ error ] send mail  error,No recipients defined
[ 2019-3-19 11:17:22 ] [ error ] send mail  error,No recipients defined
[ 2019-3-19 11:18:08 ] [ error ] send mail  error,No recipients defined
[ 2019-3-19 11:19:01 ] [ error ] send mail  error,No recipients defined
[ 2019-3-19 11:20:12 ] [ error ] send mail  error,No recipients defined
[ 2019-3-19 11:20:46 ] [ error ] send mail  error,No recipients defined
[ 2019-3-19 11:21:39 ] [ error ] send mail  error,No recipients defined
[ 2019-3-19 11:22:30 ] [ error ] send mail  error,No recipients defined
[ 2019-3-19 11:24:44 ] [ error ] send mail  error,No recipients defined
[ 2019-3-19 11:25:00 ] [ error ] send mail  error,No recipients defined
[ 2019-3-19 11:25:56 ] [ error ] send mail  error,No recipients defined
[ 2019-3-19 11:25:57 ] [ error ] send mail  error,No recipients defined
[ 2019-3-19 11:26:19 ] [ error ] send mail  error,No recipients defined
[ 2019-3-19 11:26:43 ] [ error ] send mail  error,No recipients defined
[ 2019-3-19 11:27:09 ] [ error ] send mail  error,No recipients defined
[ 2019-3-19 11:27:13 ] [ error ] send mail  error,No recipients defined
[ 2019-3-19 11:29:09 ] [ error ] send mail  error,No recipients defined
[ 2019-3-19 11:29:44 ] [ error ] send mail  error,No recipients defined
[ 2019-3-19 11:30:05 ] [ error ] send mail  error,No recipients defined
[ 2019-3-19 11:31:48 ] [ error ] send mail  error,No recipients defined
[ 2019-3-19 11:31:48 ] [ error ] send mail  error,Greeting never received
[ 2019-3-19 13:12:26 ] [ error ] send mail  error,No recipients defined
[ 2019-3-19 13:17:10 ] [ error ] send mail  error,No recipients defined
[ 2019-3-19 13:21:26 ] [ error ] send mail  error,No recipients defined
[ 2019-3-19 13:22:25 ] [ error ] send mail  error,No recipients defined
[ 2019-3-19 13:22:47 ] [ error ] send mail  error,No recipients defined
[ 2019-3-19 13:23:56 ] [ error ] send mail  error,No recipients defined
[ 2019-3-19 13:24:11 ] [ error ] send mail  error,No recipients defined
[ 2019-3-19 13:25:16 ] [ error ] send mail  error,No recipients defined
[ 2019-3-19 13:28:17 ] [ error ] send mail  error,No recipients defined
[ 2019-3-19 13:29:45 ] [ error ] send mail  error,No recipients defined
[ 2019-3-19 13:30:21 ] [ error ] send mail  error,No recipients defined
[ 2019-3-19 13:32:18 ] [ error ] send mail  error,No recipients defined
[ 2019-3-19 13:33:22 ] [ error ] send mail  error,No recipients defined
[ 2019-3-19 13:33:31 ] [ error ] send mail  error,No recipients defined
[ 2019-3-19 13:35:08 ] [ error ] send mail  error,No recipients defined
[ 2019-3-19 13:37:33 ] [ error ] send mail  error,No recipients defined
[ 2019-3-19 13:58:28 ] [ error ] send mail  error,No recipients defined
[ 2019-3-19 14:01:42 ] [ error ] send mail  error,No recipients defined
[ 2019-3-19 14:01:56 ] [ error ] send mail  error,No recipients defined
[ 2019-3-19 14:02:03 ] [ error ] send mail  error,Greeting never received
[ 2019-3-19 14:04:24 ] [ error ] send mail  error,No recipients defined
[ 2019-3-19 14:04:25 ] [ error ] send mail  error,No recipients defined
[ 2019-3-19 14:04:49 ] [ error ] send mail  error,No recipients defined
[ 2019-3-19 14:06:28 ] [ error ] send mail  error,No recipients defined
[ 2019-3-19 14:07:20 ] [ error ] send mail  error,No recipients defined
[ 2019-3-19 14:19:15 ] [ error ] send mail  error,Greeting never received
[ 2019-3-19 14:46:12 ] [ error ] send mail  error,No recipients defined
[ 2019-3-19 15:03:45 ] [ error ] send mail  error,Greeting never received
[ 2019-3-19 15:05:28 ] [ error ] send mail  error,No recipients defined
[ 2019-3-19 15:06:19 ] [ error ] send mail  error,No recipients defined
[ 2019-3-19 15:07:59 ] [ error ] send mail  error,No recipients defined
[ 2019-3-19 15:09:04 ] [ error ] send mail  error,No recipients defined
[ 2019-3-19 15:10:17 ] [ error ] send mail  error,No recipients defined
[ 2019-3-19 15:11:00 ] [ error ] send mail wangshengyu@lezhixing.com.cn error,Greeting never received
[ 2019-3-19 15:11:30 ] [ error ] send mail  error,Greeting never received
[ 2019-3-19 15:13:11 ] [ error ] send mail  error,No recipients defined
[ 2019-3-19 15:14:06 ] [ error ] send mail  error,No recipients defined
[ 2019-3-19 15:17:05 ] [ error ] send mail  error,Greeting never received
[ 2019-3-19 15:20:35 ] [ error ] send mail  error,No recipients defined
[ 2019-3-19 15:22:28 ] [ error ] send mail  error,Greeting never received
[ 2019-3-19 15:23:12 ] [ error ] send mail  error,No recipients defined
[ 2019-3-19 15:27:13 ] [ error ] send mail  error,No recipients defined
[ 2019-3-19 15:30:53 ] [ error ] send mail  error,No recipients defined
[ 2019-3-19 15:33:20 ] [ error ] send mail  error,Greeting never received
[ 2019-3-19 15:35:58 ] [ error ] send mail  error,No recipients defined
[ 2019-3-19 15:38:05 ] [ error ] send mail  error,No recipients defined
[ 2019-3-19 15:38:22 ] [ error ] send mail  error,No recipients defined
[ 2019-3-19 15:38:43 ] [ error ] send mail  error,No recipients defined
[ 2019-3-19 15:40:53 ] [ error ] send mail  error,Greeting never received
[ 2019-3-19 15:49:11 ] [ error ] send mail  error,No recipients defined
[ 2019-3-19 16:04:51 ] [ error ] send mail  error,Greeting never received
[ 2019-3-19 16:11:48 ] [ error ] send mail  error,No recipients defined
[ 2019-3-19 16:13:13 ] [ error ] send mail  error,No recipients defined
[ 2019-3-19 16:14:16 ] [ error ] send mail  error,Greeting never received
[ 2019-3-19 16:14:30 ] [ error ] send mail  error,Greeting never received
[ 2019-3-19 16:17:27 ] [ error ] send mail  error,No recipients defined
[ 2019-3-19 16:20:29 ] [ error ] send mail  error,Greeting never received
[ 2019-3-19 16:24:30 ] [ error ] send mail  error,Greeting never received
[ 2019-3-19 16:31:54 ] [ error ] send mail  error,Greeting never received
[ 2019-3-19 16:34:22 ] [ error ] send mail  error,No recipients defined
[ 2019-3-19 16:39:15 ] [ error ] send mail  error,No recipients defined
[ 2019-3-19 16:41:41 ] [ error ] send mail  error,No recipients defined
[ 2019-3-19 16:45:40 ] [ error ] send mail  error,No recipients defined
[ 2019-3-19 16:59:33 ] [ error ] send mail  error,Greeting never received
[ 2019-3-19 17:01:00 ] [ error ] send mail  error,No recipients defined
[ 2019-3-19 17:04:22 ] [ error ] send mail  error,No recipients defined
[ 2019-3-19 17:07:47 ] [ error ] send mail  error,Greeting never received
[ 2019-3-19 17:11:13 ] [ error ] send mail  error,No recipients defined
[ 2019-3-19 17:13:39 ] [ error ] send mail  error,No recipients defined
[ 2019-3-19 17:17:11 ] [ error ] send mail  error,No recipients defined
[ 2019-3-19 17:20:18 ] [ error ] send mail  error,No recipients defined
[ 2019-3-19 17:23:24 ] [ error ] send mail  error,No recipients defined
[ 2019-3-19 18:46:12 ] [ error ] send mail  error,No recipients defined
[ 2019-3-19 18:48:31 ] [ error ] send mail  error,No recipients defined
[ 2019-3-19 18:50:28 ] [ error ] send mail  error,No recipients defined
[ 2019-3-19 19:01:06 ] [ error ] send mail  error,No recipients defined
[ 2019-3-19 19:02:42 ] [ error ] send mail  error,No recipients defined
[ 2019-3-19 19:03:58 ] [ error ] send mail  error,No recipients defined
[ 2019-3-19 19:05:25 ] [ error ] send mail  error,No recipients defined
[ 2019-3-19 19:07:33 ] [ error ] send mail  error,Greeting never received
[ 2019-3-19 19:10:40 ] [ error ] send mail  error,No recipients defined
[ 2019-3-19 19:17:16 ] [ error ] send mail  error,No recipients defined
[ 2019-3-19 19:17:43 ] [ error ] send mail  error,No recipients defined
[ 2019-3-19 19:17:44 ] [ error ] send mail  error,No recipients defined
[ 2019-3-19 19:20:55 ] [ error ] send mail  error,No recipients defined
[ 2019-3-19 19:36:29 ] [ error ] send mail  error,Greeting never received
[ 2019-3-19 19:54:14 ] [ error ] send mail  error,No recipients defined
[ 2019-3-19 19:57:52 ] [ error ] send mail  error,No recipients defined
[ 2019-3-20 08:59:54 ] [ error ] send mail  error,Greeting never received
[ 2019-3-20 09:01:19 ] [ error ] send mail  error,No recipients defined
[ 2019-3-20 09:06:07 ] [ error ] send mail  error,Greeting never received
[ 2019-3-20 09:07:54 ] [ error ] send mail  error,No recipients defined
[ 2019-3-20 09:12:49 ] [ error ] send mail  error,No recipients defined
[ 2019-3-20 10:47:57 ] [ error ] send mail  error,No recipients defined
[ 2019-3-20 10:48:05 ] [ error ] send mail  error,No recipients defined
[ 2019-3-20 11:27:46 ] [ error ] send mail  error,No recipients defined
[ 2019-3-20 11:29:53 ] [ error ] send mail  error,No recipients defined
[ 2019-3-20 13:11:57 ] [ error ] send mail  error,No recipients defined
[ 2019-3-20 14:08:40 ] [ error ] send mail  error,No recipients defined
[ 2019-3-20 14:14:20 ] [ error ] send mail  error,No recipients defined
[ 2019-3-20 14:23:56 ] [ error ] send mail  error,No recipients defined
[ 2019-3-20 14:24:09 ] [ error ] send mail  error,No recipients defined
[ 2019-3-20 14:36:27 ] [ error ] send mail  error,No recipients defined
[ 2019-3-20 14:38:21 ] [ error ] send mail  error,No recipients defined
[ 2019-3-20 14:39:34 ] [ error ] send mail  error,No recipients defined
[ 2019-3-20 14:46:39 ] [ error ] send mail  error,No recipients defined
[ 2019-3-20 14:48:30 ] [ error ] send mail  error,No recipients defined
[ 2019-3-20 15:04:12 ] [ error ] send mail  error,No recipients defined
[ 2019-3-20 15:07:43 ] [ error ] send mail  error,No recipients defined
[ 2019-3-20 15:08:42 ] [ error ] send mail  error,No recipients defined
[ 2019-3-20 15:08:59 ] [ error ] send mail  error,No recipients defined
[ 2019-3-20 15:10:14 ] [ error ] send mail  error,No recipients defined
[ 2019-3-20 15:12:33 ] [ error ] send mail  error,No recipients defined
[ 2019-3-20 15:14:46 ] [ error ] send mail  error,No recipients defined
[ 2019-3-20 15:15:18 ] [ error ] send mail  error,No recipients defined
[ 2019-3-20 15:17:36 ] [ error ] send mail  error,No recipients defined
[ 2019-3-20 15:17:41 ] [ error ] send mail  error,No recipients defined
[ 2019-3-20 15:18:32 ] [ error ] send mail  error,No recipients defined
[ 2019-3-20 15:29:39 ] [ error ] send mail  error,No recipients defined
[ 2019-3-20 15:33:28 ] [ error ] send mail  error,No recipients defined
[ 2019-3-20 15:34:03 ] [ error ] send mail  error,No recipients defined
[ 2019-3-20 15:36:24 ] [ error ] send mail  error,No recipients defined
[ 2019-3-20 15:55:26 ] [ error ] send mail  error,No recipients defined
[ 2019-3-20 15:55:39 ] [ error ] send mail  error,No recipients defined
[ 2019-3-20 15:55:47 ] [ error ] send mail  error,No recipients defined
[ 2019-3-20 15:56:26 ] [ error ] send mail  error,No recipients defined
[ 2019-3-20 15:58:07 ] [ error ] send mail  error,No recipients defined
[ 2019-3-20 15:58:40 ] [ error ] send mail  error,No recipients defined
[ 2019-3-20 15:59:08 ] [ error ] send mail  error,No recipients defined
[ 2019-3-20 16:01:13 ] [ error ] send mail  error,No recipients defined
[ 2019-3-20 16:15:53 ] [ error ] send mail  error,No recipients defined
[ 2019-3-20 16:17:59 ] [ error ] send mail  error,No recipients defined
[ 2019-3-20 16:18:17 ] [ error ] send mail  error,No recipients defined
[ 2019-3-20 16:18:38 ] [ error ] send mail  error,No recipients defined
[ 2019-3-20 16:46:11 ] [ error ] send mail  error,No recipients defined
[ 2019-3-20 16:46:16 ] [ error ] send mail  error,No recipients defined
[ 2019-3-20 16:46:40 ] [ error ] send mail  error,No recipients defined
[ 2019-3-20 16:48:54 ] [ error ] send mail  error,No recipients defined
[ 2019-3-20 16:55:31 ] [ error ] send mail  error,No recipients defined
[ 2019-3-20 16:56:09 ] [ error ] send mail  error,No recipients defined
[ 2019-3-20 16:57:01 ] [ error ] send mail  error,No recipients defined
[ 2019-3-20 16:57:43 ] [ error ] send mail  error,No recipients defined
[ 2019-3-20 17:18:00 ] [ error ] send mail  error,No recipients defined
[ 2019-3-20 20:23:39 ] [ log ] send mail wangshengyu@lezhixing.com.cn,zengjun@lezhixing.com.cn success
[ 2019-3-20 20:23:58 ] [ log ] send mail wangshengyu@lezhixing.com.cn,zengjun@lezhixing.com.cn success
[ 2019-3-20 20:30:30 ] [ log ] send mail wangshengyu@lezhixing.com.cn,zengjun@lezhixing.com.cn success
[ 2019-3-20 20:37:34 ] [ log ] send mail wangshengyu@lezhixing.com.cn,zengjun@lezhixing.com.cn success
[ 2019-3-20 20:41:10 ] [ log ] send mail wangshengyu@lezhixing.com.cn,zengjun@lezhixing.com.cn success
[ 2019-3-20 21:11:34 ] [ log ] send mail wangshengyu@lezhixing.com.cn,zengjun@lezhixing.com.cn success
[ 2019-3-20 22:43:55 ] [ log ] send mail wangshengyu@lezhixing.com.cn,zengjun@lezhixing.com.cn success
[ 2019-3-20 22:43:59 ] [ log ] send mail wangshengyu@lezhixing.com.cn,zengjun@lezhixing.com.cn success
[ 2019-3-21 10:18:07 ] [ error ] send mail  error,No recipients defined
[ 2019-3-21 10:19:51 ] [ error ] send mail  error,No recipients defined
[ 2019-3-21 10:20:12 ] [ error ] send mail  error,No recipients defined
[ 2019-3-21 10:23:41 ] [ error ] send mail  error,No recipients defined
[ 2019-3-21 10:37:48 ] [ error ] send mail  error,No recipients defined
[ 2019-3-21 10:40:10 ] [ error ] send mail  error,No recipients defined
[ 2019-3-21 10:44:26 ] [ error ] send mail  error,No recipients defined
[ 2019-3-21 10:46:01 ] [ error ] send mail  error,No recipients defined
[ 2019-3-21 11:03:36 ] [ error ] send mail  error,No recipients defined
[ 2019-3-21 11:08:15 ] [ error ] send mail  error,No recipients defined
[ 2019-3-21 11:10:07 ] [ error ] send mail  error,Greeting never received
[ 2019-3-21 11:16:20 ] [ error ] send mail  error,No recipients defined
[ 2019-3-21 13:21:59 ] [ error ] send mail  error,No recipients defined
[ 2019-3-21 13:34:09 ] [ error ] send mail  error,No recipients defined
[ 2019-3-21 13:36:40 ] [ error ] send mail  error,No recipients defined
[ 2019-3-21 13:40:06 ] [ error ] send mail  error,No recipients defined
[ 2019-3-21 13:41:48 ] [ error ] send mail  error,Greeting never received
[ 2019-3-21 13:42:47 ] [ error ] send mail  error,No recipients defined
[ 2019-3-21 13:42:59 ] [ error ] send mail  error,No recipients defined
[ 2019-3-21 13:48:04 ] [ error ] send mail  error,No recipients defined
[ 2019-3-21 13:48:36 ] [ error ] send mail  error,No recipients defined
[ 2019-3-21 13:58:19 ] [ error ] send mail  error,No recipients defined
[ 2019-3-21 14:07:31 ] [ error ] send mail  error,No recipients defined
[ 2019-3-21 14:08:41 ] [ error ] send mail  error,No recipients defined
[ 2019-3-21 14:09:10 ] [ error ] send mail  error,No recipients defined
[ 2019-3-21 14:09:13 ] [ error ] send mail  error,No recipients defined
[ 2019-3-21 14:09:26 ] [ error ] send mail  error,No recipients defined
[ 2019-3-21 14:10:39 ] [ error ] send mail  error,No recipients defined
[ 2019-3-21 14:47:40 ] [ error ] send mail  error,Greeting never received
[ 2019-3-21 15:00:43 ] [ error ] send mail  error,Greeting never received
[ 2019-3-21 15:11:31 ] [ error ] send mail  error,No recipients defined
[ 2019-3-21 15:12:00 ] [ error ] send mail  error,Greeting never received
[ 2019-3-21 15:16:44 ] [ error ] send mail  error,No recipients defined
[ 2019-3-21 15:19:27 ] [ error ] send mail  error,No recipients defined
[ 2019-3-21 16:07:56 ] [ error ] send mail  error,Greeting never received
[ 2019-3-21 16:09:58 ] [ error ] send mail  error,No recipients defined
[ 2019-3-21 16:11:38 ] [ error ] send mail  error,Greeting never received
[ 2019-3-21 16:14:51 ] [ error ] send mail  error,Greeting never received
[ 2019-3-21 18:54:10 ] [ error ] send mail  error,No recipients defined
[ 2019-3-21 18:55:04 ] [ error ] send mail  error,No recipients defined
[ 2019-3-21 18:56:32 ] [ error ] send mail  error,No recipients defined
[ 2019-3-21 18:56:39 ] [ error ] send mail  error,No recipients defined
[ 2019-3-21 18:57:35 ] [ error ] send mail  error,No recipients defined
[ 2019-3-21 18:59:03 ] [ error ] send mail  error,No recipients defined
[ 2019-3-21 19:04:34 ] [ error ] send mail  error,No recipients defined
[ 2019-3-22 08:40:18 ] [ error ] send mail  error,No recipients defined
[ 2019-3-22 09:25:52 ] [ error ] send mail  error,No recipients defined
[ 2019-3-22 13:38:25 ] [ error ] send mail  error,No recipients defined
[ 2019-3-22 13:39:07 ] [ error ] send mail  error,No recipients defined
[ 2019-3-22 13:51:57 ] [ error ] send mail  error,No recipients defined
[ 2019-3-22 15:05:04 ] [ error ] send mail  error,No recipients defined
[ 2019-3-22 15:39:24 ] [ error ] send mail  error,No recipients defined
[ 2019-3-22 15:55:26 ] [ error ] send mail  error,No recipients defined
[ 2019-3-22 16:13:11 ] [ error ] send mail  error,No recipients defined
[ 2019-3-22 17:03:39 ] [ error ] send mail  error,No recipients defined
[ 2019-3-23 09:53:19 ] [ error ] send mail  error,No recipients defined
[ 2019-3-23 09:54:11 ] [ error ] send mail  error,No recipients defined
[ 2019-3-23 09:55:46 ] [ error ] send mail  error,No recipients defined
[ 2019-3-23 09:56:09 ] [ error ] send mail  error,No recipients defined
[ 2019-3-23 09:57:06 ] [ error ] send mail  error,No recipients defined
[ 2019-3-23 09:57:14 ] [ error ] send mail  error,No recipients defined
[ 2019-3-23 10:54:13 ] [ error ] send mail  error,No recipients defined
[ 2019-3-23 10:54:30 ] [ error ] send mail  error,No recipients defined
[ 2019-3-23 10:54:37 ] [ error ] send mail  error,No recipients defined
[ 2019-3-23 13:38:45 ] [ error ] send mail  error,No recipients defined
[ 2019-3-23 13:39:31 ] [ error ] send mail  error,No recipients defined
[ 2019-3-23 14:02:55 ] [ error ] send mail  error,No recipients defined
[ 2019-3-23 14:04:19 ] [ error ] send mail  error,No recipients defined
[ 2019-3-23 14:19:31 ] [ error ] send mail  error,No recipients defined
[ 2019-3-23 14:19:40 ] [ error ] send mail  error,No recipients defined
[ 2019-3-23 14:25:00 ] [ error ] send mail  error,No recipients defined
[ 2019-3-23 14:25:26 ] [ error ] send mail  error,No recipients defined
[ 2019-3-23 14:25:57 ] [ error ] send mail  error,No recipients defined
[ 2019-3-23 14:26:31 ] [ error ] send mail  error,No recipients defined
[ 2019-3-23 14:31:13 ] [ error ] send mail  error,No recipients defined
[ 2019-3-23 14:31:32 ] [ error ] send mail  error,No recipients defined
[ 2019-3-23 14:31:51 ] [ error ] send mail  error,No recipients defined
[ 2019-3-23 14:44:43 ] [ error ] send mail  error,No recipients defined
[ 2019-3-23 14:47:58 ] [ error ] send mail  error,No recipients defined
[ 2019-3-23 14:51:31 ] [ error ] send mail  error,No recipients defined
[ 2019-3-23 15:11:37 ] [ error ] send mail  error,No recipients defined
[ 2019-3-23 15:45:25 ] [ error ] send mail  error,No recipients defined
[ 2019-3-23 15:45:39 ] [ error ] send mail  error,No recipients defined
[ 2019-3-23 15:51:22 ] [ error ] send mail  error,No recipients defined
[ 2019-3-23 15:51:59 ] [ error ] send mail  error,No recipients defined
[ 2019-3-23 15:52:14 ] [ error ] send mail  error,No recipients defined
[ 2019-3-23 15:52:18 ] [ error ] send mail  error,No recipients defined
[ 2019-3-23 15:59:08 ] [ error ] send mail  error,No recipients defined
[ 2019-3-23 16:46:17 ] [ error ] send mail  error,No recipients defined
[ 2019-3-25 09:52:17 ] [ error ] send mail  error,No recipients defined
[ 2019-3-25 09:54:29 ] [ error ] send mail  error,No recipients defined
[ 2019-3-25 09:55:20 ] [ error ] send mail  error,No recipients defined
[ 2019-3-25 09:56:16 ] [ error ] send mail  error,No recipients defined
[ 2019-3-25 09:56:53 ] [ error ] send mail  error,No recipients defined
[ 2019-3-25 10:00:59 ] [ error ] send mail  error,No recipients defined
[ 2019-3-25 10:01:35 ] [ error ] send mail  error,No recipients defined
[ 2019-3-25 10:02:29 ] [ error ] send mail  error,No recipients defined
[ 2019-3-25 10:05:30 ] [ error ] send mail  error,No recipients defined
[ 2019-3-25 10:08:02 ] [ error ] send mail  error,No recipients defined
[ 2019-3-25 10:09:35 ] [ error ] send mail  error,No recipients defined
[ 2019-3-25 10:09:40 ] [ error ] send mail  error,No recipients defined
[ 2019-3-25 10:13:22 ] [ error ] send mail  error,No recipients defined
[ 2019-3-25 10:19:15 ] [ error ] send mail  error,No recipients defined
[ 2019-3-25 10:19:47 ] [ error ] send mail  error,No recipients defined
[ 2019-3-25 10:35:14 ] [ error ] send mail  error,No recipients defined
[ 2019-3-25 10:35:29 ] [ error ] send mail  error,No recipients defined
[ 2019-3-25 10:39:02 ] [ error ] send mail  error,No recipients defined
[ 2019-3-25 10:43:29 ] [ error ] send mail  error,No recipients defined
[ 2019-3-25 10:43:47 ] [ error ] send mail  error,No recipients defined
[ 2019-3-25 10:44:14 ] [ error ] send mail  error,No recipients defined
[ 2019-3-25 10:44:21 ] [ error ] send mail  error,No recipients defined
[ 2019-3-25 11:31:45 ] [ error ] send mail  error,No recipients defined
[ 2019-3-25 13:08:53 ] [ error ] send mail  error,No recipients defined
[ 2019-3-25 13:20:57 ] [ error ] send mail  error,No recipients defined
[ 2019-3-25 13:22:44 ] [ error ] send mail  error,No recipients defined
[ 2019-3-25 15:36:13 ] [ log ] send mail yljiang4@iflytek.com success
[ 2019-3-25 15:36:53 ] [ log ] send mail leixinliang@lezhixing.com.cn,zhoujie@lezhixing.com.cn,zengjun@lezhixing.com.cn success
[ 2019-3-25 15:39:16 ] [ log ] send mail leixinliang@lezhixing.com.cn,zhoujie@lezhixing.com.cn,zengjun@lezhixing.com.cn success
[ 2019-3-25 15:41:34 ] [ log ] send mail leixinliang@lezhixing.com.cn,zhoujie@lezhixing.com.cn,zengjun@lezhixing.com.cn success
[ 2019-3-25 15:42:07 ] [ log ] send mail leixinliang@lezhixing.com.cn,zhoujie@lezhixing.com.cn,zengjun@lezhixing.com.cn success
[ 2019-3-25 15:42:37 ] [ log ] send mail leixinliang@lezhixing.com.cn,zhoujie@lezhixing.com.cn,zengjun@lezhixing.com.cn success
[ 2019-3-25 17:12:04 ] [ log ] send mail yljiang4@iflytek.com success
[ 2019-3-25 17:13:03 ] [ log ] send mail yljiang4@iflytek.com success
[ 2019-3-25 17:13:52 ] [ log ] send mail yljiang4@iflytek.com success
[ 2019-3-25 17:18:30 ] [ log ] send mail yljiang4@iflytek.com success
[ 2019-3-25 17:25:16 ] [ log ] send mail yljiang4@iflytek.com success
[ 2019-3-25 17:25:50 ] [ log ] send mail yljiang4@iflytek.com success
[ 2019-3-25 17:28:17 ] [ log ] send mail yljiang4@iflytek.com success
[ 2019-3-25 17:32:41 ] [ log ] send mail yljiang4@iflytek.com success
[ 2019-3-25 17:34:14 ] [ error ] Unexpected token :
[ 2019-3-25 17:35:15 ] [ error ] Unexpected token :
[ 2019-3-25 17:35:51 ] [ log ] send mail yljiang4@iflytek.com success
[ 2019-3-25 17:36:01 ] [ error ] Unexpected token :
[ 2019-3-25 17:36:25 ] [ error ] Unexpected token :
[ 2019-3-25 17:40:14 ] [ log ] send mail yljiang4@iflytek.com success
[ 2019-3-25 17:42:39 ] [ log ] send mail yljiang4@iflytek.com success
[ 2019-3-26 09:38:05 ] [ log ] send mail zeal_free@sina.com success
[ 2019-3-26 13:32:27 ] [ error ] send mail  error,No recipients defined
[ 2019-3-26 14:55:44 ] [ log ] send mail macd@lezhixing.com.cn success
[ 2019-3-26 17:12:57 ] [ error ] send mail  error,No recipients defined
[ 2019-3-27 09:42:56 ] [ error ] send mail  error,No recipients defined
[ 2019-3-27 09:46:44 ] [ error ] send mail  error,No recipients defined
[ 2019-3-27 09:49:09 ] [ error ] send mail  error,No recipients defined
[ 2019-3-27 09:49:23 ] [ error ] send mail  error,No recipients defined
[ 2019-3-27 11:26:17 ] [ error ] send mail  error,No recipients defined
[ 2019-3-27 13:17:55 ] [ error ] send mail  error,No recipients defined
[ 2019-3-27 13:52:59 ] [ error ] send mail  error,No recipients defined
[ 2019-3-27 13:53:06 ] [ error ] send mail  error,No recipients defined
[ 2019-3-27 13:55:03 ] [ error ] send mail  error,No recipients defined
[ 2019-3-27 14:12:48 ] [ error ] send mail  error,No recipients defined
[ 2019-3-27 14:12:57 ] [ error ] send mail  error,No recipients defined
[ 2019-3-27 14:13:19 ] [ error ] send mail  error,No recipients defined
[ 2019-3-27 14:15:23 ] [ error ] send mail  error,No recipients defined
[ 2019-3-27 14:16:36 ] [ error ] send mail  error,No recipients defined
[ 2019-3-27 14:16:50 ] [ error ] send mail  error,No recipients defined
[ 2019-3-27 14:17:01 ] [ error ] send mail  error,No recipients defined
[ 2019-3-27 14:17:13 ] [ error ] send mail  error,No recipients defined
[ 2019-3-27 14:19:13 ] [ error ] send mail  error,No recipients defined
[ 2019-3-27 14:19:13 ] [ error ] send mail  error,No recipients defined
[ 2019-3-27 14:19:20 ] [ error ] send mail  error,No recipients defined
[ 2019-3-28 17:16:40 ] [ log ] send mail leixinliang@lezhixing.com.cn,zhoujie@lezhixing.com.cn,zengjun@lezhixing.com.cn success
[ 2019-3-28 17:17:12 ] [ log ] send mail leixinliang@lezhixing.com.cn,zhoujie@lezhixing.com.cn,zengjun@lezhixing.com.cn success
[ 2019-3-28 17:17:56 ] [ log ] send mail leixinliang@lezhixing.com.cn,zhoujie@lezhixing.com.cn,zengjun@lezhixing.com.cn success
[ 2019-3-28 19:16:20 ] [ error ] send mail  error,No recipients defined
[ 2019-3-28 19:17:35 ] [ error ] send mail  error,No recipients defined
[ 2019-3-28 19:21:20 ] [ error ] send mail  error,No recipients defined
[ 2019-3-28 19:21:27 ] [ error ] send mail  error,No recipients defined
[ 2019-3-28 19:23:26 ] [ error ] send mail  error,No recipients defined
[ 2019-3-29 08:55:16 ] [ error ] send mail  error,Greeting never received
[ 2019-3-29 08:58:01 ] [ error ] send mail  error,Greeting never received
[ 2019-3-29 08:58:42 ] [ error ] send mail  error,Greeting never received
[ 2019-3-29 09:06:27 ] [ error ] send mail  error,Greeting never received
[ 2019-3-29 09:07:39 ] [ error ] send mail  error,Greeting never received
[ 2019-3-29 09:08:20 ] [ error ] send mail  error,Greeting never received
[ 2019-3-29 09:08:44 ] [ error ] send mail  error,Greeting never received
[ 2019-3-29 09:10:46 ] [ error ] send mail  error,No recipients defined
[ 2019-3-29 09:10:56 ] [ error ] send mail  error,Greeting never received
[ 2019-3-29 09:15:23 ] [ error ] send mail  error,No recipients defined
[ 2019-3-29 09:16:59 ] [ error ] send mail  error,Greeting never received
[ 2019-3-29 09:17:41 ] [ error ] send mail  error,No recipients defined
[ 2019-3-29 09:40:11 ] [ error ] send mail  error,Greeting never received
[ 2019-3-29 09:40:21 ] [ error ] send mail  error,No recipients defined
[ 2019-3-29 09:41:16 ] [ error ] send mail  error,No recipients defined
[ 2019-3-29 09:41:27 ] [ error ] send mail  error,No recipients defined
[ 2019-3-29 09:51:16 ] [ error ] send mail  error,No recipients defined
[ 2019-3-29 09:51:35 ] [ error ] send mail  error,No recipients defined
[ 2019-3-29 10:13:10 ] [ error ] send mail  error,No recipients defined
[ 2019-3-29 10:13:15 ] [ error ] send mail  error,Greeting never received
[ 2019-3-29 14:18:59 ] [ error ] send mail  error,No recipients defined
[ 2019-3-29 14:34:11 ] [ error ] send mail  error,No recipients defined
[ 2019-3-29 14:44:10 ] [ log ] send mail sczhang@iflytek.com success
[ 2019-3-29 14:54:51 ] [ log ] send mail sczhang@iflytek.com success
[ 2019-3-29 14:54:58 ] [ log ] send mail sczhang@iflytek.com success
[ 2019-3-29 14:55:43 ] [ log ] send mail sczhang@iflytek.com success
[ 2019-3-29 14:56:17 ] [ log ] send mail sczhang@iflytek.com success
[ 2019-3-29 15:11:21 ] [ error ] send mail  error,No recipients defined
[ 2019-3-29 15:15:05 ] [ error ] send mail  error,No recipients defined
[ 2019-3-29 15:19:11 ] [ error ] send mail  error,No recipients defined
[ 2019-3-29 15:52:34 ] [ error ] send mail  error,No recipients defined
[ 2019-3-29 15:55:00 ] [ error ] send mail  error,No recipients defined
[ 2019-3-29 15:55:18 ] [ error ] send mail  error,No recipients defined
[ 2019-3-29 16:36:24 ] [ error ] send mail  error,No recipients defined
[ 2019-3-29 16:36:31 ] [ error ] send mail  error,No recipients defined
[ 2019-3-29 17:23:07 ] [ error ] send mail  error,No recipients defined
[ 2019-3-29 17:41:02 ] [ log ] send mail houzengshou@lezhixing.com.cn,yljiang4@iflytek.com success
