[ 2019-10-9 09:05:59 ] [ log ] send mail macd@lezhixing.com.cn success
[ 2019-10-9 09:06:30 ] [ log ] send mail macd@lezhixing.com.cn success
[ 2019-10-9 09:08:24 ] [ log ] send mail macd@lezhixing.com.cn success
[ 2019-10-9 09:10:03 ] [ log ] send mail macd@lezhixing.com.cn success
[ 2019-10-9 09:18:16 ] [ log ] send mail macd@lezhixing.com.cn success
[ 2019-10-9 09:19:27 ] [ log ] send mail macd@lezhixing.com.cn success
[ 2019-10-9 09:23:37 ] [ log ] send mail macd@lezhixing.com.cn success
[ 2019-10-9 09:30:29 ] [ log ] send mail macd@lezhixing.com.cn success
[ 2019-10-9 09:36:08 ] [ log ] send mail macd@lezhixing.com.cn success
[ 2019-10-9 09:39:16 ] [ log ] send mail macd@lezhixing.com.cn success
[ 2019-10-9 09:40:07 ] [ log ] send mail macd@lezhixing.com.cn success
[ 2019-10-9 09:44:33 ] [ log ] send mail macd@lezhixing.com.cn success
[ 2019-10-9 09:57:01 ] [ log ] send mail macd@lezhixing.com.cn success
[ 2019-10-9 09:58:01 ] [ log ] send mail macd@lezhixing.com.cn success
[ 2019-10-11 15:24:32 ] [ log ] send mail leixinliang@lezhixing.com.cn,zhoujie@lezhixing.com.cn,yaojianglei@lezhixing.com.cn success
[ 2019-10-11 15:27:43 ] [ error ] send mail  error,No recipients defined
[ 2019-10-11 17:43:07 ] [ log ] send mail leixinliang@lezhixing.com.cn,zhoujie@lezhixing.com.cn,yaojianglei@lezhixing.com.cn success
[ 2019-10-11 17:48:42 ] [ log ] send mail leixinliang@lezhixing.com.cn,zhoujie@lezhixing.com.cn,yaojianglei@lezhixing.com.cn success
[ 2019-10-11 18:00:03 ] [ log ] send mail leixinliang@lezhixing.com.cn,zhoujie@lezhixing.com.cn,yaojianglei@lezhixing.com.cn success
[ 2019-10-14 17:01:48 ] [ log ] send mail leixinliang@lezhixing.com.cn,zhoujie@lezhixing.com.cn,yaojianglei@lezhixing.com.cn success
[ 2019-10-14 17:04:08 ] [ log ] send mail leixinliang@lezhixing.com.cn,zhoujie@lezhixing.com.cn,yaojianglei@lezhixing.com.cn success
[ 2019-10-14 17:05:25 ] [ log ] send mail leixinliang@lezhixing.com.cn,zhoujie@lezhixing.com.cn,yaojianglei@lezhixing.com.cn success
[ 2019-10-14 17:18:14 ] [ log ] send mail leixinliang@lezhixing.com.cn,zhoujie@lezhixing.com.cn,yaojianglei@lezhixing.com.cn success
[ 2019-10-14 18:09:56 ] [ log ] send mail leixinliang@lezhixing.com.cn,zhoujie@lezhixing.com.cn,yaojianglei@lezhixing.com.cn success
[ 2019-10-15 10:35:51 ] [ error ] send mail  error,No recipients defined
[ 2019-10-15 10:37:39 ] [ error ] send mail  error,No recipients defined
[ 2019-10-15 11:32:41 ] [ log ] send mail macd@lezhixing.com.cn,libowen@lezhixing.com.cn success
[ 2019-10-15 11:35:55 ] [ log ] send mail macd@lezhixing.com.cn,libowen@lezhixing.com.cn success
[ 2019-10-15 11:37:15 ] [ log ] send mail macd@lezhixing.com.cn,libowen@lezhixing.com.cn success
[ 2019-10-15 11:37:47 ] [ log ] send mail macd@lezhixing.com.cn,libowen@lezhixing.com.cn success
[ 2019-10-15 11:38:30 ] [ log ] send mail macd@lezhixing.com.cn,libowen@lezhixing.com.cn success
[ 2019-10-15 11:38:47 ] [ log ] send mail macd@lezhixing.com.cn,libowen@lezhixing.com.cn success
[ 2019-10-15 11:39:11 ] [ log ] send mail macd@lezhixing.com.cn,libowen@lezhixing.com.cn success
[ 2019-10-15 11:39:38 ] [ log ] send mail macd@lezhixing.com.cn,libowen@lezhixing.com.cn success
[ 2019-10-15 11:39:56 ] [ log ] send mail macd@lezhixing.com.cn,libowen@lezhixing.com.cn success
[ 2019-10-15 11:42:38 ] [ log ] send mail macd@lezhixing.com.cn,libowen@lezhixing.com.cn success
[ 2019-10-15 13:42:06 ] [ log ] send mail macd@lezhixing.com.cn,libowen@lezhixing.com.cn success
[ 2019-10-15 13:42:43 ] [ log ] send mail macd@lezhixing.com.cn,libowen@lezhixing.com.cn success
[ 2019-10-15 13:48:58 ] [ log ] send mail macd@lezhixing.com.cn,libowen@lezhixing.com.cn success
[ 2019-10-15 13:49:18 ] [ log ] send mail macd@lezhixing.com.cn,libowen@lezhixing.com.cn success
[ 2019-10-15 13:49:21 ] [ log ] send mail macd@lezhixing.com.cn,libowen@lezhixing.com.cn success
[ 2019-10-15 13:49:30 ] [ log ] send mail macd@lezhixing.com.cn,libowen@lezhixing.com.cn success
[ 2019-10-15 13:50:15 ] [ log ] send mail macd@lezhixing.com.cn,libowen@lezhixing.com.cn success
[ 2019-10-16 08:27:04 ] [ error ] send mail  error,No recipients defined
[ 2019-10-16 15:45:18 ] [ error ] send mail  error,No recipients defined
[ 2019-10-16 15:52:41 ] [ error ] send mail  error,No recipients defined
[ 2019-10-16 15:53:06 ] [ error ] send mail  error,No recipients defined
[ 2019-10-16 15:57:05 ] [ error ] send mail  error,No recipients defined
[ 2019-10-17 10:24:46 ] [ error ] send mail  error,No recipients defined
[ 2019-10-17 11:40:23 ] [ error ] send mail  error,No recipients defined
[ 2019-10-17 16:01:54 ] [ log ] send mail mengzhaoqiang@lezhixing.com.cn,zhangpei@lezhixing.com.cn,zhangandi@lezhixing.com.cn success
[ 2019-10-23 11:26:19 ] [ log ] send mail mengzhaoqiang@lezhixing.com.cn,zhangpei@lezhixing.com.cn,zhangandi@lezhixing.com.cn success
[ 2019-10-23 11:27:31 ] [ log ] send mail mengzhaoqiang@lezhixing.com.cn,zhangpei@lezhixing.com.cn,zhangandi@lezhixing.com.cn success
[ 2019-10-23 11:30:41 ] [ log ] send mail mengzhaoqiang@lezhixing.com.cn,zhangpei@lezhixing.com.cn,zhangandi@lezhixing.com.cn success
[ 2019-10-23 11:33:22 ] [ log ] send mail mengzhaoqiang@lezhixing.com.cn,zhangpei@lezhixing.com.cn,zhangandi@lezhixing.com.cn success
[ 2019-10-23 11:38:07 ] [ log ] send mail mengzhaoqiang@lezhixing.com.cn,zhangpei@lezhixing.com.cn,zhangandi@lezhixing.com.cn success
[ 2019-10-23 13:35:39 ] [ log ] send mail mengzhaoqiang@lezhixing.com.cn,zhangpei@lezhixing.com.cn,zhangandi@lezhixing.com.cn success
[ 2019-10-23 13:36:30 ] [ log ] send mail mengzhaoqiang@lezhixing.com.cn,zhangpei@lezhixing.com.cn,zhangandi@lezhixing.com.cn success
[ 2019-10-23 13:41:31 ] [ log ] send mail mengzhaoqiang@lezhixing.com.cn,zhangpei@lezhixing.com.cn,zhangandi@lezhixing.com.cn success
[ 2019-10-28 09:45:45 ] [ log ] send mail wangziqi@lezhixing.com.cn success
[ 2019-10-30 11:27:17 ] [ log ] send mail leixinliang@lezhixing.com.cn,zhoujie@lezhixing.com.cn,yaojianglei@lezhixing.com.cn success
[ 2019-10-30 14:07:40 ] [ error ] send mail  error,No recipients defined
[ 2019-10-30 14:11:09 ] [ error ] send mail  error,No recipients defined
[ 2019-10-30 14:11:28 ] [ error ] send mail  error,No recipients defined
[ 2019-10-30 14:11:50 ] [ error ] send mail  error,No recipients defined
[ 2019-10-30 14:12:08 ] [ error ] send mail  error,No recipients defined
[ 2019-10-30 14:53:54 ] [ error ] send mail  error,No recipients defined
[ 2019-10-30 15:05:38 ] [ error ] send mail  error,No recipients defined
[ 2019-10-30 15:06:21 ] [ error ] send mail  error,No recipients defined
[ 2019-10-30 15:15:50 ] [ error ] send mail  error,No recipients defined
[ 2019-10-30 15:29:48 ] [ error ] send mail  error,No recipients defined
[ 2019-10-30 15:31:03 ] [ error ] send mail  error,No recipients defined
[ 2019-10-30 15:31:15 ] [ error ] send mail  error,No recipients defined
[ 2019-10-30 15:32:29 ] [ error ] send mail  error,No recipients defined
[ 2019-10-30 15:33:03 ] [ error ] send mail  error,No recipients defined
[ 2019-10-30 15:38:00 ] [ error ] send mail  error,No recipients defined
[ 2019-10-30 15:38:37 ] [ error ] send mail  error,No recipients defined
[ 2019-10-30 15:40:43 ] [ error ] send mail  error,No recipients defined
[ 2019-10-30 15:43:06 ] [ error ] send mail  error,No recipients defined
[ 2019-10-30 15:43:14 ] [ error ] send mail  error,No recipients defined
[ 2019-10-30 15:46:27 ] [ error ] send mail  error,No recipients defined
[ 2019-10-30 15:48:29 ] [ error ] send mail  error,No recipients defined
[ 2019-10-30 15:50:11 ] [ error ] send mail  error,No recipients defined
[ 2019-10-30 15:50:48 ] [ error ] send mail  error,No recipients defined
[ 2019-10-30 15:56:13 ] [ error ] send mail  error,No recipients defined
[ 2019-10-30 15:56:25 ] [ error ] send mail  error,No recipients defined
[ 2019-10-30 15:56:42 ] [ error ] send mail  error,No recipients defined
[ 2019-10-30 15:56:54 ] [ error ] send mail  error,No recipients defined
[ 2019-10-30 15:58:38 ] [ error ] send mail  error,No recipients defined
[ 2019-10-30 16:01:25 ] [ error ] send mail  error,No recipients defined
[ 2019-10-30 16:02:21 ] [ error ] send mail  error,No recipients defined
[ 2019-10-30 16:02:52 ] [ error ] send mail  error,No recipients defined
[ 2019-10-30 16:03:24 ] [ error ] send mail  error,No recipients defined
[ 2019-10-30 16:26:40 ] [ error ] send mail  error,No recipients defined
[ 2019-10-31 16:05:39 ] [ error ] send mail  error,No recipients defined
[ 2019-10-31 16:06:13 ] [ error ] send mail  error,No recipients defined
[ 2019-10-31 16:07:01 ] [ error ] send mail  error,No recipients defined
[ 2019-10-31 19:38:37 ] [ error ] send mail  error,No recipients defined
[ 2019-10-31 19:38:44 ] [ error ] send mail  error,No recipients defined
