[ 2019-4-1 09:14:36 ] [ error ] send mail  error,Greeting never received
[ 2019-4-1 11:26:31 ] [ log ] send mail zxhuang2@iflytek.com success
[ 2019-4-1 11:28:39 ] [ log ] send mail wangxianyu@lezhixing.com.cn success
[ 2019-4-1 17:11:59 ] [ log ] send mail zhangpei@lezhixing.com.cn success
[ 2019-4-1 17:34:48 ] [ log ] send mail wangze@lezhixing.com.cn,zhangpei@lezhixing.com.cn,zengjun@lezhixing.com.cn success
[ 2019-4-2 16:13:09 ] [ log ] send mail zhangpei@lezhixing.com.cn success
[ 2019-4-2 16:19:55 ] [ log ] send mail zhangpei@lezhixing.com.cn success
[ 2019-4-2 16:21:16 ] [ log ] send mail zhangpei@lezhixing.com.cn success
[ 2019-4-2 16:21:54 ] [ log ] send mail zhangpei@lezhixing.com.cn success
[ 2019-4-2 16:28:54 ] [ log ] send mail zhangpei@lezhixing.com.cn success
[ 2019-4-2 16:29:03 ] [ log ] send mail zhangpei@lezhixing.com.cn success
[ 2019-4-2 17:20:29 ] [ error ] send mail  error,No recipients defined
[ 2019-4-2 17:21:23 ] [ error ] send mail  error,No recipients defined
[ 2019-4-2 19:21:48 ] [ error ] send mail  error,No recipients defined
[ 2019-4-2 19:22:24 ] [ error ] send mail  error,No recipients defined
[ 2019-4-2 20:26:36 ] [ log ] send mail leixinliang@lezhixing.com.cn,zhoujie@lezhixing.com.cn,zengjun@lezhixing.com.cn success
[ 2019-4-3 09:20:56 ] [ error ] send mail  error,No recipients defined
[ 2019-4-3 09:23:53 ] [ error ] send mail  error,Greeting never received
[ 2019-4-3 09:24:15 ] [ error ] send mail  error,No recipients defined
[ 2019-4-3 09:24:28 ] [ error ] send mail  error,No recipients defined
[ 2019-4-3 11:34:57 ] [ log ] send mail leixinliang@lezhixing.com.cn,zhoujie@lezhixing.com.cn,zengjun@lezhixing.com.cn success
[ 2019-4-3 14:04:47 ] [ error ] send mail  error,No recipients defined
[ 2019-4-3 14:04:49 ] [ error ] send mail  error,No recipients defined
[ 2019-4-4 15:07:53 ] [ error ] send mail  error,No recipients defined
[ 2019-4-4 15:07:59 ] [ error ] send mail  error,Greeting never received
[ 2019-4-4 15:39:05 ] [ log ] send mail wangxianyu@lezhixing.com.cn success
[ 2019-4-4 15:39:49 ] [ log ] send mail wangxianyu@lezhixing.com.cn success
[ 2019-4-4 15:48:22 ] [ log ] send mail wangxianyu@lezhixing.com.cn success
[ 2019-4-4 15:58:54 ] [ log ] send mail wangxianyu@lezhixing.com.cn success
[ 2019-4-4 16:04:48 ] [ log ] send mail wangxianyu@lezhixing.com.cn success
[ 2019-4-8 10:22:11 ] [ error ] send mail  error,No recipients defined
[ 2019-4-8 10:27:01 ] [ error ] send mail  error,No recipients defined
[ 2019-4-8 11:05:53 ] [ error ] send mail  error,No recipients defined
[ 2019-4-8 15:19:50 ] [ error ] send mail  error,No recipients defined
[ 2019-4-8 15:20:58 ] [ error ] send mail  error,No recipients defined
[ 2019-4-8 17:23:49 ] [ error ] send mail  error,No recipients defined
[ 2019-4-9 14:19:47 ] [ error ] send mail  error,No recipients defined
[ 2019-4-9 14:20:22 ] [ error ] send mail  error,No recipients defined
[ 2019-4-9 14:20:35 ] [ error ] send mail  error,No recipients defined
[ 2019-4-9 14:27:22 ] [ error ] send mail  error,No recipients defined
[ 2019-4-9 14:28:56 ] [ error ] send mail  error,No recipients defined
[ 2019-4-9 14:30:14 ] [ error ] send mail  error,No recipients defined
[ 2019-4-9 14:35:16 ] [ error ] send mail  error,No recipients defined
[ 2019-4-9 15:34:33 ] [ error ] send mail  error,No recipients defined
[ 2019-4-9 17:03:38 ] [ error ] send mail  error,No recipients defined
[ 2019-4-9 17:05:34 ] [ error ] send mail  error,No recipients defined
[ 2019-4-9 17:08:23 ] [ error ] send mail  error,No recipients defined
[ 2019-4-9 17:09:02 ] [ error ] send mail  error,No recipients defined
[ 2019-4-9 19:08:33 ] [ error ] send mail  error,No recipients defined
[ 2019-4-9 19:27:11 ] [ error ] send mail  error,No recipients defined
[ 2019-4-9 19:27:55 ] [ error ] send mail  error,No recipients defined
[ 2019-4-9 19:37:46 ] [ error ] send mail  error,No recipients defined
[ 2019-4-9 19:41:01 ] [ error ] send mail  error,No recipients defined
[ 2019-4-10 11:26:47 ] [ error ] send mail  error,No recipients defined
[ 2019-4-10 11:27:19 ] [ error ] send mail  error,No recipients defined
[ 2019-4-10 13:35:29 ] [ error ] send mail  error,No recipients defined
[ 2019-4-10 13:38:50 ] [ error ] send mail  error,No recipients defined
[ 2019-4-10 13:41:41 ] [ error ] send mail  error,No recipients defined
[ 2019-4-10 13:54:23 ] [ error ] send mail  error,No recipients defined
[ 2019-4-10 14:03:53 ] [ error ] send mail  error,No recipients defined
[ 2019-4-10 14:04:32 ] [ error ] send mail  error,No recipients defined
[ 2019-4-10 14:05:05 ] [ error ] send mail  error,No recipients defined
[ 2019-4-10 14:05:14 ] [ error ] send mail  error,No recipients defined
[ 2019-4-10 14:05:20 ] [ error ] send mail  error,No recipients defined
[ 2019-4-10 14:07:05 ] [ error ] send mail  error,No recipients defined
[ 2019-4-10 14:07:11 ] [ error ] send mail  error,No recipients defined
[ 2019-4-10 14:07:19 ] [ error ] send mail  error,No recipients defined
[ 2019-4-10 14:09:44 ] [ error ] send mail  error,No recipients defined
[ 2019-4-10 14:25:53 ] [ error ] send mail  error,No recipients defined
[ 2019-4-10 14:26:15 ] [ error ] send mail  error,No recipients defined
[ 2019-4-10 14:26:54 ] [ error ] send mail  error,No recipients defined
[ 2019-4-10 14:27:09 ] [ error ] send mail  error,No recipients defined
[ 2019-4-11 11:19:09 ] [ error ] send mail  error,No recipients defined
[ 2019-4-11 11:20:35 ] [ error ] send mail  error,No recipients defined
[ 2019-4-11 15:50:43 ] [ error ] send mail  error,No recipients defined
[ 2019-4-11 16:27:48 ] [ error ] send mail  error,No recipients defined
[ 2019-4-11 16:29:51 ] [ error ] send mail  error,No recipients defined
[ 2019-4-11 17:19:39 ] [ log ] send mail sczhang@iflytek.com success
[ 2019-4-11 17:19:47 ] [ log ] send mail sczhang@iflytek.com success
[ 2019-4-11 17:53:34 ] [ log ] send mail sczhang@iflytek.com success
[ 2019-4-11 18:52:56 ] [ error ] send mail  error,No recipients defined
[ 2019-4-11 19:08:42 ] [ error ] send mail  error,No recipients defined
[ 2019-4-11 19:11:52 ] [ error ] send mail  error,No recipients defined
[ 2019-4-11 19:12:01 ] [ error ] send mail  error,Greeting never received
[ 2019-4-11 19:14:56 ] [ error ] send mail  error,Greeting never received
[ 2019-4-11 19:17:53 ] [ error ] send mail  error,No recipients defined
[ 2019-4-11 19:26:16 ] [ error ] send mail  error,No recipients defined
[ 2019-4-12 10:01:56 ] [ error ] send mail  error,No recipients defined
[ 2019-4-12 10:03:56 ] [ error ] send mail  error,No recipients defined
[ 2019-4-12 10:04:26 ] [ error ] send mail  error,No recipients defined
[ 2019-4-12 10:05:18 ] [ error ] send mail  error,No recipients defined
[ 2019-4-12 10:06:46 ] [ error ] send mail  error,No recipients defined
[ 2019-4-12 10:07:22 ] [ error ] send mail  error,No recipients defined
[ 2019-4-12 10:07:54 ] [ error ] send mail  error,No recipients defined
[ 2019-4-12 10:08:37 ] [ error ] send mail  error,No recipients defined
[ 2019-4-12 10:08:58 ] [ error ] send mail  error,No recipients defined
[ 2019-4-12 10:09:54 ] [ error ] send mail  error,No recipients defined
[ 2019-4-12 10:10:31 ] [ error ] send mail  error,No recipients defined
[ 2019-4-12 10:10:35 ] [ error ] send mail  error,No recipients defined
[ 2019-4-12 10:15:34 ] [ error ] send mail  error,No recipients defined
[ 2019-4-12 10:15:56 ] [ error ] send mail  error,No recipients defined
[ 2019-4-12 10:16:05 ] [ error ] send mail  error,No recipients defined
[ 2019-4-12 13:17:43 ] [ error ] send mail  error,No recipients defined
[ 2019-4-12 13:18:44 ] [ error ] send mail  error,No recipients defined
[ 2019-4-12 13:43:21 ] [ error ] send mail  error,No recipients defined
[ 2019-4-12 13:44:24 ] [ error ] send mail  error,No recipients defined
[ 2019-4-12 13:45:32 ] [ error ] send mail  error,No recipients defined
[ 2019-4-12 14:08:03 ] [ error ] send mail  error,No recipients defined
[ 2019-4-12 14:08:34 ] [ error ] send mail  error,No recipients defined
[ 2019-4-12 14:12:03 ] [ error ] send mail  error,No recipients defined
[ 2019-4-12 14:13:11 ] [ error ] send mail  error,No recipients defined
[ 2019-4-12 15:09:59 ] [ error ] send mail  error,No recipients defined
[ 2019-4-12 15:26:45 ] [ error ] send mail  error,No recipients defined
[ 2019-4-12 16:31:33 ] [ error ] send mail  error,No recipients defined
[ 2019-4-13 14:40:08 ] [ error ] send mail  error,No recipients defined
[ 2019-4-13 15:12:32 ] [ error ] send mail  error,No recipients defined
[ 2019-4-13 17:15:02 ] [ error ] send mail  error,No recipients defined
[ 2019-4-13 17:24:20 ] [ error ] send mail  error,No recipients defined
[ 2019-4-13 17:27:26 ] [ error ] send mail  error,No recipients defined
[ 2019-4-13 20:04:47 ] [ error ] send mail  error,No recipients defined
[ 2019-4-15 16:11:17 ] [ error ] send mail  error,No recipients defined
[ 2019-4-15 16:12:49 ] [ error ] send mail  error,No recipients defined
[ 2019-4-15 16:44:58 ] [ error ] send mail  error,No recipients defined
[ 2019-4-15 16:45:23 ] [ error ] send mail  error,No recipients defined
[ 2019-4-15 16:45:58 ] [ error ] send mail  error,No recipients defined
[ 2019-4-15 17:33:37 ] [ error ] send mail  error,No recipients defined
[ 2019-4-15 18:08:39 ] [ error ] send mail  error,No recipients defined
[ 2019-4-15 18:13:20 ] [ error ] send mail  error,No recipients defined
[ 2019-4-15 18:54:23 ] [ log ] send mail leixinliang@lezhixing.com.cn,zhoujie@lezhixing.com.cn,zengjun@lezhixing.com.cn success
[ 2019-4-16 10:20:44 ] [ error ] send mail  error,No recipients defined
[ 2019-4-16 13:49:42 ] [ error ] send mail  error,No recipients defined
[ 2019-4-17 09:38:41 ] [ error ] send mail  error,No recipients defined
[ 2019-4-17 09:39:40 ] [ error ] send mail  error,No recipients defined
[ 2019-4-17 10:08:24 ] [ error ] send mail  error,No recipients defined
[ 2019-4-17 10:08:36 ] [ error ] send mail  error,No recipients defined
[ 2019-4-17 10:10:34 ] [ error ] send mail  error,No recipients defined
[ 2019-4-17 10:10:36 ] [ error ] send mail  error,No recipients defined
[ 2019-4-17 10:51:58 ] [ log ] send mail bsluo@iflytek.com success
[ 2019-4-17 14:13:01 ] [ error ] send mail  error,No recipients defined
[ 2019-4-17 14:13:29 ] [ error ] send mail  error,No recipients defined
[ 2019-4-17 14:13:44 ] [ error ] send mail  error,No recipients defined
[ 2019-4-17 14:13:53 ] [ error ] send mail  error,No recipients defined
[ 2019-4-18 11:02:35 ] [ error ] send mail  error,No recipients defined
[ 2019-4-18 15:51:54 ] [ error ] send mail  error,No recipients defined
[ 2019-4-18 19:28:04 ] [ error ] send mail  error,No recipients defined
[ 2019-4-18 19:57:01 ] [ error ] send mail  error,No recipients defined
[ 2019-4-19 09:47:45 ] [ log ] send mail wangyu@lezhixing.com.cn,yuanjiefeng@lezhixing.com.cn success
[ 2019-4-19 09:48:56 ] [ log ] send mail wangyu@lezhixing.com.cn,yuanjiefeng@lezhixing.com.cn success
[ 2019-4-19 09:51:15 ] [ log ] send mail wangyu@lezhixing.com.cn,yuanjiefeng@lezhixing.com.cn success
[ 2019-4-19 10:06:21 ] [ log ] send mail wangyu@lezhixing.com.cn,yuanjiefeng@lezhixing.com.cn success
[ 2019-4-19 10:08:13 ] [ log ] send mail wangyu@lezhixing.com.cn,yuanjiefeng@lezhixing.com.cn success
[ 2019-4-19 10:18:49 ] [ error ] send mail  error,No recipients defined
[ 2019-4-19 10:21:35 ] [ error ] send mail  error,No recipients defined
[ 2019-4-19 10:23:01 ] [ error ] send mail  error,No recipients defined
[ 2019-4-19 10:34:13 ] [ error ] send mail  error,No recipients defined
[ 2019-4-19 10:37:50 ] [ error ] send mail  error,No recipients defined
[ 2019-4-19 10:41:36 ] [ error ] send mail  error,No recipients defined
[ 2019-4-19 10:54:36 ] [ error ] send mail  error,No recipients defined
[ 2019-4-19 10:55:11 ] [ error ] send mail  error,No recipients defined
[ 2019-4-19 10:55:14 ] [ error ] send mail  error,No recipients defined
[ 2019-4-19 10:55:37 ] [ error ] send mail  error,No recipients defined
[ 2019-4-19 10:55:44 ] [ error ] send mail  error,No recipients defined
[ 2019-4-19 13:41:15 ] [ error ] send mail  error,No recipients defined
[ 2019-4-19 14:16:37 ] [ error ] send mail  error,No recipients defined
[ 2019-4-19 14:19:01 ] [ error ] send mail  error,No recipients defined
[ 2019-4-19 14:24:19 ] [ error ] send mail  error,No recipients defined
[ 2019-4-19 14:24:24 ] [ error ] send mail  error,No recipients defined
[ 2019-4-19 14:26:35 ] [ error ] send mail  error,No recipients defined
[ 2019-4-19 14:57:22 ] [ error ] send mail  error,No recipients defined
[ 2019-4-22 09:03:08 ] [ error ] send mail  error,No recipients defined
[ 2019-4-22 09:09:41 ] [ error ] send mail  error,No recipients defined
[ 2019-4-22 09:10:43 ] [ error ] send mail  error,No recipients defined
[ 2019-4-22 15:07:52 ] [ log ] send mail gaoxinxin@lezhixing.com.cn,zhangpei@lezhixing.com.cn,zengjun@lezhixing.com.cn success
[ 2019-4-23 09:42:50 ] [ error ] send mail  error,No recipients defined
[ 2019-4-23 09:52:17 ] [ error ] send mail  error,No recipients defined
[ 2019-4-23 10:44:13 ] [ error ] send mail  error,No recipients defined
[ 2019-4-23 10:48:22 ] [ error ] send mail  error,No recipients defined
[ 2019-4-23 10:50:14 ] [ error ] send mail  error,No recipients defined
[ 2019-4-23 10:50:23 ] [ error ] send mail  error,No recipients defined
[ 2019-4-23 11:35:01 ] [ log ] send mail sczhang@iflytek.com success
[ 2019-4-23 13:23:42 ] [ error ] send mail sczhang@iflytek.com error,Greeting never received
[ 2019-4-23 13:32:43 ] [ error ] send mail  error,No recipients defined
[ 2019-4-23 13:32:49 ] [ error ] send mail  error,No recipients defined
[ 2019-4-23 13:43:45 ] [ error ] send mail  error,No recipients defined
[ 2019-4-23 13:49:29 ] [ error ] send mail  error,No recipients defined
[ 2019-4-23 16:13:12 ] [ error ] send mail  error,No recipients defined
[ 2019-4-23 22:04:11 ] [ error ] send mail  error,No recipients defined
[ 2019-4-23 22:05:14 ] [ error ] send mail  error,No recipients defined
[ 2019-4-24 13:35:22 ] [ error ] send mail  error,No recipients defined
[ 2019-4-24 13:49:25 ] [ error ] send mail  error,No recipients defined
[ 2019-4-24 15:02:43 ] [ error ] send mail  error,No recipients defined
[ 2019-4-24 15:03:42 ] [ error ] send mail  error,No recipients defined
[ 2019-4-24 15:31:48 ] [ error ] send mail  error,No recipients defined
[ 2019-4-25 09:09:14 ] [ log ] send mail gaoxinxin@lezhixing.com.cn,mengzhaoqiang@lezhixing.com.cn,zhangpei@lezhixing.com.cn,zengjun@lezhixing.com.cn success
[ 2019-4-25 11:10:23 ] [ log ] send mail yljiang4@iflytek.com,zxhuang2@iflytek.com success
[ 2019-4-26 10:47:15 ] [ log ] send mail lixiaohui@lezhixing.com.cn success
[ 2019-4-26 10:48:04 ] [ log ] send mail lixiaohui@lezhixing.com.cn success
[ 2019-4-26 10:49:13 ] [ log ] send mail lixiaohui@lezhixing.com.cn success
[ 2019-4-26 11:10:49 ] [ log ] send mail lixiaohui@lezhixing.com.cn success
[ 2019-4-26 11:11:53 ] [ log ] send mail libowen@lezhixing.com.cn success
[ 2019-4-26 11:18:35 ] [ log ] send mail lixiaohui@lezhixing.com.cn success
[ 2019-4-26 11:27:26 ] [ log ] send mail lixiaohui@lezhixing.com.cn success
[ 2019-4-28 10:22:11 ] [ log ] send mail gaoxinxin@lezhixing.com.cn,mengzhaoqiang@lezhixing.com.cn,zhangpei@lezhixing.com.cn,zengjun@lezhixing.com.cn success
[ 2019-4-28 10:31:03 ] [ log ] send mail gaoxinxin@lezhixing.com.cn,mengzhaoqiang@lezhixing.com.cn,zhangpei@lezhixing.com.cn,zengjun@lezhixing.com.cn success
[ 2019-4-28 10:31:58 ] [ log ] send mail gaoxinxin@lezhixing.com.cn,mengzhaoqiang@lezhixing.com.cn,zhangpei@lezhixing.com.cn,zengjun@lezhixing.com.cn success
[ 2019-4-28 13:35:20 ] [ log ] send mail lixiaohui@lezhixing.com.cn success
[ 2019-4-28 13:35:40 ] [ log ] send mail lixiaohui@lezhixing.com.cn success
[ 2019-4-28 13:36:24 ] [ log ] send mail lixiaohui@lezhixing.com.cn success
[ 2019-4-28 13:58:25 ] [ log ] send mail lixiaohui@lezhixing.com.cn success
[ 2019-4-28 18:07:43 ] [ log ] send mail wanxing@lezhixing.com.cn success
[ 2019-4-28 18:12:39 ] [ log ] send mail wanxing@lezhixing.com.cn success
[ 2019-4-28 18:12:55 ] [ log ] send mail wanxing@lezhixing.com.cn success
[ 2019-4-28 18:23:04 ] [ log ] send mail wanxing@lezhixing.com.cn success
[ 2019-4-28 18:23:54 ] [ log ] send mail wanxing@lezhixing.com.cn success
[ 2019-4-28 19:09:20 ] [ log ] send mail wanxing@lezhixing.com.cn success
[ 2019-4-28 19:09:30 ] [ log ] send mail wanxing@lezhixing.com.cn success
[ 2019-4-28 19:11:00 ] [ log ] send mail wanxing@lezhixing.com.cn success
[ 2019-4-28 19:11:28 ] [ log ] send mail wanxing@lezhixing.com.cn success
[ 2019-4-28 19:12:25 ] [ log ] send mail wanxing@lezhixing.com.cn success
[ 2019-4-28 19:13:01 ] [ log ] send mail wanxing@lezhixing.com.cn success
[ 2019-4-28 20:13:18 ] [ log ] send mail wanxing@lezhixing.com.cn success
[ 2019-4-28 20:19:43 ] [ log ] send mail wanxing@lezhixing.com.cn success
[ 2019-4-29 10:52:39 ] [ log ] send mail wanxing@lezhixing.com.cn,zhoudan@lezhixing.com.cn,zhangjingwei@lezhixing.com.cn success
[ 2019-4-29 10:58:22 ] [ log ] send mail wanxing@lezhixing.com.cn,zhoudan@lezhixing.com.cn,zhangjingwei@lezhixing.com.cn success
[ 2019-4-29 13:14:38 ] [ log ] send mail wanxing@lezhixing.com.cn,zhoudan@lezhixing.com.cn,zhangjingwei@lezhixing.com.cn success
[ 2019-4-29 13:54:50 ] [ log ] send mail wanxing@lezhixing.com.cn,zhoudan@lezhixing.com.cn,zhangjingwei@lezhixing.com.cn success
[ 2019-4-29 13:58:38 ] [ log ] send mail wanxing@lezhixing.com.cn,zhoudan@lezhixing.com.cn,zhangjingwei@lezhixing.com.cn success
[ 2019-4-29 13:59:50 ] [ error ] send mail wanxing@lezhixing.com.cn,zhoudan@lezhixing.com.cn,zhangjingwei@lezhixing.com.cn error,Greeting never received
[ 2019-4-29 14:07:19 ] [ log ] send mail wanxing@lezhixing.com.cn,zhoudan@lezhixing.com.cn,zhangjingwei@lezhixing.com.cn success
[ 2019-4-30 16:04:44 ] [ log ] send mail sczhang@iflytek.com success
[ 2019-4-30 16:42:35 ] [ log ] send mail sczhang@iflytek.com success
[ 2019-4-30 16:42:36 ] [ log ] send mail sczhang@iflytek.com success
