[ 2019-7-9 16:26:55 ] [ error ] send mail  error,No recipients defined
[ 2019-7-9 19:00:10 ] [ log ] send mail zengjun@lezhixing.com.cn success
[ 2019-7-9 19:14:28 ] [ log ] send mail zengjun@lezhixing.com.cn success
[ 2019-7-9 19:15:29 ] [ log ] send mail zengjun@lezhixing.com.cn success
[ 2019-7-9 19:15:55 ] [ log ] send mail zengjun@lezhixing.com.cn success
[ 2019-7-9 19:16:10 ] [ log ] send mail zengjun@lezhixing.com.cn success
[ 2019-7-9 19:16:35 ] [ log ] send mail zengjun@lezhixing.com.cn success
[ 2019-7-11 13:39:45 ] [ error ] send mail  error,No recipients defined
[ 2019-7-11 13:41:10 ] [ error ] send mail  error,No recipients defined
[ 2019-7-11 13:49:29 ] [ error ] send mail  error,No recipients defined
[ 2019-7-11 13:49:34 ] [ error ] send mail  error,No recipients defined
[ 2019-7-11 13:52:18 ] [ error ] send mail  error,No recipients defined
[ 2019-7-11 13:57:19 ] [ error ] send mail  error,No recipients defined
[ 2019-7-11 13:57:51 ] [ error ] send mail  error,No recipients defined
[ 2019-7-12 08:54:44 ] [ error ] send mail  error,No recipients defined
[ 2019-7-12 08:59:13 ] [ error ] send mail  error,No recipients defined
[ 2019-7-12 08:59:19 ] [ error ] send mail  error,No recipients defined
[ 2019-7-12 09:02:07 ] [ error ] send mail  error,No recipients defined
[ 2019-7-12 09:05:31 ] [ error ] send mail  error,No recipients defined
[ 2019-7-12 09:05:59 ] [ error ] send mail  error,No recipients defined
[ 2019-7-12 09:09:48 ] [ error ] send mail  error,No recipients defined
[ 2019-7-12 09:10:20 ] [ error ] send mail  error,No recipients defined
[ 2019-7-12 09:10:41 ] [ error ] send mail  error,No recipients defined
[ 2019-7-12 09:12:02 ] [ error ] send mail  error,No recipients defined
[ 2019-7-12 09:16:56 ] [ error ] send mail  error,No recipients defined
[ 2019-7-12 09:23:02 ] [ error ] send mail  error,No recipients defined
[ 2019-7-12 09:23:38 ] [ error ] send mail  error,No recipients defined
[ 2019-7-12 09:25:48 ] [ log ] send mail gaoshanlin@lezhixing.com.cn success
[ 2019-7-12 09:26:10 ] [ log ] send mail gaoshanlin@lezhixing.com.cn success
[ 2019-7-12 09:40:59 ] [ log ] send mail gaoshanlin@lezhixing.com.cn success
[ 2019-7-12 09:41:30 ] [ log ] send mail gaoshanlin@lezhixing.com.cn success
[ 2019-7-12 09:43:42 ] [ log ] send mail gaoshanlin@lezhixing.com.cn success
[ 2019-7-12 09:43:45 ] [ log ] send mail gaoshanlin@lezhixing.com.cn success
[ 2019-7-12 09:53:39 ] [ log ] send mail gaoshanlin@lezhixing.com.cn success
[ 2019-7-12 09:54:31 ] [ log ] send mail gaoshanlin@lezhixing.com.cn success
[ 2019-7-12 09:59:00 ] [ log ] send mail gaoshanlin@lezhixing.com.cn success
[ 2019-7-12 10:01:24 ] [ log ] send mail gaoshanlin@lezhixing.com.cn success
[ 2019-7-12 10:02:45 ] [ log ] send mail gaoshanlin@lezhixing.com.cn success
[ 2019-7-12 10:02:56 ] [ log ] send mail gaoshanlin@lezhixing.com.cn success
[ 2019-7-12 10:07:15 ] [ log ] send mail gaoshanlin@lezhixing.com.cn success
[ 2019-7-12 10:07:45 ] [ log ] send mail gaoshanlin@lezhixing.com.cn success
[ 2019-7-12 10:10:17 ] [ log ] send mail gaoshanlin@lezhixing.com.cn success
[ 2019-7-12 10:10:24 ] [ log ] send mail gaoshanlin@lezhixing.com.cn success
[ 2019-7-12 10:10:42 ] [ error ] send mail  error,No recipients defined
[ 2019-7-12 10:38:51 ] [ error ] send mail  error,No recipients defined
[ 2019-7-12 11:10:06 ] [ error ] send mail  error,No recipients defined
[ 2019-7-12 11:14:47 ] [ error ] send mail  error,No recipients defined
[ 2019-7-12 11:16:30 ] [ error ] send mail  error,No recipients defined
[ 2019-7-12 11:18:21 ] [ error ] send mail  error,No recipients defined
[ 2019-7-12 11:18:47 ] [ error ] send mail  error,No recipients defined
[ 2019-7-12 11:19:01 ] [ error ] send mail  error,No recipients defined
[ 2019-7-12 11:25:09 ] [ error ] send mail  error,No recipients defined
[ 2019-7-12 13:36:54 ] [ error ] send mail  error,No recipients defined
[ 2019-7-12 13:41:10 ] [ log ] send mail gaoshanlin@lezhixing.com.cn success
[ 2019-7-12 13:44:02 ] [ log ] send mail gaoshanlin@lezhixing.com.cn success
[ 2019-7-15 09:54:20 ] [ log ] send mail gaoshanlin@lezhixing.com.cn success
[ 2019-7-15 09:55:21 ] [ log ] send mail gaoshanlin@lezhixing.com.cn success
[ 2019-7-15 09:56:03 ] [ log ] send mail gaoshanlin@lezhixing.com.cn success
[ 2019-7-15 09:56:34 ] [ log ] send mail gaoshanlin@lezhixing.com.cn success
[ 2019-7-15 09:57:12 ] [ log ] send mail gaoshanlin@lezhixing.com.cn success
[ 2019-7-15 10:43:41 ] [ error ] send mail  error,No recipients defined
[ 2019-7-15 10:44:52 ] [ error ] send mail  error,No recipients defined
[ 2019-7-15 10:45:16 ] [ log ] send mail gaoshanlin@lezhixing.com.cn success
[ 2019-7-15 10:48:24 ] [ error ] send mail  error,No recipients defined
[ 2019-7-15 10:48:36 ] [ error ] send mail  error,No recipients defined
[ 2019-7-15 13:30:49 ] [ log ] send mail gaoshanlin@lezhixing.com.cn success
[ 2019-7-15 13:31:35 ] [ log ] send mail gaoshanlin@lezhixing.com.cn success
[ 2019-7-15 14:03:23 ] [ log ] send mail gaoshanlin@lezhixing.com.cn success
[ 2019-7-15 14:03:50 ] [ log ] send mail gaoshanlin@lezhixing.com.cn success
[ 2019-7-15 14:03:54 ] [ log ] send mail gaoshanlin@lezhixing.com.cn success
[ 2019-7-17 14:31:35 ] [ log ] send mail mengzhaoqiang@lezhixing.com.cn,zhangpei@lezhixing.com.cn,zengjun@lezhixing.com.cn success
[ 2019-7-17 17:33:36 ] [ log ] send mail lixiaohui@lezhixing.com.cn success
[ 2019-7-17 17:43:35 ] [ log ] send mail lixiaohui@lezhixing.com.cn success
[ 2019-7-17 20:01:01 ] [ log ] send mail lixiaohui@lezhixing.com.cn success
[ 2019-7-17 20:02:07 ] [ log ] send mail lixiaohui@lezhixing.com.cn success
[ 2019-7-18 09:22:56 ] [ log ] send mail mengzhaoqiang@lezhixing.com.cn,zhangpei@lezhixing.com.cn,zengjun@lezhixing.com.cn success
[ 2019-7-18 15:19:19 ] [ log ] send mail mengzhaoqiang@lezhixing.com.cn,zhangpei@lezhixing.com.cn,zengjun@lezhixing.com.cn success
[ 2019-7-18 16:39:09 ] [ log ] send mail mengzhaoqiang@lezhixing.com.cn,zhangpei@lezhixing.com.cn,zengjun@lezhixing.com.cn success
[ 2019-7-18 16:50:40 ] [ log ] send mail gaoshanlin@lezhixing.com.cn success
[ 2019-7-18 16:50:49 ] [ log ] send mail gaoshanlin@lezhixing.com.cn success
[ 2019-7-19 15:32:36 ] [ log ] send mail mengzhaoqiang@lezhixing.com.cn,zhangpei@lezhixing.com.cn,zengjun@lezhixing.com.cn success
[ 2019-7-19 15:32:47 ] [ log ] send mail mengzhaoqiang@lezhixing.com.cn,zhangpei@lezhixing.com.cn,zengjun@lezhixing.com.cn success
[ 2019-7-23 15:54:24 ] [ log ] send mail mengzhaoqiang@lezhixing.com.cn,zhangpei@lezhixing.com.cn,zengjun@lezhixing.com.cn success
[ 2019-7-25 08:53:54 ] [ log ] send mail gaoxinxin@lezhixing.com.cn,mengzhaoqiang@lezhixing.com.cn,zhangpei@lezhixing.com.cn success
[ 2019-7-25 09:02:52 ] [ log ] send mail gaoxinxin@lezhixing.com.cn,mengzhaoqiang@lezhixing.com.cn,zhangpei@lezhixing.com.cn success
[ 2019-7-25 09:13:56 ] [ log ] send mail gaoxinxin@lezhixing.com.cn,mengzhaoqiang@lezhixing.com.cn,zhangpei@lezhixing.com.cn success
[ 2019-7-25 13:45:36 ] [ log ] send mail gaoxinxin@lezhixing.com.cn,mengzhaoqiang@lezhixing.com.cn,zhangpei@lezhixing.com.cn success
[ 2019-7-25 13:52:34 ] [ log ] send mail gaoxinxin@lezhixing.com.cn,mengzhaoqiang@lezhixing.com.cn,zhangpei@lezhixing.com.cn success
[ 2019-7-25 13:56:14 ] [ log ] send mail gaoxinxin@lezhixing.com.cn,mengzhaoqiang@lezhixing.com.cn,zhangpei@lezhixing.com.cn success
[ 2019-7-25 14:21:33 ] [ log ] send mail gaoxinxin@lezhixing.com.cn,mengzhaoqiang@lezhixing.com.cn,zhangpei@lezhixing.com.cn success
[ 2019-7-25 14:21:36 ] [ log ] send mail gaoxinxin@lezhixing.com.cn,mengzhaoqiang@lezhixing.com.cn,zhangpei@lezhixing.com.cn success
[ 2019-7-25 14:57:40 ] [ log ] send mail gaoxinxin@lezhixing.com.cn,mengzhaoqiang@lezhixing.com.cn,zhangpei@lezhixing.com.cn success
[ 2019-7-25 14:58:53 ] [ log ] send mail gaoxinxin@lezhixing.com.cn,mengzhaoqiang@lezhixing.com.cn,zhangpei@lezhixing.com.cn success
[ 2019-7-25 15:19:20 ] [ log ] send mail gaoxinxin@lezhixing.com.cn,mengzhaoqiang@lezhixing.com.cn,zhangpei@lezhixing.com.cn success
[ 2019-7-25 19:11:55 ] [ log ] send mail gaoxinxin@lezhixing.com.cn,mengzhaoqiang@lezhixing.com.cn,zhangpei@lezhixing.com.cn success
[ 2019-7-26 10:44:30 ] [ log ] send mail gaoxinxin@lezhixing.com.cn,mengzhaoqiang@lezhixing.com.cn,zhangpei@lezhixing.com.cn success
[ 2019-7-26 10:59:21 ] [ log ] send mail gaoxinxin@lezhixing.com.cn,mengzhaoqiang@lezhixing.com.cn,zhangpei@lezhixing.com.cn success
[ 2019-7-29 09:14:00 ] [ log ] send mail 401721841@qq.com success
[ 2019-7-29 14:57:58 ] [ log ] send mail gaoxinxin@lezhixing.com.cn,mengzhaoqiang@lezhixing.com.cn,zhangpei@lezhixing.com.cn success
[ 2019-7-29 15:04:12 ] [ log ] send mail gaoxinxin@lezhixing.com.cn,mengzhaoqiang@lezhixing.com.cn,zhangpei@lezhixing.com.cn success
[ 2019-7-29 15:04:13 ] [ log ] send mail gaoxinxin@lezhixing.com.cn,mengzhaoqiang@lezhixing.com.cn,zhangpei@lezhixing.com.cn success
[ 2019-7-30 10:50:58 ] [ error ] send mail  error,No recipients defined
[ 2019-7-30 10:56:17 ] [ error ] send mail  error,No recipients defined
[ 2019-7-30 10:58:58 ] [ log ] send mail yangzehong@lzx.com.cn success
[ 2019-7-30 11:00:53 ] [ error ] send mail  error,No recipients defined
[ 2019-7-30 11:00:58 ] [ error ] send mail  error,No recipients defined
[ 2019-7-30 11:01:40 ] [ error ] send mail  error,No recipients defined
[ 2019-7-30 11:02:13 ] [ error ] send mail  error,No recipients defined
[ 2019-7-30 11:07:11 ] [ log ] send mail mengzhaoqiang@lezhixing.com.cn,zhangpei@lezhixing.com.cn,zengjun@lezhixing.com.cn success
[ 2019-7-30 11:10:28 ] [ log ] send mail mengzhaoqiang@lezhixing.com.cn,zhangpei@lezhixing.com.cn,zengjun@lezhixing.com.cn success
[ 2019-7-30 11:10:50 ] [ log ] send mail mengzhaoqiang@lezhixing.com.cn,zhangpei@lezhixing.com.cn,zengjun@lezhixing.com.cn success
[ 2019-7-30 11:11:38 ] [ log ] send mail mengzhaoqiang@lezhixing.com.cn,zhangpei@lezhixing.com.cn,zengjun@lezhixing.com.cn success
[ 2019-7-30 11:12:14 ] [ log ] send mail mengzhaoqiang@lezhixing.com.cn,zhangpei@lezhixing.com.cn,zengjun@lezhixing.com.cn success
[ 2019-7-30 11:12:19 ] [ log ] send mail mengzhaoqiang@lezhixing.com.cn,zhangpei@lezhixing.com.cn,zengjun@lezhixing.com.cn success
[ 2019-7-30 11:17:56 ] [ error ] send mail  error,No recipients defined
[ 2019-7-30 11:24:12 ] [ error ] send mail  error,No recipients defined
[ 2019-7-30 11:34:16 ] [ error ] send mail  error,No recipients defined
[ 2019-7-30 11:40:23 ] [ error ] send mail  error,No recipients defined
[ 2019-7-30 11:40:31 ] [ error ] send mail  error,No recipients defined
[ 2019-7-30 11:41:44 ] [ error ] send mail  error,No recipients defined
[ 2019-7-30 11:41:57 ] [ error ] send mail  error,No recipients defined
[ 2019-7-30 11:42:20 ] [ error ] send mail  error,No recipients defined
[ 2019-7-30 13:24:50 ] [ error ] send mail  error,No recipients defined
[ 2019-7-30 13:26:31 ] [ error ] send mail  error,No recipients defined
[ 2019-7-30 14:58:39 ] [ error ] send mail  error,No recipients defined
[ 2019-7-30 15:02:44 ] [ error ] send mail  error,No recipients defined
[ 2019-7-30 15:44:58 ] [ error ] send mail  error,No recipients defined
[ 2019-7-30 15:47:07 ] [ error ] send mail  error,No recipients defined
[ 2019-7-30 15:50:19 ] [ error ] send mail  error,No recipients defined
[ 2019-7-30 16:07:15 ] [ error ] send mail  error,No recipients defined
[ 2019-7-30 16:32:12 ] [ log ] send mail mengzhaoqiang@lezhixing.com.cn,zhangpei@lezhixing.com.cn success
[ 2019-7-30 16:33:40 ] [ log ] send mail mengzhaoqiang@lezhixing.com.cn,zhangpei@lezhixing.com.cn success
[ 2019-7-30 16:34:15 ] [ log ] send mail mengzhaoqiang@lezhixing.com.cn,zhangpei@lezhixing.com.cn success
[ 2019-7-30 16:47:15 ] [ log ] send mail mengzhaoqiang@lezhixing.com.cn,zhangpei@lezhixing.com.cn success
[ 2019-7-30 16:48:32 ] [ log ] send mail mengzhaoqiang@lezhixing.com.cn,zhangpei@lezhixing.com.cn success
[ 2019-7-30 17:05:46 ] [ log ] send mail mengzhaoqiang@lezhixing.com.cn,zhangpei@lezhixing.com.cn success
[ 2019-7-30 17:07:15 ] [ log ] send mail mengzhaoqiang@lezhixing.com.cn,zhangpei@lezhixing.com.cn success
[ 2019-7-30 17:09:43 ] [ log ] send mail mengzhaoqiang@lezhixing.com.cn,zhangpei@lezhixing.com.cn success
[ 2019-7-30 17:10:23 ] [ log ] send mail mengzhaoqiang@lezhixing.com.cn,zhangpei@lezhixing.com.cn success
[ 2019-7-30 17:12:28 ] [ log ] send mail mengzhaoqiang@lezhixing.com.cn,zhangpei@lezhixing.com.cn success
[ 2019-7-30 17:14:14 ] [ log ] send mail mengzhaoqiang@lezhixing.com.cn,zhangpei@lezhixing.com.cn success
[ 2019-7-30 17:14:52 ] [ log ] send mail mengzhaoqiang@lezhixing.com.cn,zhangpei@lezhixing.com.cn success
[ 2019-7-30 17:15:30 ] [ log ] send mail mengzhaoqiang@lezhixing.com.cn,zhangpei@lezhixing.com.cn success
[ 2019-7-30 17:18:46 ] [ log ] send mail mengzhaoqiang@lezhixing.com.cn,zhangpei@lezhixing.com.cn success
[ 2019-7-30 17:20:23 ] [ log ] send mail mengzhaoqiang@lezhixing.com.cn,zhangpei@lezhixing.com.cn success
[ 2019-7-30 17:27:58 ] [ log ] send mail mengzhaoqiang@lezhixing.com.cn,zhangpei@lezhixing.com.cn success
[ 2019-7-30 17:30:28 ] [ log ] send mail mengzhaoqiang@lezhixing.com.cn,zhangpei@lezhixing.com.cn success
[ 2019-7-30 17:31:43 ] [ log ] send mail mengzhaoqiang@lezhixing.com.cn,zhangpei@lezhixing.com.cn success
[ 2019-7-30 17:35:50 ] [ log ] send mail mengzhaoqiang@lezhixing.com.cn,zhangpei@lezhixing.com.cn success
[ 2019-7-30 18:46:35 ] [ log ] send mail mengzhaoqiang@lezhixing.com.cn,zhangpei@lezhixing.com.cn success
[ 2019-7-30 18:51:46 ] [ log ] send mail mengzhaoqiang@lezhixing.com.cn,zhangpei@lezhixing.com.cn success
[ 2019-7-30 18:51:54 ] [ log ] send mail mengzhaoqiang@lezhixing.com.cn,zhangpei@lezhixing.com.cn success
[ 2019-7-30 18:53:03 ] [ log ] send mail mengzhaoqiang@lezhixing.com.cn,zhangpei@lezhixing.com.cn success
[ 2019-7-30 18:54:34 ] [ log ] send mail mengzhaoqiang@lezhixing.com.cn,zhangpei@lezhixing.com.cn success
[ 2019-7-30 18:55:19 ] [ log ] send mail mengzhaoqiang@lezhixing.com.cn,zhangpei@lezhixing.com.cn success
[ 2019-7-30 18:56:52 ] [ log ] send mail mengzhaoqiang@lezhixing.com.cn,zhangpei@lezhixing.com.cn success
[ 2019-7-30 18:59:50 ] [ log ] send mail mengzhaoqiang@lezhixing.com.cn,zhangpei@lezhixing.com.cn success
[ 2019-7-30 19:00:57 ] [ log ] send mail mengzhaoqiang@lezhixing.com.cn,zhangpei@lezhixing.com.cn success
[ 2019-7-30 19:03:26 ] [ log ] send mail mengzhaoqiang@lezhixing.com.cn,zhangpei@lezhixing.com.cn success
[ 2019-7-30 19:07:19 ] [ log ] send mail mengzhaoqiang@lezhixing.com.cn,zhangpei@lezhixing.com.cn success
[ 2019-7-30 19:07:59 ] [ log ] send mail mengzhaoqiang@lezhixing.com.cn,zhangpei@lezhixing.com.cn success
[ 2019-7-30 19:14:56 ] [ log ] send mail mengzhaoqiang@lezhixing.com.cn,zhangpei@lezhixing.com.cn success
[ 2019-7-30 19:17:18 ] [ log ] send mail mengzhaoqiang@lezhixing.com.cn,zhangpei@lezhixing.com.cn success
[ 2019-7-30 19:23:55 ] [ log ] send mail mengzhaoqiang@lezhixing.com.cn,zhangpei@lezhixing.com.cn success
[ 2019-7-30 19:24:47 ] [ log ] send mail mengzhaoqiang@lezhixing.com.cn,zhangpei@lezhixing.com.cn success
[ 2019-7-30 19:51:19 ] [ log ] send mail mengzhaoqiang@lezhixing.com.cn,zhangpei@lezhixing.com.cn success
[ 2019-7-30 20:02:48 ] [ log ] send mail mengzhaoqiang@lezhixing.com.cn,zhangpei@lezhixing.com.cn success
[ 2019-7-30 20:04:21 ] [ log ] send mail mengzhaoqiang@lezhixing.com.cn,zhangpei@lezhixing.com.cn success
[ 2019-7-30 20:12:10 ] [ log ] send mail mengzhaoqiang@lezhixing.com.cn,zhangpei@lezhixing.com.cn success
[ 2019-7-30 20:15:22 ] [ log ] send mail mengzhaoqiang@lezhixing.com.cn,zhangpei@lezhixing.com.cn success
[ 2019-7-30 20:16:39 ] [ log ] send mail mengzhaoqiang@lezhixing.com.cn,zhangpei@lezhixing.com.cn success
[ 2019-7-30 20:20:47 ] [ log ] send mail mengzhaoqiang@lezhixing.com.cn,zhangpei@lezhixing.com.cn success
[ 2019-7-30 20:23:13 ] [ log ] send mail mengzhaoqiang@lezhixing.com.cn,zhangpei@lezhixing.com.cn success
[ 2019-7-30 20:28:31 ] [ log ] send mail mengzhaoqiang@lezhixing.com.cn,zhangpei@lezhixing.com.cn success
[ 2019-7-30 20:32:56 ] [ log ] send mail mengzhaoqiang@lezhixing.com.cn,zhangpei@lezhixing.com.cn success
[ 2019-7-31 10:12:44 ] [ error ] send mail  error,No recipients defined
