[ 2019-12-3 11:29:43 ] [ error ] send mail  error,No recipients defined
[ 2019-12-3 16:48:20 ] [ log ] send mail gaoxinxin@lezhixing.com.cn,mengzhaoqiang@lezhixing.com.cn,zhangpei@lezhixing.com.cn success
[ 2019-12-9 10:57:20 ] [ log ] send mail guest@lezhixing.com.cn success
[ 2019-12-9 10:57:31 ] [ log ] send mail guest@lezhixing.com.cn success
[ 2019-12-9 10:57:49 ] [ log ] send mail guest@lezhixing.com.cn success
[ 2019-12-9 10:58:40 ] [ log ] send mail guest@lezhixing.com.cn success
[ 2019-12-9 10:58:50 ] [ log ] send mail guest@lezhixing.com.cn success
[ 2019-12-9 10:59:00 ] [ log ] send mail guest@lezhixing.com.cn success
[ 2019-12-9 10:59:07 ] [ log ] send mail guest@lezhixing.com.cn success
[ 2019-12-9 11:06:46 ] [ log ] send mail lixiaohui@lezhixing.com.cn success
[ 2019-12-9 11:11:20 ] [ log ] send mail lixiaohui@lezhixing.com.cn success
[ 2019-12-9 12:41:56 ] [ log ] send mail lixiaohui@lezhixing.com.cn success
[ 2019-12-9 12:43:06 ] [ log ] send mail lixiaohui@lezhixing.com.cn success
[ 2019-12-9 12:44:13 ] [ log ] send mail lixiaohui@lezhixing.com.cn success
[ 2019-12-9 12:46:14 ] [ log ] send mail lixiaohui@lezhixing.com.cn success
[ 2019-12-9 12:52:50 ] [ log ] send mail lixiaohui@lezhixing.com.cn success
[ 2019-12-9 12:58:48 ] [ log ] send mail lixiaohui@lezhixing.com.cn success
[ 2019-12-9 13:00:58 ] [ log ] send mail lixiaohui@lezhixing.com.cn success
[ 2019-12-9 13:01:40 ] [ log ] send mail lixiaohui@lezhixing.com.cn success
[ 2019-12-9 13:02:53 ] [ log ] send mail lixiaohui@lezhixing.com.cn success
[ 2019-12-10 09:00:32 ] [ log ] send mail guest@lezhixing.com.cn success
[ 2019-12-10 09:01:26 ] [ log ] send mail guest@lezhixing.com.cn success
[ 2019-12-10 13:48:46 ] [ log ] send mail guest@lezhixing.com.cn success
[ 2019-12-11 10:08:04 ] [ error ] send mail  error,No recipients defined
[ 2019-12-11 10:08:32 ] [ error ] send mail  error,No recipients defined
[ 2019-12-12 10:23:48 ] [ log ] send mail guest@lezhixing.com.cn success
[ 2019-12-12 10:52:59 ] [ log ] send mail guest@lezhixing.com.cn success
[ 2019-12-12 11:06:19 ] [ log ] send mail guest@lezhixing.com.cn success
[ 2019-12-12 11:15:03 ] [ log ] send mail guest@lezhixing.com.cn success
[ 2019-12-12 11:15:03 ] [ log ] send mail guest@lezhixing.com.cn success
[ 2019-12-12 11:16:10 ] [ log ] send mail guest@lezhixing.com.cn success
[ 2019-12-12 11:19:06 ] [ log ] send mail guest@lezhixing.com.cn success
[ 2019-12-12 14:59:14 ] [ error ] send mail  error,No recipients defined
[ 2019-12-12 15:04:29 ] [ error ] send mail  error,No recipients defined
[ 2019-12-12 15:04:35 ] [ error ] send mail  error,No recipients defined
[ 2019-12-12 15:12:49 ] [ error ] send mail  error,No recipients defined
[ 2019-12-12 15:15:43 ] [ log ] send mail lixiaohui@lezhixing.com.cn success
[ 2019-12-12 15:17:09 ] [ log ] send mail lixiaohui@lezhixing.com.cn success
[ 2019-12-12 15:30:00 ] [ error ] send mail  error,No recipients defined
[ 2019-12-13 11:39:26 ] [ log ] send mail guest@lezhixing.com.cn success
[ 2019-12-13 13:24:00 ] [ log ] send mail guest@lezhixing.com.cn success
[ 2019-12-13 13:25:05 ] [ log ] send mail guest@lezhixing.com.cn success
[ 2019-12-14 16:35:19 ] [ log ] send mail lixiaohui@lezhixing.com.cn success
[ 2019-12-15 10:25:22 ] [ log ] send mail lixiaohui@lezhixing.com.cn success
[ 2019-12-15 11:48:04 ] [ log ] send mail lixiaohui@lezhixing.com.cn success
[ 2019-12-15 12:48:11 ] [ log ] send mail lixiaohui@lezhixing.com.cn success
[ 2019-12-15 12:48:45 ] [ log ] send mail lixiaohui@lezhixing.com.cn success
[ 2019-12-15 12:49:47 ] [ log ] send mail lixiaohui@lezhixing.com.cn success
[ 2019-12-15 12:54:39 ] [ log ] send mail lixiaohui@lezhixing.com.cn success
[ 2019-12-15 13:00:35 ] [ log ] send mail lixiaohui@lezhixing.com.cn success
[ 2019-12-15 19:25:38 ] [ log ] send mail lixiaohui@lezhixing.com.cn success
[ 2019-12-15 19:25:43 ] [ log ] send mail lixiaohui@lezhixing.com.cn success
[ 2019-12-15 20:45:49 ] [ log ] send mail lixiaohui@lezhixing.com.cn success
[ 2019-12-16 09:21:25 ] [ error ] send mail  error,No recipients defined
[ 2019-12-16 09:21:45 ] [ error ] send mail  error,No recipients defined
[ 2019-12-16 09:22:19 ] [ error ] send mail  error,No recipients defined
[ 2019-12-16 09:22:28 ] [ log ] send mail gaoxinxin@lezhixing.com.cn,zhangpei@lezhixing.com.cn,goubotao@lezhixing.com.cn success
[ 2019-12-16 09:36:00 ] [ log ] send mail gaoxinxin@lezhixing.com.cn,zhangpei@lezhixing.com.cn,goubotao@lezhixing.com.cn success
[ 2019-12-16 09:40:08 ] [ error ] send mail  error,No recipients defined
[ 2019-12-16 09:43:09 ] [ error ] send mail  error,No recipients defined
[ 2019-12-16 09:50:41 ] [ log ] send mail zhangpei@lezhixing.com.cn,goubotao@lezhixing.com.cn success
[ 2019-12-16 10:09:02 ] [ log ] send mail zhangpei@lezhixing.com.cn,goubotao@lezhixing.com.cn success
[ 2019-12-16 10:29:38 ] [ log ] send mail zhangpei@lezhixing.com.cn,goubotao@lezhixing.com.cn success
[ 2019-12-16 10:33:28 ] [ log ] send mail zhangpei@lezhixing.com.cn,goubotao@lezhixing.com.cn success
[ 2019-12-16 10:35:51 ] [ log ] send mail zhangpei@lezhixing.com.cn,goubotao@lezhixing.com.cn success
[ 2019-12-16 10:52:45 ] [ log ] send mail guest@lezhixing.com.cn success
[ 2019-12-16 10:52:53 ] [ error ] send mail  error,No recipients defined
[ 2019-12-16 10:54:18 ] [ error ] send mail  error,No recipients defined
[ 2019-12-16 10:54:18 ] [ error ] send mail  error,No recipients defined
[ 2019-12-16 10:55:00 ] [ log ] send mail guest@lezhixing.com.cn success
[ 2019-12-16 10:59:18 ] [ log ] send mail guest@lezhixing.com.cn success
[ 2019-12-16 11:00:31 ] [ log ] send mail guest@lezhixing.com.cn success
[ 2019-12-16 11:04:29 ] [ error ] send mail  error,No recipients defined
[ 2019-12-16 11:36:55 ] [ error ] send mail  error,No recipients defined
[ 2019-12-16 12:10:36 ] [ error ] send mail  error,No recipients defined
[ 2019-12-16 15:27:13 ] [ log ] send mail zhangpei@lezhixing.com.cn,goubotao@lezhixing.com.cn success
[ 2019-12-16 15:39:05 ] [ log ] send mail zhangpei@lezhixing.com.cn,goubotao@lezhixing.com.cn success
[ 2019-12-16 16:33:18 ] [ log ] send mail zhangpei@lezhixing.com.cn,goubotao@lezhixing.com.cn success
[ 2019-12-16 16:44:28 ] [ error ] send mail  error,No recipients defined
[ 2019-12-16 16:44:28 ] [ error ] send mail  error,No recipients defined
[ 2019-12-16 16:44:28 ] [ error ] send mail  error,No recipients defined
[ 2019-12-16 16:46:03 ] [ error ] send mail  error,No recipients defined
[ 2019-12-16 16:46:29 ] [ log ] send mail zhangpei@lezhixing.com.cn,goubotao@lezhixing.com.cn success
[ 2019-12-16 17:13:32 ] [ log ] send mail zhangpei@lezhixing.com.cn,goubotao@lezhixing.com.cn success
[ 2019-12-16 17:27:44 ] [ log ] send mail zhangpei@lezhixing.com.cn,goubotao@lezhixing.com.cn success
[ 2019-12-16 17:28:02 ] [ log ] send mail zhangpei@lezhixing.com.cn,goubotao@lezhixing.com.cn success
[ 2019-12-16 17:31:38 ] [ log ] send mail zhangpei@lezhixing.com.cn,goubotao@lezhixing.com.cn success
[ 2019-12-17 13:22:56 ] [ log ] send mail zhangpei@lezhixing.com.cn,goubotao@lezhixing.com.cn success
[ 2019-12-17 15:04:14 ] [ log ] send mail guest@lezhixing.com.cn success
[ 2019-12-17 15:04:16 ] [ log ] send mail guest@lezhixing.com.cn success
[ 2019-12-17 15:08:41 ] [ log ] send mail guest@lezhixing.com.cn success
[ 2019-12-17 15:08:42 ] [ log ] send mail guest@lezhixing.com.cn success
[ 2019-12-17 15:14:03 ] [ log ] send mail guest@lezhixing.com.cn success
[ 2019-12-17 15:18:34 ] [ log ] send mail guest@lezhixing.com.cn success
[ 2019-12-17 15:36:07 ] [ log ] send mail guest@lezhixing.com.cn success
[ 2019-12-17 15:36:08 ] [ log ] send mail guest@lezhixing.com.cn success
[ 2019-12-17 15:41:07 ] [ log ] send mail guest@lezhixing.com.cn success
[ 2019-12-17 16:42:53 ] [ log ] send mail zhangpei@lezhixing.com.cn,goubotao@lezhixing.com.cn success
[ 2019-12-17 16:46:12 ] [ log ] send mail zhangpei@lezhixing.com.cn,goubotao@lezhixing.com.cn success
[ 2019-12-17 16:46:19 ] [ log ] send mail zhangpei@lezhixing.com.cn,goubotao@lezhixing.com.cn success
[ 2019-12-17 16:48:56 ] [ log ] send mail zhangpei@lezhixing.com.cn,goubotao@lezhixing.com.cn success
[ 2019-12-17 17:02:55 ] [ log ] send mail zhangpei@lezhixing.com.cn,goubotao@lezhixing.com.cn success
[ 2019-12-17 17:26:48 ] [ log ] send mail zhangpei@lezhixing.com.cn,goubotao@lezhixing.com.cn success
[ 2019-12-18 17:58:59 ] [ log ] send mail zhangpei@lezhixing.com.cn,goubotao@lezhixing.com.cn success
[ 2019-12-19 14:53:45 ] [ error ] send mail  error,No recipients defined
[ 2019-12-20 10:27:01 ] [ error ] send mail  error,No recipients defined
[ 2019-12-20 10:31:59 ] [ error ] send mail  error,No recipients defined
[ 2019-12-20 10:38:52 ] [ log ] send mail zhangpei@lezhixing.com.cn,goubotao@lezhixing.com.cn success
[ 2019-12-23 15:48:02 ] [ log ] send mail yangxiaojie@lezhixing.com.cn,macd@lezhixing.com.cn,libowen@lezhixing.com.cn success
[ 2019-12-23 15:52:51 ] [ log ] send mail yangxiaojie@lezhixing.com.cn,macd@lezhixing.com.cn,libowen@lezhixing.com.cn success
[ 2019-12-23 15:54:46 ] [ log ] send mail yangxiaojie@lezhixing.com.cn,macd@lezhixing.com.cn,libowen@lezhixing.com.cn success
[ 2019-12-23 16:04:20 ] [ log ] send mail yangxiaojie@lezhixing.com.cn,macd@lezhixing.com.cn,libowen@lezhixing.com.cn success
[ 2019-12-23 19:06:15 ] [ log ] send mail yangxiaojie@lezhixing.com.cn,macd@lezhixing.com.cn,libowen@lezhixing.com.cn success
[ 2019-12-23 19:43:57 ] [ log ] send mail yangxiaojie@lezhixing.com.cn,macd@lezhixing.com.cn,libowen@lezhixing.com.cn success
[ 2019-12-23 19:47:26 ] [ log ] send mail yangxiaojie@lezhixing.com.cn,macd@lezhixing.com.cn,libowen@lezhixing.com.cn success
[ 2019-12-23 19:48:42 ] [ log ] send mail yangxiaojie@lezhixing.com.cn,macd@lezhixing.com.cn,libowen@lezhixing.com.cn success
[ 2019-12-24 10:23:46 ] [ error ] send mail  error,No recipients defined
[ 2019-12-24 10:25:11 ] [ error ] send mail  error,No recipients defined
[ 2019-12-24 10:26:21 ] [ log ] send mail yangxiaojie@lezhixing.com.cn,macd@lezhixing.com.cn,libowen@lezhixing.com.cn success
[ 2019-12-24 11:00:49 ] [ log ] send mail yangxiaojie@lezhixing.com.cn,macd@lezhixing.com.cn,libowen@lezhixing.com.cn success
[ 2019-12-24 11:01:03 ] [ log ] send mail yangxiaojie@lezhixing.com.cn,macd@lezhixing.com.cn,libowen@lezhixing.com.cn success
[ 2019-12-24 14:22:09 ] [ log ] send mail yangxiaojie@lezhixing.com.cn,macd@lezhixing.com.cn,libowen@lezhixing.com.cn success
[ 2019-12-24 14:22:45 ] [ log ] send mail yangxiaojie@lezhixing.com.cn,macd@lezhixing.com.cn,libowen@lezhixing.com.cn success
[ 2019-12-24 15:10:36 ] [ log ] send mail yangxiaojie@lezhixing.com.cn,macd@lezhixing.com.cn,libowen@lezhixing.com.cn success
[ 2019-12-24 15:10:53 ] [ log ] send mail yangxiaojie@lezhixing.com.cn,macd@lezhixing.com.cn,libowen@lezhixing.com.cn success
[ 2019-12-24 15:22:55 ] [ log ] send mail yaojianglei@lezhixing.com.cn,liupengju@lezhixing.com.cn,gaoshanlin@lezhixing.com.cn,lixinan@lezhixing.com.cn success
[ 2019-12-24 15:24:02 ] [ log ] send mail yaojianglei@lezhixing.com.cn,liupengju@lezhixing.com.cn,gaoshanlin@lezhixing.com.cn,lixinan@lezhixing.com.cn success
[ 2019-12-24 15:29:44 ] [ log ] send mail yaojianglei@lezhixing.com.cn,liupengju@lezhixing.com.cn,gaoshanlin@lezhixing.com.cn,lixinan@lezhixing.com.cn success
[ 2019-12-24 15:39:40 ] [ log ] send mail yaojianglei@lezhixing.com.cn,liupengju@lezhixing.com.cn,gaoshanlin@lezhixing.com.cn,lixinan@lezhixing.com.cn success
[ 2019-12-24 15:40:21 ] [ log ] send mail yaojianglei@lezhixing.com.cn,liupengju@lezhixing.com.cn,gaoshanlin@lezhixing.com.cn,lixinan@lezhixing.com.cn success
[ 2019-12-24 15:40:43 ] [ log ] send mail yaojianglei@lezhixing.com.cn,liupengju@lezhixing.com.cn,gaoshanlin@lezhixing.com.cn,lixinan@lezhixing.com.cn success
[ 2019-12-24 15:41:43 ] [ log ] send mail yaojianglei@lezhixing.com.cn,liupengju@lezhixing.com.cn,gaoshanlin@lezhixing.com.cn,lixinan@lezhixing.com.cn success
[ 2019-12-24 15:42:28 ] [ log ] send mail yaojianglei@lezhixing.com.cn,liupengju@lezhixing.com.cn,gaoshanlin@lezhixing.com.cn,lixinan@lezhixing.com.cn success
[ 2019-12-24 15:42:59 ] [ log ] send mail yaojianglei@lezhixing.com.cn,liupengju@lezhixing.com.cn,gaoshanlin@lezhixing.com.cn,lixinan@lezhixing.com.cn success
[ 2019-12-24 15:43:23 ] [ log ] send mail yaojianglei@lezhixing.com.cn,liupengju@lezhixing.com.cn,gaoshanlin@lezhixing.com.cn,lixinan@lezhixing.com.cn success
[ 2019-12-24 15:43:49 ] [ log ] send mail yaojianglei@lezhixing.com.cn,liupengju@lezhixing.com.cn,gaoshanlin@lezhixing.com.cn,lixinan@lezhixing.com.cn success
[ 2019-12-24 15:45:05 ] [ log ] send mail yaojianglei@lezhixing.com.cn,liupengju@lezhixing.com.cn,gaoshanlin@lezhixing.com.cn,lixinan@lezhixing.com.cn success
[ 2019-12-24 15:45:05 ] [ log ] send mail yaojianglei@lezhixing.com.cn,liupengju@lezhixing.com.cn,gaoshanlin@lezhixing.com.cn,lixinan@lezhixing.com.cn success
[ 2019-12-24 15:45:32 ] [ log ] send mail luojunping@lezhixing.com.cn success
[ 2019-12-24 15:45:40 ] [ log ] send mail yaojianglei@lezhixing.com.cn,liupengju@lezhixing.com.cn,gaoshanlin@lezhixing.com.cn,lixinan@lezhixing.com.cn success
[ 2019-12-24 15:46:29 ] [ log ] send mail yaojianglei@lezhixing.com.cn,liupengju@lezhixing.com.cn,gaoshanlin@lezhixing.com.cn,lixinan@lezhixing.com.cn success
[ 2019-12-24 15:46:37 ] [ log ] send mail yaojianglei@lezhixing.com.cn,liupengju@lezhixing.com.cn,gaoshanlin@lezhixing.com.cn,lixinan@lezhixing.com.cn success
[ 2019-12-24 15:46:40 ] [ log ] send mail yaojianglei@lezhixing.com.cn,liupengju@lezhixing.com.cn,gaoshanlin@lezhixing.com.cn,lixinan@lezhixing.com.cn success
[ 2019-12-24 15:46:51 ] [ log ] send mail luojunping@lezhixing.com.cn success
[ 2019-12-24 15:46:56 ] [ log ] send mail luojunping@lezhixing.com.cn success
[ 2019-12-24 15:47:18 ] [ log ] send mail yaojianglei@lezhixing.com.cn,liupengju@lezhixing.com.cn,gaoshanlin@lezhixing.com.cn,lixinan@lezhixing.com.cn success
[ 2019-12-24 15:47:42 ] [ log ] send mail yaojianglei@lezhixing.com.cn,liupengju@lezhixing.com.cn,gaoshanlin@lezhixing.com.cn,lixinan@lezhixing.com.cn success
[ 2019-12-24 15:47:56 ] [ log ] send mail yaojianglei@lezhixing.com.cn,liupengju@lezhixing.com.cn,gaoshanlin@lezhixing.com.cn,lixinan@lezhixing.com.cn success
[ 2019-12-24 15:48:44 ] [ log ] send mail yaojianglei@lezhixing.com.cn,liupengju@lezhixing.com.cn,gaoshanlin@lezhixing.com.cn,lixinan@lezhixing.com.cn success
[ 2019-12-24 15:49:18 ] [ log ] send mail yaojianglei@lezhixing.com.cn,liupengju@lezhixing.com.cn,gaoshanlin@lezhixing.com.cn,lixinan@lezhixing.com.cn success
[ 2019-12-24 15:49:37 ] [ log ] send mail yaojianglei@lezhixing.com.cn,liupengju@lezhixing.com.cn,gaoshanlin@lezhixing.com.cn,lixinan@lezhixing.com.cn success
[ 2019-12-24 15:50:29 ] [ log ] send mail yaojianglei@lezhixing.com.cn,liupengju@lezhixing.com.cn,gaoshanlin@lezhixing.com.cn,lixinan@lezhixing.com.cn success
[ 2019-12-24 15:51:02 ] [ log ] send mail yaojianglei@lezhixing.com.cn,liupengju@lezhixing.com.cn,gaoshanlin@lezhixing.com.cn,lixinan@lezhixing.com.cn success
[ 2019-12-24 15:52:19 ] [ log ] send mail yaojianglei@lezhixing.com.cn,liupengju@lezhixing.com.cn,gaoshanlin@lezhixing.com.cn,lixinan@lezhixing.com.cn success
[ 2019-12-24 15:52:32 ] [ log ] send mail yaojianglei@lezhixing.com.cn,liupengju@lezhixing.com.cn,gaoshanlin@lezhixing.com.cn,lixinan@lezhixing.com.cn success
[ 2019-12-24 15:53:14 ] [ log ] send mail yaojianglei@lezhixing.com.cn,liupengju@lezhixing.com.cn,gaoshanlin@lezhixing.com.cn,lixinan@lezhixing.com.cn success
[ 2019-12-24 15:53:20 ] [ log ] send mail yaojianglei@lezhixing.com.cn,liupengju@lezhixing.com.cn,gaoshanlin@lezhixing.com.cn,lixinan@lezhixing.com.cn success
[ 2019-12-24 15:54:07 ] [ log ] send mail yaojianglei@lezhixing.com.cn,liupengju@lezhixing.com.cn,gaoshanlin@lezhixing.com.cn,lixinan@lezhixing.com.cn success
[ 2019-12-24 15:54:26 ] [ log ] send mail yaojianglei@lezhixing.com.cn,liupengju@lezhixing.com.cn,gaoshanlin@lezhixing.com.cn,lixinan@lezhixing.com.cn success
[ 2019-12-24 16:06:20 ] [ log ] send mail yaojianglei@lezhixing.com.cn,liupengju@lezhixing.com.cn,gaoshanlin@lezhixing.com.cn,lixinan@lezhixing.com.cn success
[ 2019-12-24 16:07:07 ] [ log ] send mail yaojianglei@lezhixing.com.cn,liupengju@lezhixing.com.cn,gaoshanlin@lezhixing.com.cn,lixinan@lezhixing.com.cn success
[ 2019-12-24 16:07:26 ] [ log ] send mail yaojianglei@lezhixing.com.cn,liupengju@lezhixing.com.cn,gaoshanlin@lezhixing.com.cn,lixinan@lezhixing.com.cn success
[ 2019-12-24 16:14:45 ] [ log ] send mail yaojianglei@lezhixing.com.cn,liupengju@lezhixing.com.cn,gaoshanlin@lezhixing.com.cn,lixinan@lezhixing.com.cn success
[ 2019-12-24 16:35:19 ] [ log ] send mail yaojianglei@lezhixing.com.cn,liupengju@lezhixing.com.cn,gaoshanlin@lezhixing.com.cn,lixinan@lezhixing.com.cn success
[ 2019-12-25 14:22:30 ] [ log ] send mail liangkong2@iflytek.com success
[ 2019-12-25 14:26:31 ] [ log ] send mail yangxiaojie@lezhixing.com.cn,macd@lezhixing.com.cn,libowen@lezhixing.com.cn success
[ 2019-12-25 14:39:40 ] [ error ] send mail  error,No recipients defined
[ 2019-12-25 14:39:43 ] [ error ] send mail  error,No recipients defined
[ 2019-12-25 14:44:14 ] [ error ] send mail  error,No recipients defined
[ 2019-12-25 15:05:39 ] [ error ] send mail  error,No recipients defined
[ 2019-12-25 17:26:16 ] [ log ] send mail luojunping@lezhixing.com.cn success
[ 2019-12-25 17:30:07 ] [ log ] send mail luojunping@lezhixing.com.cn success
[ 2019-12-26 15:52:11 ] [ log ] send mail luojunping@lezhixing.com.cn success
[ 2019-12-26 15:52:36 ] [ log ] send mail luojunping@lezhixing.com.cn success
[ 2019-12-26 15:53:02 ] [ log ] send mail luojunping@lezhixing.com.cn success
[ 2019-12-26 15:54:05 ] [ error ] send mail luojunping@lezhixing.com.cn error,Greeting never received
[ 2019-12-26 18:55:11 ] [ log ] send mail yangxiaojie@lezhixing.com.cn,macd@lezhixing.com.cn,libowen@lezhixing.com.cn success
[ 2019-12-26 18:56:04 ] [ log ] send mail yangxiaojie@lezhixing.com.cn,macd@lezhixing.com.cn,libowen@lezhixing.com.cn success
[ 2019-12-26 18:57:24 ] [ log ] send mail yangxiaojie@lezhixing.com.cn,macd@lezhixing.com.cn,libowen@lezhixing.com.cn success
[ 2019-12-26 18:57:30 ] [ log ] send mail yangxiaojie@lezhixing.com.cn,macd@lezhixing.com.cn,libowen@lezhixing.com.cn success
[ 2019-12-26 18:58:27 ] [ log ] send mail yangxiaojie@lezhixing.com.cn,macd@lezhixing.com.cn,libowen@lezhixing.com.cn success
[ 2019-12-26 19:10:18 ] [ log ] send mail yaojianglei@lezhixing.com.cn,liupengju@lezhixing.com.cn,gaoshanlin@lezhixing.com.cn,lixinan@lezhixing.com.cn success
[ 2019-12-26 19:15:15 ] [ log ] send mail yaojianglei@lezhixing.com.cn,liupengju@lezhixing.com.cn,gaoshanlin@lezhixing.com.cn,lixinan@lezhixing.com.cn success
[ 2019-12-26 19:15:50 ] [ log ] send mail yaojianglei@lezhixing.com.cn,liupengju@lezhixing.com.cn,gaoshanlin@lezhixing.com.cn,lixinan@lezhixing.com.cn success
[ 2019-12-27 08:38:39 ] [ log ] send mail yaojianglei@lezhixing.com.cn,liupengju@lezhixing.com.cn,gaoshanlin@lezhixing.com.cn,lixinan@lezhixing.com.cn success
[ 2019-12-27 08:38:52 ] [ log ] send mail yaojianglei@lezhixing.com.cn,liupengju@lezhixing.com.cn,gaoshanlin@lezhixing.com.cn,lixinan@lezhixing.com.cn success
[ 2019-12-27 08:51:02 ] [ log ] send mail yaojianglei@lezhixing.com.cn,liupengju@lezhixing.com.cn,gaoshanlin@lezhixing.com.cn,lixinan@lezhixing.com.cn success
[ 2019-12-27 09:07:27 ] [ log ] send mail yaojianglei@lezhixing.com.cn,liupengju@lezhixing.com.cn,gaoshanlin@lezhixing.com.cn,lixinan@lezhixing.com.cn success
[ 2019-12-27 09:07:45 ] [ log ] send mail yaojianglei@lezhixing.com.cn,liupengju@lezhixing.com.cn,gaoshanlin@lezhixing.com.cn,lixinan@lezhixing.com.cn success
[ 2019-12-27 09:19:04 ] [ log ] send mail zhangpei@lezhixing.com.cn,goubotao@lezhixing.com.cn success
[ 2019-12-27 10:44:51 ] [ log ] send mail yaojianglei@lezhixing.com.cn,liupengju@lezhixing.com.cn,gaoshanlin@lezhixing.com.cn,lixinan@lezhixing.com.cn success
[ 2019-12-27 11:34:09 ] [ error ] send mail  error,No recipients defined
[ 2019-12-27 13:22:38 ] [ error ] send mail  error,No recipients defined
[ 2019-12-27 13:23:29 ] [ error ] send mail  error,No recipients defined
[ 2019-12-27 16:38:53 ] [ log ] send mail yangxiaojie@lezhixing.com.cn,macd@lezhixing.com.cn,libowen@lezhixing.com.cn success
[ 2019-12-27 16:39:26 ] [ log ] send mail yangxiaojie@lezhixing.com.cn,macd@lezhixing.com.cn,libowen@lezhixing.com.cn success
[ 2019-12-27 16:39:47 ] [ log ] send mail yangxiaojie@lezhixing.com.cn,macd@lezhixing.com.cn,libowen@lezhixing.com.cn success
[ 2019-12-27 16:39:57 ] [ log ] send mail yangxiaojie@lezhixing.com.cn,macd@lezhixing.com.cn,libowen@lezhixing.com.cn success
[ 2019-12-27 17:10:35 ] [ log ] send mail yangxiaojie@lezhixing.com.cn,macd@lezhixing.com.cn,libowen@lezhixing.com.cn success
[ 2019-12-27 17:23:46 ] [ log ] send mail yangxiaojie@lezhixing.com.cn,macd@lezhixing.com.cn,libowen@lezhixing.com.cn success
[ 2019-12-27 17:31:16 ] [ log ] send mail yangxiaojie@lezhixing.com.cn,macd@lezhixing.com.cn,libowen@lezhixing.com.cn success
[ 2019-12-27 17:31:57 ] [ log ] send mail yangxiaojie@lezhixing.com.cn,macd@lezhixing.com.cn,libowen@lezhixing.com.cn success
[ 2019-12-27 17:37:29 ] [ log ] send mail yangxiaojie@lezhixing.com.cn,macd@lezhixing.com.cn,libowen@lezhixing.com.cn success
[ 2019-12-31 09:51:49 ] [ log ] send mail dyzhou2@iflytek.com success
[ 2019-12-31 09:56:16 ] [ error ] send mail  error,No recipients defined
[ 2019-12-31 09:59:33 ] [ error ] send mail  error,No recipients defined
[ 2019-12-31 09:59:35 ] [ error ] send mail  error,No recipients defined
[ 2019-12-31 11:17:32 ] [ log ] send mail luojunping@lezhixing.com.cn success
[ 2019-12-31 11:18:15 ] [ log ] send mail luojunping@lezhixing.com.cn success
[ 2019-12-31 11:18:57 ] [ log ] send mail luojunping@lezhixing.com.cn success
[ 2019-12-31 11:19:11 ] [ log ] send mail luojunping@lezhixing.com.cn success
[ 2019-12-31 11:25:58 ] [ log ] send mail luojunping@lezhixing.com.cn success
[ 2019-12-31 14:51:55 ] [ log ] send mail luojunping@lezhixing.com.cn success
[ 2019-12-31 15:49:02 ] [ log ] send mail luojunping@lezhixing.com.cn success
[ 2019-12-31 15:58:11 ] [ log ] send mail luojunping@lezhixing.com.cn success
[ 2019-12-31 15:58:41 ] [ log ] send mail luojunping@lezhixing.com.cn success
[ 2019-12-31 17:31:59 ] [ log ] send mail luojunping@lezhixing.com.cn success
