[ 2019-11-1 09:40:13 ] [ log ] send mail gaoxinxin@lezhixing.com.cn,mengzhaoqiang@lezhixing.com.cn,zhangpei@lezhixing.com.cn success
[ 2019-11-4 14:22:12 ] [ log ] send mail gaoxinxin@lezhixing.com.cn,mengzhaoqiang@lezhixing.com.cn,zhangpei@lezhixing.com.cn success
[ 2019-11-4 15:13:09 ] [ error ] send mail  error,No recipients defined
[ 2019-11-4 15:13:54 ] [ error ] send mail  error,No recipients defined
[ 2019-11-4 15:21:49 ] [ error ] send mail  error,No recipients defined
[ 2019-11-4 15:27:20 ] [ error ] send mail  error,No recipients defined
[ 2019-11-4 15:27:28 ] [ error ] send mail  error,No recipients defined
[ 2019-11-4 15:28:42 ] [ error ] send mail  error,No recipients defined
[ 2019-11-4 15:43:45 ] [ error ] send mail  error,No recipients defined
[ 2019-11-5 13:52:39 ] [ error ] send mail  error,No recipients defined
[ 2019-11-6 10:04:14 ] [ log ] send mail wanxing@lezhixing.com.cn,zhoudan@lezhixing.com.cn,chengxiuju@lezhixing.com.cn,xutao@lezhixing.com.cn success
[ 2019-11-6 10:05:25 ] [ log ] send mail wanxing@lezhixing.com.cn,zhoudan@lezhixing.com.cn,chengxiuju@lezhixing.com.cn,xutao@lezhixing.com.cn success
[ 2019-11-6 10:09:45 ] [ log ] send mail wanxing@lezhixing.com.cn,zhoudan@lezhixing.com.cn,chengxiuju@lezhixing.com.cn,xutao@lezhixing.com.cn success
[ 2019-11-7 09:55:04 ] [ log ] send mail wanxing@lezhixing.com.cn,zhoudan@lezhixing.com.cn,chengxiuju@lezhixing.com.cn,xutao@lezhixing.com.cn success
[ 2019-11-7 09:55:12 ] [ log ] send mail wanxing@lezhixing.com.cn,zhoudan@lezhixing.com.cn,chengxiuju@lezhixing.com.cn,xutao@lezhixing.com.cn success
[ 2019-11-8 14:38:21 ] [ error ] send mail  error,No recipients defined
[ 2019-11-8 14:38:35 ] [ error ] send mail  error,No recipients defined
[ 2019-11-11 11:37:45 ] [ log ] send mail kqren@lezhixing.com.cn success
[ 2019-11-11 16:57:43 ] [ error ] send mail  error,No recipients defined
[ 2019-11-12 14:51:54 ] [ log ] send mail guest@lezhixing.com.cn success
[ 2019-11-12 14:53:12 ] [ log ] send mail guest@lezhixing.com.cn success
[ 2019-11-12 14:54:55 ] [ log ] send mail guest@lezhixing.com.cn success
[ 2019-11-12 14:55:31 ] [ log ] send mail guest@lezhixing.com.cn success
[ 2019-11-12 14:56:02 ] [ log ] send mail guest@lezhixing.com.cn success
[ 2019-11-12 15:01:21 ] [ log ] send mail guest@lezhixing.com.cn success
[ 2019-11-12 15:01:42 ] [ log ] send mail guest@lezhixing.com.cn success
[ 2019-11-12 16:10:14 ] [ log ] send mail goubotao@lezhixing.com.cn success
[ 2019-11-12 19:12:50 ] [ log ] send mail guest@lezhixing.com.cn success
[ 2019-11-12 19:19:23 ] [ log ] send mail guest@lezhixing.com.cn success
[ 2019-11-12 19:22:45 ] [ log ] send mail guest@lezhixing.com.cn success
[ 2019-11-12 19:22:55 ] [ log ] send mail guest@lezhixing.com.cn success
[ 2019-11-12 19:26:14 ] [ log ] send mail guest@lezhixing.com.cn success
[ 2019-11-12 19:28:15 ] [ log ] send mail guest@lezhixing.com.cn success
[ 2019-11-12 19:28:28 ] [ log ] send mail guest@lezhixing.com.cn success
[ 2019-11-12 19:34:20 ] [ log ] send mail guest@lezhixing.com.cn success
[ 2019-11-12 19:34:36 ] [ log ] send mail guest@lezhixing.com.cn success
[ 2019-11-12 19:37:01 ] [ log ] send mail guest@lezhixing.com.cn success
[ 2019-11-12 19:42:27 ] [ log ] send mail guest@lezhixing.com.cn success
[ 2019-11-12 20:37:49 ] [ log ] send mail guest@lezhixing.com.cn success
[ 2019-11-12 20:40:37 ] [ log ] send mail guest@lezhixing.com.cn success
[ 2019-11-12 20:44:22 ] [ log ] send mail guest@lezhixing.com.cn success
[ 2019-11-12 20:47:04 ] [ log ] send mail guest@lezhixing.com.cn success
[ 2019-11-12 20:48:52 ] [ log ] send mail guest@lezhixing.com.cn success
[ 2019-11-13 08:41:39 ] [ log ] send mail guest@lezhixing.com.cn success
[ 2019-11-13 09:18:24 ] [ error ] send mail  error,No recipients defined
[ 2019-11-13 09:22:16 ] [ log ] send mail guest@lezhixing.com.cn success
[ 2019-11-13 09:22:38 ] [ error ] send mail  error,No recipients defined
[ 2019-11-13 09:22:50 ] [ log ] send mail guest@lezhixing.com.cn success
[ 2019-11-13 09:22:59 ] [ error ] send mail  error,No recipients defined
[ 2019-11-13 09:23:06 ] [ error ] send mail  error,No recipients defined
[ 2019-11-13 12:34:37 ] [ log ] send mail guest@lezhixing.com.cn success
[ 2019-11-13 12:35:29 ] [ log ] send mail guest@lezhixing.com.cn success
[ 2019-11-13 12:38:48 ] [ log ] send mail guest@lezhixing.com.cn success
[ 2019-11-13 12:48:25 ] [ log ] send mail guest@lezhixing.com.cn success
[ 2019-11-13 12:53:41 ] [ log ] send mail guest@lezhixing.com.cn success
[ 2019-11-13 12:53:41 ] [ log ] send mail guest@lezhixing.com.cn success
[ 2019-11-13 12:53:42 ] [ log ] send mail guest@lezhixing.com.cn success
[ 2019-11-13 13:38:40 ] [ log ] send mail guest@lezhixing.com.cn success
[ 2019-11-13 13:38:58 ] [ log ] send mail guest@lezhixing.com.cn success
[ 2019-11-13 13:39:11 ] [ log ] send mail guest@lezhixing.com.cn success
[ 2019-11-13 13:39:38 ] [ error ] send mail  error,No recipients defined
[ 2019-11-13 13:40:51 ] [ error ] send mail  error,No recipients defined
[ 2019-11-13 14:01:20 ] [ log ] send mail guest@lezhixing.com.cn success
[ 2019-11-13 14:01:45 ] [ log ] send mail guest@lezhixing.com.cn success
[ 2019-11-13 14:02:54 ] [ log ] send mail guest@lezhixing.com.cn success
[ 2019-11-13 14:08:29 ] [ log ] send mail guest@lezhixing.com.cn success
[ 2019-11-13 14:12:38 ] [ log ] send mail guest@lezhixing.com.cn success
[ 2019-11-13 14:14:22 ] [ log ] send mail guest@lezhixing.com.cn success
[ 2019-11-13 14:16:05 ] [ log ] send mail guest@lezhixing.com.cn success
[ 2019-11-13 14:18:03 ] [ log ] send mail guest@lezhixing.com.cn success
[ 2019-11-13 14:19:17 ] [ log ] send mail guest@lezhixing.com.cn success
[ 2019-11-13 14:19:51 ] [ log ] send mail guest@lezhixing.com.cn success
[ 2019-11-13 14:28:54 ] [ log ] send mail guest@lezhixing.com.cn success
[ 2019-11-13 14:32:35 ] [ log ] send mail guest@lezhixing.com.cn success
[ 2019-11-13 14:37:43 ] [ log ] send mail guest@lezhixing.com.cn success
[ 2019-11-13 14:47:00 ] [ log ] send mail guest@lezhixing.com.cn success
[ 2019-11-13 14:49:39 ] [ log ] send mail guest@lezhixing.com.cn success
[ 2019-11-13 14:50:34 ] [ log ] send mail guest@lezhixing.com.cn success
[ 2019-11-13 15:14:29 ] [ log ] send mail guest@lezhixing.com.cn success
[ 2019-11-13 15:14:49 ] [ log ] send mail guest@lezhixing.com.cn success
[ 2019-11-13 15:17:40 ] [ log ] send mail guest@lezhixing.com.cn success
[ 2019-11-13 16:18:36 ] [ log ] send mail guest@lezhixing.com.cn success
[ 2019-11-13 16:18:42 ] [ log ] send mail guest@lezhixing.com.cn success
[ 2019-11-13 16:19:02 ] [ log ] send mail guest@lezhixing.com.cn success
[ 2019-11-13 16:19:05 ] [ log ] send mail guest@lezhixing.com.cn success
[ 2019-11-13 16:21:44 ] [ log ] send mail guest@lezhixing.com.cn success
[ 2019-11-13 16:43:54 ] [ log ] send mail guest@lezhixing.com.cn success
[ 2019-11-19 09:34:50 ] [ log ] send mail leixinliang@lezhixing.com.cn,macd@lezhixing.com.cn,zengjun@lezhixing.com.cn success
[ 2019-11-19 09:35:44 ] [ log ] send mail leixinliang@lezhixing.com.cn,macd@lezhixing.com.cn,zengjun@lezhixing.com.cn success
[ 2019-11-19 09:37:17 ] [ log ] send mail leixinliang@lezhixing.com.cn,macd@lezhixing.com.cn,zengjun@lezhixing.com.cn success
[ 2019-11-27 09:30:25 ] [ log ] send mail guest@lezhixing.com.cn success
[ 2019-11-27 09:33:54 ] [ log ] send mail guest@lezhixing.com.cn success
[ 2019-11-27 09:37:33 ] [ log ] send mail guest@lezhixing.com.cn success
[ 2019-11-27 09:38:56 ] [ log ] send mail guest@lezhixing.com.cn success
[ 2019-11-27 10:01:26 ] [ log ] send mail guest@lezhixing.com.cn success
[ 2019-11-27 10:05:27 ] [ error ] send mail  error,No recipients defined
[ 2019-11-27 10:05:59 ] [ error ] send mail  error,No recipients defined
[ 2019-11-27 10:06:00 ] [ error ] send mail  error,No recipients defined
[ 2019-11-27 10:06:11 ] [ error ] send mail  error,No recipients defined
[ 2019-11-27 10:07:15 ] [ error ] send mail  error,No recipients defined
[ 2019-11-27 14:22:00 ] [ log ] send mail guest@lezhixing.com.cn success
[ 2019-11-27 14:22:49 ] [ log ] send mail guest@lezhixing.com.cn success
[ 2019-11-27 14:23:20 ] [ log ] send mail guest@lezhixing.com.cn success
[ 2019-11-27 14:23:30 ] [ log ] send mail guest@lezhixing.com.cn success
[ 2019-11-27 14:23:38 ] [ log ] send mail guest@lezhixing.com.cn success
[ 2019-11-27 14:23:46 ] [ log ] send mail guest@lezhixing.com.cn success
[ 2019-11-27 14:23:54 ] [ log ] send mail guest@lezhixing.com.cn success
[ 2019-11-27 14:24:29 ] [ log ] send mail guest@lezhixing.com.cn success
[ 2019-11-28 20:35:55 ] [ log ] send mail guest@lezhixing.com.cn success
[ 2019-11-28 20:36:18 ] [ log ] send mail guest@lezhixing.com.cn success
[ 2019-11-28 20:36:37 ] [ log ] send mail guest@lezhixing.com.cn success
[ 2019-11-28 20:36:56 ] [ log ] send mail guest@lezhixing.com.cn success
[ 2019-11-29 09:24:43 ] [ log ] send mail guest@lezhixing.com.cn success
[ 2019-11-29 09:24:47 ] [ log ] send mail guest@lezhixing.com.cn success
[ 2019-11-29 09:24:55 ] [ log ] send mail guest@lezhixing.com.cn success
[ 2019-11-29 09:25:28 ] [ log ] send mail guest@lezhixing.com.cn success
