[ 2019-9-5 11:25:16 ] [ error ] send mail  error,No recipients defined
[ 2019-9-5 11:27:55 ] [ error ] send mail  error,No recipients defined
[ 2019-9-5 11:31:44 ] [ error ] send mail  error,No recipients defined
[ 2019-9-5 11:34:38 ] [ error ] send mail  error,No recipients defined
[ 2019-9-5 11:36:02 ] [ error ] send mail  error,No recipients defined
[ 2019-9-5 13:36:28 ] [ error ] send mail  error,No recipients defined
[ 2019-9-5 13:45:08 ] [ error ] send mail  error,No recipients defined
[ 2019-9-5 13:45:39 ] [ error ] send mail  error,No recipients defined
[ 2019-9-5 13:52:25 ] [ error ] send mail  error,No recipients defined
[ 2019-9-5 13:55:51 ] [ error ] send mail  error,No recipients defined
[ 2019-9-5 13:59:49 ] [ error ] send mail  error,No recipients defined
[ 2019-9-5 14:02:11 ] [ error ] send mail  error,No recipients defined
[ 2019-9-5 14:30:54 ] [ error ] send mail  error,No recipients defined
[ 2019-9-5 14:34:27 ] [ error ] send mail  error,No recipients defined
[ 2019-9-5 14:36:41 ] [ error ] send mail  error,No recipients defined
[ 2019-9-5 14:39:20 ] [ error ] send mail  error,No recipients defined
[ 2019-9-5 14:39:37 ] [ error ] send mail  error,No recipients defined
[ 2019-9-5 14:41:48 ] [ error ] send mail  error,No recipients defined
[ 2019-9-5 14:43:01 ] [ error ] send mail  error,No recipients defined
[ 2019-9-5 14:44:07 ] [ error ] send mail  error,No recipients defined
[ 2019-9-5 14:45:37 ] [ error ] send mail  error,No recipients defined
[ 2019-9-5 14:47:22 ] [ error ] send mail  error,No recipients defined
[ 2019-9-5 14:49:01 ] [ error ] send mail  error,No recipients defined
[ 2019-9-5 14:52:37 ] [ error ] send mail  error,No recipients defined
[ 2019-9-5 20:15:03 ] [ log ] send mail wangshengyu@lezhixing.com.cn success
[ 2019-9-5 20:24:24 ] [ log ] send mail wangshengyu@lezhixing.com.cn success
[ 2019-9-5 20:27:40 ] [ log ] send mail wangshengyu@lezhixing.com.cn success
[ 2019-9-5 20:27:50 ] [ log ] send mail wangshengyu@lezhixing.com.cn success
[ 2019-9-5 20:28:41 ] [ log ] send mail wangshengyu@lezhixing.com.cn success
[ 2019-9-6 08:37:59 ] [ error ] send mail  error,No recipients defined
[ 2019-9-6 08:52:46 ] [ error ] send mail  error,No recipients defined
[ 2019-9-6 08:53:23 ] [ error ] send mail  error,No recipients defined
[ 2019-9-6 08:53:46 ] [ error ] send mail  error,No recipients defined
[ 2019-9-6 08:55:25 ] [ error ] send mail  error,No recipients defined
[ 2019-9-6 08:55:52 ] [ error ] send mail  error,No recipients defined
[ 2019-9-6 08:56:16 ] [ error ] send mail  error,No recipients defined
[ 2019-9-6 08:56:54 ] [ error ] send mail  error,No recipients defined
[ 2019-9-6 09:00:26 ] [ error ] send mail  error,No recipients defined
[ 2019-9-6 09:33:50 ] [ error ] send mail  error,No recipients defined
[ 2019-9-6 09:34:51 ] [ error ] send mail  error,No recipients defined
[ 2019-9-6 09:36:08 ] [ log ] send mail chengxiuju@lezhixing.com.cn,yaojianglei@lezhixing.com.cn,gaoshanlin@lezhixing.com.cn,lixinan@lezhixing.com.cn success
[ 2019-9-6 09:36:36 ] [ log ] send mail chengxiuju@lezhixing.com.cn,yaojianglei@lezhixing.com.cn,gaoshanlin@lezhixing.com.cn,lixinan@lezhixing.com.cn success
[ 2019-9-6 09:36:58 ] [ log ] send mail chengxiuju@lezhixing.com.cn,yaojianglei@lezhixing.com.cn,gaoshanlin@lezhixing.com.cn,lixinan@lezhixing.com.cn success
[ 2019-9-6 09:37:36 ] [ error ] send mail  error,No recipients defined
[ 2019-9-6 09:37:42 ] [ error ] send mail  error,No recipients defined
[ 2019-9-6 09:38:32 ] [ error ] send mail  error,No recipients defined
[ 2019-9-6 10:19:45 ] [ error ] send mail  error,No recipients defined
[ 2019-9-6 10:26:48 ] [ error ] send mail  error,No recipients defined
[ 2019-9-6 15:39:54 ] [ log ] send mail chengxiuju@lezhixing.com.cn,yaojianglei@lezhixing.com.cn,gaoshanlin@lezhixing.com.cn,lixinan@lezhixing.com.cn success
[ 2019-9-6 15:40:10 ] [ log ] send mail chengxiuju@lezhixing.com.cn,yaojianglei@lezhixing.com.cn,gaoshanlin@lezhixing.com.cn,lixinan@lezhixing.com.cn success
[ 2019-9-6 15:40:23 ] [ log ] send mail chengxiuju@lezhixing.com.cn,yaojianglei@lezhixing.com.cn,gaoshanlin@lezhixing.com.cn,lixinan@lezhixing.com.cn success
[ 2019-9-6 15:44:48 ] [ log ] send mail chengxiuju@lezhixing.com.cn,yaojianglei@lezhixing.com.cn,gaoshanlin@lezhixing.com.cn,lixinan@lezhixing.com.cn success
[ 2019-9-6 15:48:31 ] [ log ] send mail chengxiuju@lezhixing.com.cn,yaojianglei@lezhixing.com.cn,gaoshanlin@lezhixing.com.cn,lixinan@lezhixing.com.cn success
[ 2019-9-6 15:49:03 ] [ log ] send mail chengxiuju@lezhixing.com.cn,yaojianglei@lezhixing.com.cn,gaoshanlin@lezhixing.com.cn,lixinan@lezhixing.com.cn success
[ 2019-9-6 15:49:33 ] [ log ] send mail chengxiuju@lezhixing.com.cn,yaojianglei@lezhixing.com.cn,gaoshanlin@lezhixing.com.cn,lixinan@lezhixing.com.cn success
[ 2019-9-6 15:50:12 ] [ log ] send mail chengxiuju@lezhixing.com.cn,yaojianglei@lezhixing.com.cn,gaoshanlin@lezhixing.com.cn,lixinan@lezhixing.com.cn success
[ 2019-9-6 15:50:44 ] [ log ] send mail chengxiuju@lezhixing.com.cn,yaojianglei@lezhixing.com.cn,gaoshanlin@lezhixing.com.cn,lixinan@lezhixing.com.cn success
[ 2019-9-6 15:51:06 ] [ log ] send mail chengxiuju@lezhixing.com.cn,yaojianglei@lezhixing.com.cn,gaoshanlin@lezhixing.com.cn,lixinan@lezhixing.com.cn success
[ 2019-9-6 15:51:39 ] [ log ] send mail chengxiuju@lezhixing.com.cn,yaojianglei@lezhixing.com.cn,gaoshanlin@lezhixing.com.cn,lixinan@lezhixing.com.cn success
[ 2019-9-7 10:50:50 ] [ log ] send mail chengxiuju@lezhixing.com.cn,yaojianglei@lezhixing.com.cn,gaoshanlin@lezhixing.com.cn,lixinan@lezhixing.com.cn success
[ 2019-9-7 21:37:08 ] [ log ] send mail macd@lezhixing.com.cn success
[ 2019-9-7 21:39:26 ] [ log ] send mail macd@lezhixing.com.cn success
[ 2019-9-7 21:39:55 ] [ log ] send mail macd@lezhixing.com.cn success
[ 2019-9-7 21:40:23 ] [ log ] send mail macd@lezhixing.com.cn success
[ 2019-9-9 09:54:22 ] [ log ] send mail chengxiuju@lezhixing.com.cn,yaojianglei@lezhixing.com.cn,gaoshanlin@lezhixing.com.cn,lixinan@lezhixing.com.cn success
[ 2019-9-9 09:54:51 ] [ log ] send mail chengxiuju@lezhixing.com.cn,yaojianglei@lezhixing.com.cn,gaoshanlin@lezhixing.com.cn,lixinan@lezhixing.com.cn success
[ 2019-9-9 10:54:35 ] [ log ] send mail leixinliang@lezhixing.com.cn,zhoujie@lezhixing.com.cn,yaojianglei@lezhixing.com.cn success
[ 2019-9-9 11:38:47 ] [ log ] send mail chengxiuju@lezhixing.com.cn,yaojianglei@lezhixing.com.cn,gaoshanlin@lezhixing.com.cn,lixinan@lezhixing.com.cn success
[ 2019-9-9 13:20:13 ] [ log ] send mail macd@lezhixing.com.cn success
[ 2019-9-9 13:20:19 ] [ log ] send mail macd@lezhixing.com.cn success
[ 2019-9-9 14:47:56 ] [ log ] send mail leixinliang@lezhixing.com.cn,zhoujie@lezhixing.com.cn,yaojianglei@lezhixing.com.cn success
[ 2019-9-9 15:27:07 ] [ log ] send mail chengxiuju@lezhixing.com.cn,yaojianglei@lezhixing.com.cn,gaoshanlin@lezhixing.com.cn,lixinan@lezhixing.com.cn success
[ 2019-9-9 15:27:55 ] [ log ] send mail chengxiuju@lezhixing.com.cn,yaojianglei@lezhixing.com.cn,gaoshanlin@lezhixing.com.cn,lixinan@lezhixing.com.cn success
[ 2019-9-9 16:01:07 ] [ log ] send mail chengxiuju@lezhixing.com.cn,yaojianglei@lezhixing.com.cn,gaoshanlin@lezhixing.com.cn,lixinan@lezhixing.com.cn success
[ 2019-9-9 16:36:50 ] [ log ] send mail xcgao2@iflytek.com success
[ 2019-9-10 18:36:26 ] [ log ] send mail chengxiuju@lezhixing.com.cn,yaojianglei@lezhixing.com.cn,gaoshanlin@lezhixing.com.cn,lixinan@lezhixing.com.cn success
[ 2019-9-11 10:24:53 ] [ log ] send mail chengxiuju@lezhixing.com.cn,yaojianglei@lezhixing.com.cn,gaoshanlin@lezhixing.com.cn,lixinan@lezhixing.com.cn success
[ 2019-9-11 13:35:00 ] [ log ] send mail houzengshou@lezhixing.com.cn success
[ 2019-9-12 16:04:37 ] [ log ] send mail houzengshou@lezhixing.com.cn success
[ 2019-9-12 16:13:46 ] [ log ] send mail houzengshou@lezhixing.com.cn success
[ 2019-9-12 16:19:32 ] [ log ] send mail houzengshou@lezhixing.com.cn success
[ 2019-9-12 16:36:06 ] [ log ] send mail houzengshou@lezhixing.com.cn success
[ 2019-9-12 16:36:11 ] [ log ] send mail houzengshou@lezhixing.com.cn success
[ 2019-9-12 16:52:58 ] [ log ] send mail houzengshou@lezhixing.com.cn success
[ 2019-9-12 16:56:15 ] [ log ] send mail houzengshou@lezhixing.com.cn success
[ 2019-9-12 16:56:28 ] [ log ] send mail houzengshou@lezhixing.com.cn success
[ 2019-9-12 17:00:21 ] [ log ] send mail houzengshou@lezhixing.com.cn success
[ 2019-9-12 17:01:15 ] [ log ] send mail houzengshou@lezhixing.com.cn success
[ 2019-9-17 11:05:04 ] [ error ] send mail  error,No recipients defined
[ 2019-9-17 11:17:07 ] [ error ] send mail  error,No recipients defined
[ 2019-9-17 11:18:46 ] [ error ] send mail  error,No recipients defined
[ 2019-9-17 11:30:40 ] [ error ] send mail  error,No recipients defined
[ 2019-9-17 11:37:40 ] [ error ] send mail  error,No recipients defined
[ 2019-9-17 11:43:07 ] [ error ] send mail  error,No recipients defined
[ 2019-9-17 15:42:50 ] [ log ] send mail linhong@lezhixing.com.cn success
[ 2019-9-20 08:47:19 ] [ log ] send mail houzengshou@lezhixing.com.cn success
[ 2019-9-20 11:11:38 ] [ error ] send mail  error,No recipients defined
[ 2019-9-20 11:11:59 ] [ error ] send mail  error,No recipients defined
[ 2019-9-20 15:24:07 ] [ error ] send mail  error,No recipients defined
[ 2019-9-20 15:27:15 ] [ error ] send mail  error,No recipients defined
[ 2019-9-20 15:50:03 ] [ error ] send mail  error,No recipients defined
[ 2019-9-23 13:48:13 ] [ log ] send mail yaojianglei@lezhixing.com.cn,gaoshanlin@lezhixing.com.cn,lixinan@lezhixing.com.cn success
[ 2019-9-23 13:50:19 ] [ log ] send mail yaojianglei@lezhixing.com.cn,gaoshanlin@lezhixing.com.cn,lixinan@lezhixing.com.cn success
[ 2019-9-23 13:50:31 ] [ log ] send mail yaojianglei@lezhixing.com.cn,gaoshanlin@lezhixing.com.cn,lixinan@lezhixing.com.cn success
[ 2019-9-23 13:54:43 ] [ log ] send mail yaojianglei@lezhixing.com.cn,gaoshanlin@lezhixing.com.cn,lixinan@lezhixing.com.cn success
[ 2019-9-23 13:55:37 ] [ log ] send mail yaojianglei@lezhixing.com.cn,gaoshanlin@lezhixing.com.cn,lixinan@lezhixing.com.cn success
[ 2019-9-23 13:56:09 ] [ log ] send mail yaojianglei@lezhixing.com.cn,gaoshanlin@lezhixing.com.cn,lixinan@lezhixing.com.cn success
[ 2019-9-23 13:57:14 ] [ log ] send mail yaojianglei@lezhixing.com.cn,gaoshanlin@lezhixing.com.cn,lixinan@lezhixing.com.cn success
[ 2019-9-23 13:57:57 ] [ log ] send mail yaojianglei@lezhixing.com.cn,gaoshanlin@lezhixing.com.cn,lixinan@lezhixing.com.cn success
[ 2019-9-23 13:58:24 ] [ log ] send mail yaojianglei@lezhixing.com.cn,gaoshanlin@lezhixing.com.cn,lixinan@lezhixing.com.cn success
[ 2019-9-23 13:58:49 ] [ log ] send mail yaojianglei@lezhixing.com.cn,gaoshanlin@lezhixing.com.cn,lixinan@lezhixing.com.cn success
[ 2019-9-23 14:05:14 ] [ log ] send mail yaojianglei@lezhixing.com.cn,gaoshanlin@lezhixing.com.cn,lixinan@lezhixing.com.cn success
[ 2019-9-23 14:08:29 ] [ log ] send mail yaojianglei@lezhixing.com.cn,gaoshanlin@lezhixing.com.cn,lixinan@lezhixing.com.cn success
[ 2019-9-23 14:09:18 ] [ log ] send mail yaojianglei@lezhixing.com.cn,gaoshanlin@lezhixing.com.cn,lixinan@lezhixing.com.cn success
[ 2019-9-23 14:10:47 ] [ log ] send mail yaojianglei@lezhixing.com.cn,gaoshanlin@lezhixing.com.cn,lixinan@lezhixing.com.cn success
[ 2019-9-23 14:11:05 ] [ log ] send mail yaojianglei@lezhixing.com.cn,gaoshanlin@lezhixing.com.cn,lixinan@lezhixing.com.cn success
[ 2019-9-23 14:12:13 ] [ log ] send mail yaojianglei@lezhixing.com.cn,gaoshanlin@lezhixing.com.cn,lixinan@lezhixing.com.cn success
[ 2019-9-23 14:19:02 ] [ log ] send mail yaojianglei@lezhixing.com.cn,gaoshanlin@lezhixing.com.cn,lixinan@lezhixing.com.cn success
[ 2019-9-23 14:24:01 ] [ log ] send mail yaojianglei@lezhixing.com.cn,gaoshanlin@lezhixing.com.cn,lixinan@lezhixing.com.cn success
[ 2019-9-23 14:24:11 ] [ log ] send mail yaojianglei@lezhixing.com.cn,gaoshanlin@lezhixing.com.cn,lixinan@lezhixing.com.cn success
[ 2019-9-23 14:27:37 ] [ log ] send mail yaojianglei@lezhixing.com.cn,gaoshanlin@lezhixing.com.cn,lixinan@lezhixing.com.cn success
[ 2019-9-23 14:28:51 ] [ log ] send mail yaojianglei@lezhixing.com.cn,gaoshanlin@lezhixing.com.cn,lixinan@lezhixing.com.cn success
[ 2019-9-23 14:29:07 ] [ log ] send mail yaojianglei@lezhixing.com.cn,gaoshanlin@lezhixing.com.cn,lixinan@lezhixing.com.cn success
[ 2019-9-23 16:10:34 ] [ log ] send mail yaojianglei@lezhixing.com.cn,gaoshanlin@lezhixing.com.cn,lixinan@lezhixing.com.cn success
[ 2019-9-23 16:10:57 ] [ log ] send mail yaojianglei@lezhixing.com.cn,gaoshanlin@lezhixing.com.cn,lixinan@lezhixing.com.cn success
[ 2019-9-23 16:11:00 ] [ log ] send mail yaojianglei@lezhixing.com.cn,gaoshanlin@lezhixing.com.cn,lixinan@lezhixing.com.cn success
[ 2019-9-23 16:42:45 ] [ log ] send mail yaojianglei@lezhixing.com.cn,gaoshanlin@lezhixing.com.cn,lixinan@lezhixing.com.cn success
[ 2019-9-23 16:42:49 ] [ log ] send mail yaojianglei@lezhixing.com.cn,gaoshanlin@lezhixing.com.cn,lixinan@lezhixing.com.cn success
[ 2019-9-23 16:42:52 ] [ log ] send mail yaojianglei@lezhixing.com.cn,gaoshanlin@lezhixing.com.cn,lixinan@lezhixing.com.cn success
[ 2019-9-25 16:47:21 ] [ log ] send mail yaojianglei@lezhixing.com.cn,gaoshanlin@lezhixing.com.cn,lixinan@lezhixing.com.cn success
[ 2019-9-26 09:05:41 ] [ log ] send mail luojunping@lezhixing.com.cn success
[ 2019-9-26 09:07:39 ] [ log ] send mail luojunping@lezhixing.com.cn success
[ 2019-9-26 09:55:08 ] [ log ] send mail yaojianglei@lezhixing.com.cn,gaoshanlin@lezhixing.com.cn,lixinan@lezhixing.com.cn success
[ 2019-9-26 09:55:23 ] [ log ] send mail yaojianglei@lezhixing.com.cn,gaoshanlin@lezhixing.com.cn,lixinan@lezhixing.com.cn success
[ 2019-9-26 10:57:09 ] [ log ] send mail yaojianglei@lezhixing.com.cn,gaoshanlin@lezhixing.com.cn,lixinan@lezhixing.com.cn success
[ 2019-9-26 11:23:02 ] [ log ] send mail yaojianglei@lezhixing.com.cn,gaoshanlin@lezhixing.com.cn,lixinan@lezhixing.com.cn success
[ 2019-9-27 11:44:17 ] [ error ] send mail  error,No recipients defined
[ 2019-9-27 11:44:57 ] [ error ] send mail  error,No recipients defined
[ 2019-9-27 11:46:34 ] [ error ] send mail  error,No recipients defined
[ 2019-9-27 11:48:07 ] [ error ] send mail  error,No recipients defined
[ 2019-9-27 11:48:28 ] [ error ] send mail  error,No recipients defined
[ 2019-9-27 11:50:57 ] [ error ] send mail  error,No recipients defined
[ 2019-9-27 13:22:18 ] [ error ] send mail  error,No recipients defined
[ 2019-9-28 12:49:02 ] [ error ] send mail  error,No recipients defined
[ 2019-9-28 16:51:46 ] [ error ] send mail  error,No recipients defined
[ 2019-9-29 09:52:43 ] [ log ] send mail zxchen8@iflytek.com success
