[ 2019-2-13 13:59:41 ] [ log ] send mail guosuo@lezhixing.com.cn success
[ 2019-2-14 10:20:55 ] [ log ] send mail lixinan@lezhixing.com.cn success
[ 2019-2-14 10:21:48 ] [ log ] send mail lixinan@lezhixing.com.cn success
[ 2019-2-14 10:22:26 ] [ log ] send mail lixinan@lezhixing.com.cn success
[ 2019-2-14 10:22:58 ] [ log ] send mail lixinan@lezhixing.com.cn success
[ 2019-2-14 10:24:07 ] [ log ] send mail lixinan@lezhixing.com.cn success
[ 2019-2-14 14:03:39 ] [ log ] send mail leixinliang@lezhixing.com.cn,zhoujie@lezhixing.com.cn,zengjun@lezhixing.com.cn success
[ 2019-2-14 14:04:19 ] [ log ] send mail leixinliang@lezhixing.com.cn,zhoujie@lezhixing.com.cn,zengjun@lezhixing.com.cn success
[ 2019-2-14 14:04:33 ] [ log ] send mail leixinliang@lezhixing.com.cn,zhoujie@lezhixing.com.cn,zengjun@lezhixing.com.cn success
[ 2019-2-15 13:52:11 ] [ log ] 服务已启动，请打开下面链接访问: 
http://127.0.0.1:3000/
[ 2019-2-15 13:52:12 ] [ log ] mongodb load success...
[ 2019-2-15 14:17:23 ] [ log ] send mail 583123977@qq.com success
[ 2019-2-16 10:34:35 ] [ log ] send mail gaoshanlin@lezhixing.com.cn,lixinan@lezhixing.com.cn success
[ 2019-2-16 10:38:11 ] [ log ] send mail gaoshanlin@lezhixing.com.cn,lixinan@lezhixing.com.cn success
[ 2019-2-16 10:38:18 ] [ log ] send mail liufeng01@lezhixing.com.cn,zhujj@lezhixing.com.cn success
[ 2019-2-16 10:51:14 ] [ log ] send mail liufeng01@lezhixing.com.cn,zhujj@lezhixing.com.cn success
[ 2019-2-16 10:52:32 ] [ log ] send mail liufeng01@lezhixing.com.cn,zhujj@lezhixing.com.cn success
[ 2019-2-16 10:52:40 ] [ log ] send mail liufeng01@lezhixing.com.cn,zhujj@lezhixing.com.cn success
[ 2019-2-16 10:56:26 ] [ log ] send mail liufeng01@lezhixing.com.cn,zhujj@lezhixing.com.cn success
[ 2019-2-16 11:31:21 ] [ log ] send mail liufeng01@lezhixing.com.cn,zhujj@lezhixing.com.cn success
[ 2019-2-16 14:45:14 ] [ log ] send mail gaoxinxin@lezhixing.com.cn,zhangpei@lezhixing.com.cn,zengjun@lezhixing.com.cn success
[ 2019-2-16 16:05:27 ] [ log ] send mail gaoshanlin@lezhixing.com.cn,lixinan@lezhixing.com.cn success
[ 2019-2-16 17:25:14 ] [ log ] send mail gaoshanlin@lezhixing.com.cn,lixinan@lezhixing.com.cn success
[ 2019-2-19 10:11:33 ] [ log ] send mail wangwei@lezhixing.com.cn,yuanjiefeng@lezhixing.com.cn,lifengzhuang@lezhixing.com.cn,jihy@lezhixing.com.cn success
[ 2019-2-19 10:24:37 ] [ log ] send mail wangwei@lezhixing.com.cn,yuanjiefeng@lezhixing.com.cn,lifengzhuang@lezhixing.com.cn,jihy@lezhixing.com.cn success
[ 2019-2-19 10:29:49 ] [ log ] send mail liufeng01@lezhixing.com.cn,zhujj@lezhixing.com.cn success
[ 2019-2-19 10:29:51 ] [ log ] send mail liufeng01@lezhixing.com.cn,zhujj@lezhixing.com.cn success
[ 2019-2-19 10:30:37 ] [ log ] send mail liufeng01@lezhixing.com.cn,zhujj@lezhixing.com.cn success
[ 2019-2-19 10:31:01 ] [ log ] send mail liufeng01@lezhixing.com.cn,zhujj@lezhixing.com.cn success
[ 2019-2-19 10:36:35 ] [ log ] send mail wangwei@lezhixing.com.cn,yuanjiefeng@lezhixing.com.cn,lifengzhuang@lezhixing.com.cn,jihy@lezhixing.com.cn success
[ 2019-2-19 10:38:12 ] [ log ] send mail wangwei@lezhixing.com.cn,yuanjiefeng@lezhixing.com.cn,lifengzhuang@lezhixing.com.cn,jihy@lezhixing.com.cn success
[ 2019-2-19 11:03:52 ] [ log ] send mail yuanjiefeng@lezhixing.com.cn,lifengzhuang@lezhixing.com.cn success
[ 2019-2-19 11:04:16 ] [ log ] send mail yuanjiefeng@lezhixing.com.cn,lifengzhuang@lezhixing.com.cn success
[ 2019-2-19 11:16:17 ] [ log ] send mail yuanjiefeng@lezhixing.com.cn,lifengzhuang@lezhixing.com.cn success
[ 2019-2-19 11:20:16 ] [ log ] send mail yuanjiefeng@lezhixing.com.cn,lifengzhuang@lezhixing.com.cn success
[ 2019-2-21 10:40:36 ] [ error ] send mail gaoxinxin@lezhixing.com.cn,zhangpei@lezhixing.com.cn,zengjun@lezhixing.com.cn error,Greeting never received
[ 2019-2-21 10:44:13 ] [ error ] send mail gaoxinxin@lezhixing.com.cn,zhangpei@lezhixing.com.cn,zengjun@lezhixing.com.cn error,Greeting never received
[ 2019-2-21 16:10:35 ] [ log ] send mail gaoxinxin@lezhixing.com.cn,mengzhaoqiang@lezhixing.com.cn,wangze@lezhixing.com.cn,xutao@lezhixing.com.cn,zengjun@lezhixing.com.cn success
[ 2019-2-21 16:14:53 ] [ log ] send mail gaoxinxin@lezhixing.com.cn,mengzhaoqiang@lezhixing.com.cn,wangze@lezhixing.com.cn,xutao@lezhixing.com.cn,zengjun@lezhixing.com.cn success
[ 2019-2-21 16:16:02 ] [ log ] send mail gaoxinxin@lezhixing.com.cn,mengzhaoqiang@lezhixing.com.cn,wangze@lezhixing.com.cn,xutao@lezhixing.com.cn,zengjun@lezhixing.com.cn success
[ 2019-2-21 16:31:12 ] [ log ] send mail gaoxinxin@lezhixing.com.cn,mengzhaoqiang@lezhixing.com.cn,wangze@lezhixing.com.cn,xutao@lezhixing.com.cn,zengjun@lezhixing.com.cn success
[ 2019-2-22 09:02:29 ] [ log ] send mail lilongfei@lezhixing.com.cn success
[ 2019-2-22 09:10:08 ] [ log ] send mail lilongfei@lezhixing.com.cn success
[ 2019-2-22 09:10:25 ] [ log ] send mail lilongfei@lezhixing.com.cn success
[ 2019-2-22 09:13:21 ] [ log ] send mail lilongfei@lezhixing.com.cn success
[ 2019-2-22 09:55:07 ] [ log ] send mail lilongfei@lezhixing.com.cn success
[ 2019-2-22 10:25:01 ] [ log ] send mail gaoxinxin@lezhixing.com.cn,mengzhaoqiang@lezhixing.com.cn,wangze@lezhixing.com.cn,xutao@lezhixing.com.cn,zengjun@lezhixing.com.cn success
[ 2019-2-25 09:57:32 ] [ log ] send mail sunshijian@lezhixing.com.cn success
[ 2019-2-25 10:04:59 ] [ log ] send mail sunshijian@lezhixing.com.cn success
[ 2019-2-25 10:28:48 ] [ log ] send mail sunshijian@lezhixing.com.cn success
[ 2019-2-25 10:37:42 ] [ log ] send mail sunshijian@lezhixing.com.cn success
[ 2019-2-25 10:38:13 ] [ log ] send mail sunshijian@lezhixing.com.cn success
[ 2019-2-25 10:56:45 ] [ log ] send mail sunshijian@lezhixing.com.cn success
[ 2019-2-25 10:59:52 ] [ log ] send mail sunshijian@lezhixing.com.cn success
[ 2019-2-25 11:02:55 ] [ log ] send mail sunshijian@lezhixing.com.cn success
[ 2019-2-25 16:10:00 ] [ log ] send mail sunshijian@lezhixing.com.cn,guodingguo@lezhixing.com.cn success
[ 2019-2-25 16:10:57 ] [ log ] send mail sunshijian@lezhixing.com.cn,guodingguo@lezhixing.com.cn success
[ 2019-2-25 16:20:21 ] [ log ] send mail sunshijian@lezhixing.com.cn,guodingguo@lezhixing.com.cn success
[ 2019-2-25 16:59:33 ] [ log ] send mail sunshijian@lezhixing.com.cn,guodingguo@lezhixing.com.cn success
[ 2019-2-25 17:00:44 ] [ log ] send mail sunshijian@lezhixing.com.cn,guodingguo@lezhixing.com.cn success
[ 2019-2-25 17:02:53 ] [ log ] send mail sunshijian@lezhixing.com.cn,guodingguo@lezhixing.com.cn success
[ 2019-2-25 17:12:31 ] [ log ] send mail sunshijian@lezhixing.com.cn,guodingguo@lezhixing.com.cn success
[ 2019-2-25 17:18:22 ] [ log ] send mail sunshijian@lezhixing.com.cn,guodingguo@lezhixing.com.cn success
[ 2019-2-25 17:18:55 ] [ log ] send mail sunshijian@lezhixing.com.cn,guodingguo@lezhixing.com.cn success
[ 2019-2-25 17:40:48 ] [ log ] send mail sunshijian@lezhixing.com.cn,guodingguo@lezhixing.com.cn success
[ 2019-2-25 17:43:34 ] [ log ] send mail sunshijian@lezhixing.com.cn,guodingguo@lezhixing.com.cn success
[ 2019-2-25 17:44:54 ] [ log ] send mail sunshijian@lezhixing.com.cn,guodingguo@lezhixing.com.cn success
[ 2019-2-26 09:50:50 ] [ log ] send mail sunshijian@lezhixing.com.cn,guodingguo@lezhixing.com.cn success
[ 2019-2-26 09:52:15 ] [ log ] send mail sunshijian@lezhixing.com.cn,guodingguo@lezhixing.com.cn success
[ 2019-2-26 10:33:11 ] [ error ] send mail sunshijian@lezhixing.com.cn,guodingguo@lezhixing.com.cn error,Greeting never received
[ 2019-2-26 10:34:07 ] [ log ] send mail sunshijian@lezhixing.com.cn,guodingguo@lezhixing.com.cn success
[ 2019-2-26 13:46:57 ] [ log ] send mail sunshijian@lezhixing.com.cn,guodingguo@lezhixing.com.cn success
[ 2019-2-26 15:05:18 ] [ log ] send mail sunshijian@lezhixing.com.cn,guodingguo@lezhixing.com.cn success
[ 2019-2-26 15:25:53 ] [ log ] send mail sunshijian@lezhixing.com.cn,guodingguo@lezhixing.com.cn success
[ 2019-2-26 18:51:59 ] [ log ] send mail gaoxinxin@lezhixing.com.cn,mengzhaoqiang@lezhixing.com.cn,wangze@lezhixing.com.cn,xutao@lezhixing.com.cn,zengjun@lezhixing.com.cn success
[ 2019-2-26 18:52:43 ] [ log ] send mail gaoxinxin@lezhixing.com.cn,mengzhaoqiang@lezhixing.com.cn,wangze@lezhixing.com.cn,xutao@lezhixing.com.cn,zengjun@lezhixing.com.cn success
[ 2019-2-26 18:56:53 ] [ log ] send mail gaoxinxin@lezhixing.com.cn,mengzhaoqiang@lezhixing.com.cn,wangze@lezhixing.com.cn,xutao@lezhixing.com.cn,zengjun@lezhixing.com.cn success
[ 2019-2-26 18:57:05 ] [ log ] send mail gaoxinxin@lezhixing.com.cn,mengzhaoqiang@lezhixing.com.cn,wangze@lezhixing.com.cn,xutao@lezhixing.com.cn,zengjun@lezhixing.com.cn success
[ 2019-2-26 19:01:50 ] [ log ] send mail sunshijian@lezhixing.com.cn,guodingguo@lezhixing.com.cn success
[ 2019-2-26 19:02:32 ] [ log ] send mail gaoxinxin@lezhixing.com.cn,mengzhaoqiang@lezhixing.com.cn,wangze@lezhixing.com.cn,xutao@lezhixing.com.cn,zengjun@lezhixing.com.cn success
[ 2019-2-26 19:03:19 ] [ log ] send mail gaoxinxin@lezhixing.com.cn,mengzhaoqiang@lezhixing.com.cn,wangze@lezhixing.com.cn,xutao@lezhixing.com.cn,zengjun@lezhixing.com.cn success
[ 2019-2-26 19:08:30 ] [ log ] send mail gaoxinxin@lezhixing.com.cn,mengzhaoqiang@lezhixing.com.cn,wangze@lezhixing.com.cn,xutao@lezhixing.com.cn,zengjun@lezhixing.com.cn success
[ 2019-2-26 19:26:38 ] [ log ] send mail sunshijian@lezhixing.com.cn,guodingguo@lezhixing.com.cn success
[ 2019-2-26 19:27:29 ] [ log ] send mail sunshijian@lezhixing.com.cn,guodingguo@lezhixing.com.cn success
[ 2019-2-27 08:54:29 ] [ log ] send mail tenglianghao@lezhixing.com.cn,leixinliang@lezhixing.com.cn,macd@lezhixing.com.cn success
[ 2019-2-27 08:57:41 ] [ error ] send mail  error,No recipients defined
[ 2019-2-27 09:10:55 ] [ log ] send mail gaoxinxin@lezhixing.com.cn,mengzhaoqiang@lezhixing.com.cn,wangze@lezhixing.com.cn,xutao@lezhixing.com.cn,zengjun@lezhixing.com.cn success
[ 2019-2-27 09:12:13 ] [ log ] send mail gaoxinxin@lezhixing.com.cn,mengzhaoqiang@lezhixing.com.cn,wangze@lezhixing.com.cn,xutao@lezhixing.com.cn,zengjun@lezhixing.com.cn success
[ 2019-2-27 09:14:09 ] [ log ] send mail gaoxinxin@lezhixing.com.cn,mengzhaoqiang@lezhixing.com.cn,wangze@lezhixing.com.cn,xutao@lezhixing.com.cn,zengjun@lezhixing.com.cn success
[ 2019-2-27 09:14:45 ] [ error ] send mail  error,No recipients defined
[ 2019-2-27 09:15:01 ] [ log ] send mail gaoxinxin@lezhixing.com.cn,mengzhaoqiang@lezhixing.com.cn,wangze@lezhixing.com.cn,xutao@lezhixing.com.cn,zengjun@lezhixing.com.cn success
[ 2019-2-27 09:15:23 ] [ log ] send mail gaoxinxin@lezhixing.com.cn,mengzhaoqiang@lezhixing.com.cn,wangze@lezhixing.com.cn,xutao@lezhixing.com.cn,zengjun@lezhixing.com.cn success
[ 2019-2-27 09:15:43 ] [ log ] send mail gaoxinxin@lezhixing.com.cn,mengzhaoqiang@lezhixing.com.cn,wangze@lezhixing.com.cn,xutao@lezhixing.com.cn,zengjun@lezhixing.com.cn success
[ 2019-2-27 09:15:57 ] [ log ] send mail gaoxinxin@lezhixing.com.cn,mengzhaoqiang@lezhixing.com.cn,wangze@lezhixing.com.cn,xutao@lezhixing.com.cn,zengjun@lezhixing.com.cn success
[ 2019-2-27 09:16:27 ] [ log ] send mail gaoxinxin@lezhixing.com.cn,mengzhaoqiang@lezhixing.com.cn,wangze@lezhixing.com.cn,xutao@lezhixing.com.cn,zengjun@lezhixing.com.cn success
[ 2019-2-27 09:19:39 ] [ log ] send mail gaoxinxin@lezhixing.com.cn,mengzhaoqiang@lezhixing.com.cn,wangze@lezhixing.com.cn,xutao@lezhixing.com.cn,zengjun@lezhixing.com.cn success
[ 2019-2-27 09:19:44 ] [ log ] send mail gaoxinxin@lezhixing.com.cn,mengzhaoqiang@lezhixing.com.cn,wangze@lezhixing.com.cn,xutao@lezhixing.com.cn,zengjun@lezhixing.com.cn success
[ 2019-2-27 09:20:35 ] [ log ] send mail gaoxinxin@lezhixing.com.cn,mengzhaoqiang@lezhixing.com.cn,wangze@lezhixing.com.cn,zengjun@lezhixing.com.cn success
[ 2019-2-27 09:21:35 ] [ log ] send mail gaoxinxin@lezhixing.com.cn,mengzhaoqiang@lezhixing.com.cn,wangze@lezhixing.com.cn,zengjun@lezhixing.com.cn success
[ 2019-2-27 09:21:36 ] [ log ] send mail gaoxinxin@lezhixing.com.cn,mengzhaoqiang@lezhixing.com.cn,wangze@lezhixing.com.cn,zengjun@lezhixing.com.cn success
[ 2019-2-27 09:22:05 ] [ log ] send mail gaoxinxin@lezhixing.com.cn,mengzhaoqiang@lezhixing.com.cn,wangze@lezhixing.com.cn,zengjun@lezhixing.com.cn success
[ 2019-2-27 09:38:16 ] [ log ] send mail 350807954@qq.com success
[ 2019-2-27 14:59:03 ] [ log ] send mail gaoshanlin@lezhixing.com.cn,lixinan@lezhixing.com.cn success
[ 2019-2-27 15:53:40 ] [ log ] send mail yfding2@iflytek.com success
[ 2019-2-27 16:09:13 ] [ log ] send mail chaohe5@iflytek.com success
[ 2019-2-27 16:09:45 ] [ log ] send mail leiyang5@iflytek.com success
[ 2019-2-27 16:10:00 ] [ log ] send mail qiwei2@iflytek.com success
[ 2019-2-27 16:20:18 ] [ log ] send mail fenpeng@iflytek.com success
[ 2019-2-28 08:59:43 ] [ log ] send mail wangtao@lezhixing.com.cn success
[ 2019-2-28 09:02:01 ] [ log ] send mail wangtao@lezhixing.com.cn success
[ 2019-2-28 09:02:12 ] [ log ] send mail wangtao@lezhixing.com.cn success
[ 2019-2-28 09:46:55 ] [ log ] send mail sunshijian@lezhixing.com.cn,guodingguo@lezhixing.com.cn success
[ 2019-2-28 09:49:36 ] [ log ] send mail sunshijian@lezhixing.com.cn,guodingguo@lezhixing.com.cn success
[ 2019-2-28 10:03:09 ] [ log ] send mail gaoxinxin@lezhixing.com.cn,mengzhaoqiang@lezhixing.com.cn,wangze@lezhixing.com.cn,zengjun@lezhixing.com.cn success
[ 2019-2-28 10:05:45 ] [ log ] send mail gaoxinxin@lezhixing.com.cn,mengzhaoqiang@lezhixing.com.cn,wangze@lezhixing.com.cn,zengjun@lezhixing.com.cn success
[ 2019-2-28 10:41:35 ] [ error ] send mail  error,No recipients defined
[ 2019-2-28 10:49:44 ] [ error ] send mail  error,No recipients defined
[ 2019-2-28 10:54:41 ] [ error ] send mail  error,No recipients defined
[ 2019-2-28 10:55:31 ] [ error ] send mail  error,No recipients defined
[ 2019-2-28 10:56:40 ] [ error ] send mail  error,No recipients defined
[ 2019-2-28 11:15:25 ] [ log ] send mail gaoxinxin@lezhixing.com.cn,mengzhaoqiang@lezhixing.com.cn,wangze@lezhixing.com.cn,zengjun@lezhixing.com.cn success
[ 2019-2-28 11:15:31 ] [ log ] send mail gaoxinxin@lezhixing.com.cn,mengzhaoqiang@lezhixing.com.cn,wangze@lezhixing.com.cn,zengjun@lezhixing.com.cn success
[ 2019-2-28 11:34:26 ] [ error ] send mail  error,No recipients defined
[ 2019-2-28 13:12:30 ] [ error ] send mail  error,No recipients defined
[ 2019-2-28 14:15:03 ] [ error ] send mail  error,No recipients defined
[ 2019-2-28 14:17:04 ] [ error ] send mail  error,No recipients defined
[ 2019-2-28 14:18:17 ] [ error ] send mail  error,No recipients defined
[ 2019-2-28 14:20:06 ] [ error ] send mail  error,No recipients defined
[ 2019-2-28 14:54:06 ] [ error ] send mail  error,No recipients defined
[ 2019-2-28 14:55:18 ] [ error ] send mail  error,No recipients defined
[ 2019-2-28 14:57:13 ] [ error ] send mail  error,No recipients defined
[ 2019-2-28 14:57:41 ] [ error ] send mail  error,No recipients defined
[ 2019-2-28 14:57:49 ] [ error ] send mail  error,No recipients defined
[ 2019-2-28 15:24:16 ] [ log ] send mail sunshijian@lezhixing.com.cn,guodingguo@lezhixing.com.cn success
[ 2019-2-28 15:44:42 ] [ log ] send mail sunshijian@lezhixing.com.cn,guodingguo@lezhixing.com.cn success
[ 2019-2-28 16:06:07 ] [ log ] send mail sunshijian@lezhixing.com.cn,guodingguo@lezhixing.com.cn success
[ 2019-2-28 16:07:02 ] [ log ] send mail sunshijian@lezhixing.com.cn,guodingguo@lezhixing.com.cn success
