[ 2019-8-1 18:33:56 ] [ log ] send mail 350807954@qq.com success
[ 2019-8-1 18:34:32 ] [ log ] send mail 350807954@qq.com success
[ 2019-8-1 18:35:22 ] [ log ] send mail 350807954@qq.com success
[ 2019-8-1 18:37:38 ] [ log ] send mail 350807954@qq.com success
[ 2019-8-1 18:38:26 ] [ log ] send mail 350807954@qq.com success
[ 2019-8-1 19:12:59 ] [ log ] send mail 350807954@qq.com success
[ 2019-8-1 19:17:33 ] [ log ] send mail 350807954@qq.com success
[ 2019-8-1 19:18:33 ] [ log ] send mail 350807954@qq.com success
[ 2019-8-2 10:44:55 ] [ log ] send mail 459983196@qq.com success
[ 2019-8-2 14:46:30 ] [ error ] send mail  error,No recipients defined
[ 2019-8-2 14:52:47 ] [ error ] send mail  error,No recipients defined
[ 2019-8-2 14:54:33 ] [ error ] send mail  error,No recipients defined
[ 2019-8-2 15:07:29 ] [ error ] send mail  error,No recipients defined
[ 2019-8-2 15:08:04 ] [ error ] send mail  error,No recipients defined
[ 2019-8-2 15:13:11 ] [ error ] send mail  error,No recipients defined
[ 2019-8-2 15:21:01 ] [ error ] send mail  error,No recipients defined
[ 2019-8-2 15:32:37 ] [ log ] send mail songzhaohui@lezhixing.com.cn,xutao@lezhixing.com.cn success
[ 2019-8-2 16:06:00 ] [ log ] send mail songzhaohui@lezhixing.com.cn,xutao@lezhixing.com.cn success
[ 2019-8-5 16:33:57 ] [ log ] send mail zhangandi@lezhixing.com.cn success
[ 2019-8-5 18:01:10 ] [ error ] send mail  error,No recipients defined
[ 2019-8-5 18:01:48 ] [ error ] send mail  error,No recipients defined
[ 2019-8-5 18:41:49 ] [ log ] send mail wangshengyu@lezhixing.com.cn success
[ 2019-8-5 18:43:05 ] [ log ] send mail wangshengyu@lezhixing.com.cn success
[ 2019-8-5 18:43:30 ] [ log ] send mail wangshengyu@lezhixing.com.cn success
[ 2019-8-7 15:36:52 ] [ log ] send mail mengzhaoqiang@lezhixing.com.cn,zhangpei@lezhixing.com.cn success
[ 2019-8-8 08:58:33 ] [ log ] send mail mengzhaoqiang@lezhixing.com.cn,zhangpei@lezhixing.com.cn success
[ 2019-8-8 09:00:42 ] [ log ] send mail mengzhaoqiang@lezhixing.com.cn,zhangpei@lezhixing.com.cn success
[ 2019-8-8 14:49:05 ] [ log ] send mail songzhaohui@lezhixing.com.cn,xutao@lezhixing.com.cn success
[ 2019-8-8 15:04:21 ] [ log ] send mail mengzhaoqiang@lezhixing.com.cn,zhangpei@lezhixing.com.cn success
[ 2019-8-8 15:05:13 ] [ log ] send mail mengzhaoqiang@lezhixing.com.cn,zhangpei@lezhixing.com.cn success
[ 2019-8-8 15:06:43 ] [ log ] send mail mengzhaoqiang@lezhixing.com.cn,zhangpei@lezhixing.com.cn success
[ 2019-8-8 15:57:17 ] [ log ] send mail mengzhaoqiang@lezhixing.com.cn,zhangpei@lezhixing.com.cn success
[ 2019-8-8 16:52:07 ] [ log ] send mail mengzhaoqiang@lezhixing.com.cn,zhangpei@lezhixing.com.cn success
[ 2019-8-8 16:55:46 ] [ log ] send mail mengzhaoqiang@lezhixing.com.cn,zhangpei@lezhixing.com.cn success
[ 2019-8-8 17:01:59 ] [ log ] send mail mengzhaoqiang@lezhixing.com.cn,zhangpei@lezhixing.com.cn success
[ 2019-8-8 17:10:36 ] [ log ] send mail mengzhaoqiang@lezhixing.com.cn,zhangpei@lezhixing.com.cn success
[ 2019-8-8 18:11:35 ] [ log ] send mail 352484005@qq.com success
[ 2019-8-8 18:11:50 ] [ log ] send mail 15927030754@163.com success
[ 2019-8-8 18:12:22 ] [ log ] send mail huaqin@iflytek.com success
[ 2019-8-9 09:21:59 ] [ log ] send mail mengzhaoqiang@lezhixing.com.cn,zhangpei@lezhixing.com.cn success
[ 2019-8-9 09:25:49 ] [ log ] send mail mengzhaoqiang@lezhixing.com.cn,zhangpei@lezhixing.com.cn success
[ 2019-8-9 09:45:00 ] [ log ] send mail mengzhaoqiang@lezhixing.com.cn,zhangpei@lezhixing.com.cn success
[ 2019-8-9 09:51:49 ] [ log ] send mail mengzhaoqiang@lezhixing.com.cn,zhangpei@lezhixing.com.cn success
[ 2019-8-9 09:51:49 ] [ log ] send mail mengzhaoqiang@lezhixing.com.cn,zhangpei@lezhixing.com.cn success
[ 2019-8-9 10:14:30 ] [ log ] send mail mengzhaoqiang@lezhixing.com.cn,zhangpei@lezhixing.com.cn success
[ 2019-8-9 11:34:04 ] [ log ] send mail mengzhaoqiang@lezhixing.com.cn,zhangpei@lezhixing.com.cn success
[ 2019-8-9 11:34:20 ] [ log ] send mail mengzhaoqiang@lezhixing.com.cn,zhangpei@lezhixing.com.cn success
[ 2019-8-9 11:36:20 ] [ log ] send mail mengzhaoqiang@lezhixing.com.cn,zhangpei@lezhixing.com.cn success
[ 2019-8-9 13:49:42 ] [ log ] send mail mengzhaoqiang@lezhixing.com.cn,zhangpei@lezhixing.com.cn success
[ 2019-8-9 15:34:50 ] [ log ] send mail mengzhaoqiang@lezhixing.com.cn,zhangpei@lezhixing.com.cn success
[ 2019-8-9 15:35:13 ] [ log ] send mail mengzhaoqiang@lezhixing.com.cn,zhangpei@lezhixing.com.cn success
[ 2019-8-9 15:49:48 ] [ log ] send mail mengzhaoqiang@lezhixing.com.cn,zhangpei@lezhixing.com.cn success
[ 2019-8-9 15:50:26 ] [ log ] send mail mengzhaoqiang@lezhixing.com.cn,zhangpei@lezhixing.com.cn success
[ 2019-8-9 15:59:55 ] [ log ] send mail mengzhaoqiang@lezhixing.com.cn,zhangpei@lezhixing.com.cn success
[ 2019-8-9 16:05:05 ] [ log ] send mail mengzhaoqiang@lezhixing.com.cn,zhangpei@lezhixing.com.cn success
[ 2019-8-9 16:11:12 ] [ log ] send mail mengzhaoqiang@lezhixing.com.cn,zhangpei@lezhixing.com.cn success
[ 2019-8-9 16:26:06 ] [ log ] send mail mengzhaoqiang@lezhixing.com.cn,zhangpei@lezhixing.com.cn success
[ 2019-8-12 09:32:19 ] [ log ] send mail mengzhaoqiang@lezhixing.com.cn,zhangpei@lezhixing.com.cn success
[ 2019-8-12 09:35:32 ] [ log ] send mail mengzhaoqiang@lezhixing.com.cn,zhangpei@lezhixing.com.cn success
[ 2019-8-12 09:49:24 ] [ log ] send mail mengzhaoqiang@lezhixing.com.cn,zhangpei@lezhixing.com.cn success
[ 2019-8-12 09:49:31 ] [ log ] send mail mengzhaoqiang@lezhixing.com.cn,zhangpei@lezhixing.com.cn success
[ 2019-8-12 10:01:14 ] [ log ] send mail mengzhaoqiang@lezhixing.com.cn,zhangpei@lezhixing.com.cn success
[ 2019-8-12 10:09:38 ] [ log ] send mail mengzhaoqiang@lezhixing.com.cn,zhangpei@lezhixing.com.cn success
[ 2019-8-12 10:15:37 ] [ log ] send mail mengzhaoqiang@lezhixing.com.cn,zhangpei@lezhixing.com.cn success
[ 2019-8-12 10:17:23 ] [ log ] send mail mengzhaoqiang@lezhixing.com.cn,zhangpei@lezhixing.com.cn success
[ 2019-8-12 16:40:21 ] [ log ] send mail mengzhaoqiang@lezhixing.com.cn,zhangpei@lezhixing.com.cn success
[ 2019-8-12 16:40:44 ] [ log ] send mail mengzhaoqiang@lezhixing.com.cn,zhangpei@lezhixing.com.cn success
[ 2019-8-13 16:06:48 ] [ error ] send mail  error,No recipients defined
[ 2019-8-13 19:00:17 ] [ log ] send mail mengzhaoqiang@lezhixing.com.cn,zhangpei@lezhixing.com.cn success
[ 2019-8-13 20:08:53 ] [ error ] send mail  error,No recipients defined
[ 2019-8-14 10:18:54 ] [ log ] send mail mengzhaoqiang@lezhixing.com.cn,zhangpei@lezhixing.com.cn success
[ 2019-8-14 10:52:08 ] [ log ] send mail mengzhaoqiang@lezhixing.com.cn,zhangpei@lezhixing.com.cn success
[ 2019-8-14 11:09:29 ] [ log ] send mail mengzhaoqiang@lezhixing.com.cn,zhangpei@lezhixing.com.cn success
[ 2019-8-14 11:12:59 ] [ log ] send mail mengzhaoqiang@lezhixing.com.cn,zhangpei@lezhixing.com.cn success
[ 2019-8-14 11:18:55 ] [ log ] send mail wangjiangwei@lezhixing.com.cn success
[ 2019-8-14 13:46:42 ] [ error ] send mail  error,No recipients defined
[ 2019-8-14 13:54:08 ] [ error ] send mail  error,No recipients defined
[ 2019-8-14 13:55:26 ] [ error ] send mail  error,No recipients defined
[ 2019-8-14 13:55:48 ] [ error ] send mail  error,No recipients defined
[ 2019-8-14 13:59:48 ] [ error ] send mail  error,No recipients defined
[ 2019-8-14 14:08:16 ] [ log ] send mail chenzexing@lezhixing.com.cn success
[ 2019-8-14 14:52:32 ] [ error ] send mail  error,No recipients defined
[ 2019-8-14 14:52:41 ] [ error ] send mail  error,No recipients defined
[ 2019-8-14 15:11:18 ] [ error ] send mail  error,No recipients defined
[ 2019-8-14 15:20:42 ] [ error ] send mail  error,No recipients defined
[ 2019-8-14 15:20:45 ] [ error ] send mail  error,No recipients defined
[ 2019-8-14 15:21:57 ] [ error ] send mail  error,No recipients defined
[ 2019-8-14 15:24:35 ] [ log ] send mail zqwang18@iflytek.com success
[ 2019-8-14 15:33:05 ] [ error ] send mail  error,No recipients defined
[ 2019-8-14 15:39:01 ] [ error ] send mail  error,No recipients defined
[ 2019-8-14 15:45:35 ] [ error ] send mail  error,No recipients defined
[ 2019-8-14 15:46:58 ] [ error ] send mail  error,No recipients defined
[ 2019-8-14 15:48:53 ] [ error ] send mail  error,No recipients defined
[ 2019-8-14 15:57:27 ] [ error ] send mail  error,No recipients defined
[ 2019-8-14 15:58:57 ] [ error ] send mail  error,No recipients defined
[ 2019-8-14 16:12:11 ] [ error ] send mail  error,No recipients defined
[ 2019-8-14 16:15:27 ] [ error ] send mail  error,No recipients defined
[ 2019-8-14 16:46:26 ] [ error ] send mail  error,No recipients defined
[ 2019-8-14 16:59:31 ] [ error ] send mail  error,No recipients defined
[ 2019-8-14 17:05:11 ] [ error ] send mail  error,No recipients defined
[ 2019-8-14 17:16:33 ] [ error ] send mail  error,No recipients defined
[ 2019-8-14 17:17:00 ] [ error ] send mail  error,No recipients defined
[ 2019-8-15 08:54:31 ] [ error ] send mail  error,No recipients defined
[ 2019-8-15 08:54:47 ] [ error ] send mail  error,No recipients defined
[ 2019-8-15 08:54:52 ] [ error ] send mail  error,No recipients defined
[ 2019-8-15 08:55:21 ] [ error ] send mail  error,No recipients defined
[ 2019-8-15 09:03:00 ] [ error ] send mail  error,No recipients defined
[ 2019-8-15 14:03:55 ] [ error ] send mail  error,No recipients defined
[ 2019-8-15 14:05:45 ] [ error ] send mail  error,No recipients defined
[ 2019-8-15 14:27:19 ] [ error ] send mail  error,No recipients defined
[ 2019-8-15 14:27:42 ] [ error ] send mail  error,No recipients defined
[ 2019-8-15 14:32:50 ] [ log ] send mail mengzhaoqiang@lezhixing.com.cn,zhangpei@lezhixing.com.cn,zhangandi@lezhixing.com.cn success
[ 2019-8-15 14:32:57 ] [ error ] send mail  error,No recipients defined
[ 2019-8-15 14:34:12 ] [ error ] send mail  error,No recipients defined
[ 2019-8-15 14:37:09 ] [ log ] send mail mengzhaoqiang@lezhixing.com.cn,zhangpei@lezhixing.com.cn,zhangandi@lezhixing.com.cn success
[ 2019-8-15 14:39:26 ] [ error ] send mail  error,No recipients defined
[ 2019-8-15 14:48:43 ] [ log ] send mail mengzhaoqiang@lezhixing.com.cn,zhangpei@lezhixing.com.cn,zhangandi@lezhixing.com.cn success
[ 2019-8-15 15:12:15 ] [ error ] send mail  error,No recipients defined
[ 2019-8-15 16:39:21 ] [ error ] send mail  error,No recipients defined
[ 2019-8-15 16:47:48 ] [ error ] send mail  error,No recipients defined
[ 2019-8-16 15:16:48 ] [ error ] send mail  error,No recipients defined
[ 2019-8-17 09:44:48 ] [ error ] send mail  error,No recipients defined
[ 2019-8-19 09:26:03 ] [ error ] send mail  error,No recipients defined
[ 2019-8-19 09:27:08 ] [ error ] send mail  error,No recipients defined
[ 2019-8-19 09:27:12 ] [ error ] send mail  error,No recipients defined
[ 2019-8-19 09:45:23 ] [ error ] send mail  error,No recipients defined
[ 2019-8-19 09:46:56 ] [ error ] send mail  error,No recipients defined
[ 2019-8-19 09:48:15 ] [ error ] send mail  error,No recipients defined
[ 2019-8-19 09:48:59 ] [ error ] send mail  error,No recipients defined
[ 2019-8-19 09:49:58 ] [ error ] send mail  error,No recipients defined
[ 2019-8-19 10:02:09 ] [ error ] send mail  error,No recipients defined
[ 2019-8-19 14:49:03 ] [ error ] send mail  error,No recipients defined
[ 2019-8-20 20:07:56 ] [ error ] send mail  error,No recipients defined
[ 2019-8-21 10:43:39 ] [ log ] send mail songzhaohui@lezhixing.com.cn,xutao@lezhixing.com.cn success
[ 2019-8-21 10:43:50 ] [ log ] send mail songzhaohui@lezhixing.com.cn,xutao@lezhixing.com.cn success
[ 2019-8-21 13:59:42 ] [ error ] send mail  error,No recipients defined
[ 2019-8-21 13:59:59 ] [ error ] send mail  error,No recipients defined
[ 2019-8-21 14:10:14 ] [ error ] send mail  error,No recipients defined
[ 2019-8-21 14:10:35 ] [ error ] send mail  error,No recipients defined
[ 2019-8-21 14:32:11 ] [ error ] send mail  error,No recipients defined
[ 2019-8-21 14:38:24 ] [ error ] send mail  error,No recipients defined
[ 2019-8-21 14:38:58 ] [ error ] send mail  error,No recipients defined
[ 2019-8-22 10:30:56 ] [ log ] send mail mengzhaoqiang@lezhixing.com.cn,zhangpei@lezhixing.com.cn,zhangandi@lezhixing.com.cn success
[ 2019-8-22 16:54:36 ] [ log ] send mail wangjiangwei@lezhixing.com.cn success
[ 2019-8-22 17:01:42 ] [ log ] send mail wangjiangwei@lezhixing.com.cn success
[ 2019-8-22 17:01:59 ] [ log ] send mail wangjiangwei@lezhixing.com.cn success
[ 2019-8-22 18:47:45 ] [ log ] send mail wangjiangwei@lezhixing.com.cn success
[ 2019-8-24 14:35:06 ] [ error ] send mail  error,No recipients defined
[ 2019-8-24 14:41:03 ] [ error ] send mail  error,No recipients defined
[ 2019-8-24 14:42:33 ] [ error ] send mail  error,No recipients defined
[ 2019-8-24 14:44:10 ] [ error ] send mail  error,No recipients defined
[ 2019-8-24 14:48:21 ] [ error ] send mail  error,No recipients defined
[ 2019-8-24 14:50:55 ] [ error ] send mail  error,No recipients defined
[ 2019-8-24 14:51:22 ] [ error ] send mail  error,No recipients defined
[ 2019-8-24 14:51:45 ] [ error ] send mail  error,No recipients defined
[ 2019-8-24 15:02:40 ] [ error ] send mail  error,No recipients defined
[ 2019-8-24 15:05:14 ] [ error ] send mail  error,No recipients defined
[ 2019-8-24 15:07:45 ] [ error ] send mail  error,No recipients defined
[ 2019-8-24 15:08:55 ] [ error ] send mail  error,No recipients defined
[ 2019-8-24 15:18:59 ] [ error ] send mail  error,No recipients defined
[ 2019-8-24 15:23:52 ] [ error ] send mail  error,No recipients defined
[ 2019-8-24 15:43:03 ] [ error ] send mail  error,No recipients defined
[ 2019-8-24 16:30:39 ] [ error ] send mail  error,No recipients defined
[ 2019-8-24 16:30:53 ] [ error ] send mail  error,No recipients defined
[ 2019-8-24 16:31:21 ] [ error ] send mail  error,No recipients defined
[ 2019-8-24 16:31:38 ] [ error ] send mail  error,No recipients defined
[ 2019-8-24 16:31:39 ] [ error ] send mail  error,No recipients defined
[ 2019-8-26 11:15:23 ] [ log ] send mail macd@lezhixing.com.cn success
[ 2019-8-28 09:32:41 ] [ log ] send mail macd@lezhixing.com.cn success
[ 2019-8-28 09:33:06 ] [ log ] send mail macd@lezhixing.com.cn success
[ 2019-8-28 17:36:14 ] [ log ] send mail macd@lezhixing.com.cn success
[ 2019-8-29 17:28:05 ] [ log ] send mail zhoudan@lezhixing.com.cn,macd@lezhixing.com.cn success
[ 2019-8-29 17:28:49 ] [ log ] send mail zhoudan@lezhixing.com.cn,macd@lezhixing.com.cn success
[ 2019-8-29 18:59:40 ] [ log ] send mail zhoudan@lezhixing.com.cn,macd@lezhixing.com.cn success
[ 2019-8-29 19:00:13 ] [ log ] send mail zhoudan@lezhixing.com.cn,macd@lezhixing.com.cn success
[ 2019-8-29 19:00:23 ] [ log ] send mail zhoudan@lezhixing.com.cn,macd@lezhixing.com.cn success
[ 2019-8-29 20:14:57 ] [ log ] send mail zhoudan@lezhixing.com.cn,macd@lezhixing.com.cn success
[ 2019-8-29 20:20:21 ] [ log ] send mail zhoudan@lezhixing.com.cn,macd@lezhixing.com.cn success
[ 2019-8-29 20:29:30 ] [ log ] send mail zhoudan@lezhixing.com.cn,macd@lezhixing.com.cn success
[ 2019-8-29 20:30:01 ] [ log ] send mail zhoudan@lezhixing.com.cn,macd@lezhixing.com.cn success
[ 2019-8-30 09:06:30 ] [ log ] send mail zhoudan@lezhixing.com.cn,macd@lezhixing.com.cn success
[ 2019-8-30 09:09:53 ] [ log ] send mail zhoudan@lezhixing.com.cn,macd@lezhixing.com.cn success
[ 2019-8-30 09:10:33 ] [ log ] send mail zhoudan@lezhixing.com.cn,macd@lezhixing.com.cn success
[ 2019-8-30 09:34:07 ] [ log ] send mail zhoudan@lezhixing.com.cn,macd@lezhixing.com.cn success
[ 2019-8-30 09:34:19 ] [ log ] send mail zhoudan@lezhixing.com.cn,macd@lezhixing.com.cn success
[ 2019-8-30 09:35:37 ] [ log ] send mail zhoudan@lezhixing.com.cn,macd@lezhixing.com.cn success
[ 2019-8-30 09:42:31 ] [ log ] send mail zhoudan@lezhixing.com.cn,macd@lezhixing.com.cn success
[ 2019-8-30 09:43:09 ] [ log ] send mail zhoudan@lezhixing.com.cn,macd@lezhixing.com.cn success
[ 2019-8-30 09:52:45 ] [ log ] send mail zhoudan@lezhixing.com.cn,macd@lezhixing.com.cn success
