[ 2019-5-3 22:03:22 ] [ log ] send mail wanxing@lezhixing.com.cn,zhoudan@lezhixing.com.cn,zhangjingwei@lezhixing.com.cn success
[ 2019-5-5 16:59:13 ] [ log ] send mail chuxulu@lezhixing.com.cn success
[ 2019-5-5 17:15:28 ] [ log ] send mail qwerty@qq.com success
[ 2019-5-6 08:48:51 ] [ log ] send mail leixinliang@lezhixing.com.cn,zengjun@lezhixing.com.cn success
[ 2019-5-6 08:56:11 ] [ log ] send mail lixiaohui@lezhixing.com.cn success
[ 2019-5-6 08:56:39 ] [ log ] send mail lixiaohui@lezhixing.com.cn success
[ 2019-5-6 09:01:04 ] [ log ] send mail lixiaohui@lezhixing.com.cn success
[ 2019-5-6 09:01:18 ] [ log ] send mail lixiaohui@lezhixing.com.cn success
[ 2019-5-6 13:09:40 ] [ log ] send mail wanxing@lezhixing.com.cn,zhoudan@lezhixing.com.cn,zhangjingwei@lezhixing.com.cn success
[ 2019-5-6 13:30:43 ] [ log ] send mail wanxing@lezhixing.com.cn,zhoudan@lezhixing.com.cn,zhangjingwei@lezhixing.com.cn success
[ 2019-5-6 13:31:10 ] [ log ] send mail wanxing@lezhixing.com.cn,zhoudan@lezhixing.com.cn,zhangjingwei@lezhixing.com.cn success
[ 2019-5-6 13:32:15 ] [ log ] send mail wanxing@lezhixing.com.cn,zhoudan@lezhixing.com.cn,zhangjingwei@lezhixing.com.cn success
[ 2019-5-6 13:34:32 ] [ log ] send mail wanxing@lezhixing.com.cn,zhoudan@lezhixing.com.cn,zhangjingwei@lezhixing.com.cn success
[ 2019-5-6 13:35:59 ] [ log ] send mail wanxing@lezhixing.com.cn,zhoudan@lezhixing.com.cn,zhangjingwei@lezhixing.com.cn success
[ 2019-5-6 13:39:44 ] [ log ] send mail wanxing@lezhixing.com.cn,zhoudan@lezhixing.com.cn,zhangjingwei@lezhixing.com.cn success
[ 2019-5-6 13:47:24 ] [ log ] send mail wanxing@lezhixing.com.cn,zhoudan@lezhixing.com.cn,zhangjingwei@lezhixing.com.cn success
[ 2019-5-6 13:49:28 ] [ log ] send mail wanxing@lezhixing.com.cn,zhoudan@lezhixing.com.cn,zhangjingwei@lezhixing.com.cn success
[ 2019-5-6 13:50:38 ] [ log ] send mail wanxing@lezhixing.com.cn,zhoudan@lezhixing.com.cn,zhangjingwei@lezhixing.com.cn success
[ 2019-5-6 13:50:48 ] [ log ] send mail wanxing@lezhixing.com.cn,zhoudan@lezhixing.com.cn,zhangjingwei@lezhixing.com.cn success
[ 2019-5-6 15:52:35 ] [ log ] send mail lixiaohui@lezhixing.com.cn success
[ 2019-5-6 15:53:23 ] [ log ] send mail lixiaohui@lezhixing.com.cn success
[ 2019-5-6 16:12:19 ] [ log ] send mail lixiaohui@lezhixing.com.cn success
[ 2019-5-6 16:13:40 ] [ log ] send mail lixiaohui@lezhixing.com.cn success
[ 2019-5-6 16:14:01 ] [ log ] send mail lixiaohui@lezhixing.com.cn success
[ 2019-5-6 16:15:29 ] [ log ] send mail lixiaohui@lezhixing.com.cn success
[ 2019-5-6 16:23:41 ] [ log ] send mail wanxing@lezhixing.com.cn,zhoudan@lezhixing.com.cn,zhangjingwei@lezhixing.com.cn success
[ 2019-5-6 16:23:46 ] [ log ] send mail lixiaohui@lezhixing.com.cn success
[ 2019-5-6 16:24:22 ] [ log ] send mail wanxing@lezhixing.com.cn,zhoudan@lezhixing.com.cn,zhangjingwei@lezhixing.com.cn success
[ 2019-5-6 16:26:21 ] [ log ] send mail wanxing@lezhixing.com.cn,zhoudan@lezhixing.com.cn,zhangjingwei@lezhixing.com.cn success
[ 2019-5-6 16:27:00 ] [ log ] send mail lixiaohui@lezhixing.com.cn success
[ 2019-5-6 16:27:52 ] [ log ] send mail lixiaohui@lezhixing.com.cn success
[ 2019-5-6 17:55:53 ] [ log ] send mail wanxing@lezhixing.com.cn,zhoudan@lezhixing.com.cn,zhangjingwei@lezhixing.com.cn success
[ 2019-5-6 18:00:18 ] [ log ] send mail wanxing@lezhixing.com.cn,zhoudan@lezhixing.com.cn,zhangjingwei@lezhixing.com.cn success
[ 2019-5-6 18:00:46 ] [ log ] send mail wanxing@lezhixing.com.cn,zhoudan@lezhixing.com.cn,zhangjingwei@lezhixing.com.cn success
[ 2019-5-6 18:01:22 ] [ log ] send mail wanxing@lezhixing.com.cn,zhoudan@lezhixing.com.cn,zhangjingwei@lezhixing.com.cn success
[ 2019-5-6 18:05:21 ] [ log ] send mail wanxing@lezhixing.com.cn,zhoudan@lezhixing.com.cn,zhangjingwei@lezhixing.com.cn success
[ 2019-5-6 18:05:40 ] [ log ] send mail wanxing@lezhixing.com.cn,zhoudan@lezhixing.com.cn,zhangjingwei@lezhixing.com.cn success
[ 2019-5-6 18:05:58 ] [ log ] send mail wanxing@lezhixing.com.cn,zhoudan@lezhixing.com.cn,zhangjingwei@lezhixing.com.cn success
[ 2019-5-6 18:07:26 ] [ log ] send mail wanxing@lezhixing.com.cn,zhoudan@lezhixing.com.cn,zhangjingwei@lezhixing.com.cn success
[ 2019-5-6 18:07:39 ] [ log ] send mail wanxing@lezhixing.com.cn,zhoudan@lezhixing.com.cn,zhangjingwei@lezhixing.com.cn success
[ 2019-5-6 18:08:06 ] [ log ] send mail wanxing@lezhixing.com.cn,zhoudan@lezhixing.com.cn,zhangjingwei@lezhixing.com.cn success
[ 2019-5-6 18:08:11 ] [ log ] send mail wanxing@lezhixing.com.cn,zhoudan@lezhixing.com.cn,zhangjingwei@lezhixing.com.cn success
[ 2019-5-6 18:22:30 ] [ log ] send mail wanxing@lezhixing.com.cn,zhoudan@lezhixing.com.cn,zhangjingwei@lezhixing.com.cn success
[ 2019-5-6 18:24:56 ] [ log ] send mail wanxing@lezhixing.com.cn,zhoudan@lezhixing.com.cn,zhangjingwei@lezhixing.com.cn success
[ 2019-5-7 13:21:26 ] [ log ] send mail wanxing@lezhixing.com.cn,zhoudan@lezhixing.com.cn,zhangjingwei@lezhixing.com.cn success
[ 2019-5-12 12:08:51 ] [ log ] send mail lixiaohui@lezhixing.com.cn success
[ 2019-5-12 12:20:41 ] [ log ] send mail lixiaohui@lezhixing.com.cn success
[ 2019-5-12 15:00:31 ] [ log ] send mail lixiaohui@lezhixing.com.cn success
[ 2019-5-12 15:36:32 ] [ log ] send mail lixiaohui@lezhixing.com.cn success
[ 2019-5-12 15:36:47 ] [ log ] send mail lixiaohui@lezhixing.com.cn success
[ 2019-5-12 15:38:10 ] [ log ] send mail lixiaohui@lezhixing.com.cn success
[ 2019-5-12 15:38:34 ] [ log ] send mail lixiaohui@lezhixing.com.cn success
[ 2019-5-12 16:24:26 ] [ log ] send mail lixiaohui@lezhixing.com.cn success
[ 2019-5-12 16:25:00 ] [ log ] send mail lixiaohui@lezhixing.com.cn success
[ 2019-5-12 16:25:35 ] [ log ] send mail lixiaohui@lezhixing.com.cn success
[ 2019-5-12 16:25:51 ] [ log ] send mail lixiaohui@lezhixing.com.cn success
[ 2019-5-12 16:38:53 ] [ log ] send mail lixiaohui@lezhixing.com.cn success
[ 2019-5-12 18:29:11 ] [ log ] send mail lixiaohui@lezhixing.com.cn success
[ 2019-5-12 18:31:56 ] [ log ] send mail lixiaohui@lezhixing.com.cn success
[ 2019-5-12 18:33:01 ] [ log ] send mail lixiaohui@lezhixing.com.cn success
[ 2019-5-12 19:15:39 ] [ log ] send mail lixiaohui@lezhixing.com.cn success
[ 2019-5-12 19:17:14 ] [ log ] send mail lixiaohui@lezhixing.com.cn success
[ 2019-5-13 15:00:55 ] [ log ] send mail lixiaohui@lezhixing.com.cn success
[ 2019-5-13 15:01:33 ] [ log ] send mail lixiaohui@lezhixing.com.cn success
[ 2019-5-13 16:41:23 ] [ log ] send mail lixiaohui@lezhixing.com.cn success
[ 2019-5-13 16:41:56 ] [ log ] send mail lixiaohui@lezhixing.com.cn success
[ 2019-5-13 16:44:48 ] [ log ] send mail zmqin@iflytek.com success
[ 2019-5-14 14:51:10 ] [ log ] send mail leixinliang@lezhixing.com.cn,zhoujie@lezhixing.com.cn,yaojianglei@lezhixing.com.cn success
[ 2019-5-16 09:22:50 ] [ log ] send mail ydzhang7@iflytek.com success
[ 2019-5-16 09:42:07 ] [ log ] send mail gaoxinxin@lezhixing.com.cn,mengzhaoqiang@lezhixing.com.cn,zhangpei@lezhixing.com.cn success
[ 2019-5-16 09:46:51 ] [ log ] send mail gaoxinxin@lezhixing.com.cn,mengzhaoqiang@lezhixing.com.cn,zhangpei@lezhixing.com.cn success
[ 2019-5-16 09:47:02 ] [ log ] send mail gaoxinxin@lezhixing.com.cn,mengzhaoqiang@lezhixing.com.cn,zhangpei@lezhixing.com.cn success
[ 2019-5-16 17:14:50 ] [ log ] send mail leixinliang@lezhixing.com.cn,zhoujie@lezhixing.com.cn,yaojianglei@lezhixing.com.cn success
[ 2019-5-18 10:26:33 ] [ log ] send mail chengxiuju@lezhixing.com.cn success
[ 2019-5-18 10:50:04 ] [ log ] send mail chengxiuju@lezhixing.com.cn success
[ 2019-5-18 11:17:00 ] [ log ] send mail chengxiuju@lezhixing.com.cn success
[ 2019-5-18 11:17:28 ] [ log ] send mail chengxiuju@lezhixing.com.cn success
[ 2019-5-18 11:19:41 ] [ log ] send mail chengxiuju@lezhixing.com.cn success
[ 2019-5-20 14:39:29 ] [ error ] send mail  error,No recipients defined
[ 2019-5-20 14:39:56 ] [ error ] send mail  error,No recipients defined
[ 2019-5-20 14:40:46 ] [ error ] send mail  error,No recipients defined
[ 2019-5-20 14:47:50 ] [ error ] send mail  error,No recipients defined
[ 2019-5-20 14:54:03 ] [ error ] send mail  error,No recipients defined
[ 2019-5-20 14:54:46 ] [ error ] send mail  error,No recipients defined
[ 2019-5-20 14:54:56 ] [ error ] send mail  error,No recipients defined
[ 2019-5-20 14:57:39 ] [ error ] send mail  error,No recipients defined
[ 2019-5-20 14:57:48 ] [ error ] send mail  error,No recipients defined
[ 2019-5-20 14:58:51 ] [ error ] send mail  error,No recipients defined
[ 2019-5-20 15:09:51 ] [ error ] send mail  error,No recipients defined
[ 2019-5-21 09:15:40 ] [ log ] send mail luojunping@lezhixing.com.cn success
[ 2019-5-21 09:25:39 ] [ log ] send mail luojunping@lezhixing.com.cn success
[ 2019-5-21 09:26:20 ] [ log ] send mail xfwan2@iflytek.com success
[ 2019-5-21 09:35:36 ] [ log ] send mail luojunping@lezhixing.com.cn success
[ 2019-5-21 09:49:06 ] [ log ] send mail luojunping@lezhixing.com.cn success
[ 2019-5-21 10:02:32 ] [ log ] send mail luojunping@lezhixing.com.cn success
[ 2019-5-22 10:45:49 ] [ log ] send mail wangjiangwei@lezhixing.com.cn success
[ 2019-5-22 11:18:29 ] [ log ] send mail taohu2@iflytek.com success
[ 2019-5-23 15:02:31 ] [ log ] 服务已启动，请打开下面链接访问: 
http://127.0.0.1:3000/
[ 2019-5-23 15:02:31 ] [ log ] mongodb load success...
[ 2019-5-24 14:49:03 ] [ log ] send mail luojunping@lezhixing.com.cn success
[ 2019-5-24 14:50:43 ] [ log ] send mail luojunping@lezhixing.com.cn success
[ 2019-5-24 14:51:07 ] [ log ] send mail luojunping@lezhixing.com.cn success
[ 2019-5-24 14:52:03 ] [ log ] send mail luojunping@lezhixing.com.cn success
[ 2019-5-24 14:55:16 ] [ log ] send mail luojunping@lezhixing.com.cn success
[ 2019-5-27 10:06:41 ] [ log ] send mail houzengshou@lezhixing.com.cn,lvang@lezhixing.com.cn,zengjun@lezhixing.com.cn success
[ 2019-5-27 10:08:27 ] [ log ] send mail houzengshou@lezhixing.com.cn,lvang@lezhixing.com.cn,zengjun@lezhixing.com.cn success
[ 2019-5-27 13:25:05 ] [ log ] send mail lvang@lezhixing.com.cn,zengjun@lezhixing.com.cn success
[ 2019-5-27 13:25:15 ] [ log ] send mail lvang@lezhixing.com.cn,zengjun@lezhixing.com.cn success
[ 2019-5-27 13:25:25 ] [ log ] send mail lvang@lezhixing.com.cn,zengjun@lezhixing.com.cn success
[ 2019-5-27 13:25:31 ] [ log ] send mail lvang@lezhixing.com.cn,zengjun@lezhixing.com.cn success
[ 2019-5-27 13:25:46 ] [ log ] send mail lvang@lezhixing.com.cn,zengjun@lezhixing.com.cn success
[ 2019-5-28 14:12:42 ] [ log ] send mail zxhuang2@iflytek.com success
[ 2019-5-28 14:16:26 ] [ log ] send mail zxhuang2@iflytek.com success
[ 2019-5-28 14:18:44 ] [ log ] send mail zxhuang2@iflytek.com success
[ 2019-5-28 14:20:07 ] [ log ] send mail zxhuang2@iflytek.com success
[ 2019-5-28 14:21:15 ] [ log ] send mail zxhuang2@iflytek.com success
[ 2019-5-28 14:22:20 ] [ log ] send mail zxhuang2@iflytek.com success
[ 2019-5-28 15:31:20 ] [ error ] send mail  error,No recipients defined
[ 2019-5-28 15:33:01 ] [ error ] send mail  error,No recipients defined
