[ 2020-2-5 10:50:04 ] [ log ] send mail luojunping@lezhixing.com.cn success
[ 2020-2-5 10:52:46 ] [ log ] send mail luojunping@lezhixing.com.cn success
[ 2020-2-5 10:55:33 ] [ log ] send mail luojunping@lezhixing.com.cn success
[ 2020-2-5 10:57:33 ] [ log ] send mail luojunping@lezhixing.com.cn success
[ 2020-2-5 13:43:13 ] [ log ] send mail 2257797141@qq.com success
[ 2020-2-5 16:15:32 ] [ log ] send mail 751092056@qq.com success
[ 2020-2-6 10:47:06 ] [ log ] send mail luojunping@lezhixing.com.cn success
[ 2020-2-6 10:49:10 ] [ log ] send mail luojunping@lezhixing.com.cn success
[ 2020-2-6 10:49:20 ] [ log ] send mail luojunping@lezhixing.com.cn success
[ 2020-2-6 10:50:57 ] [ log ] send mail luojunping@lezhixing.com.cn success
[ 2020-2-6 16:09:45 ] [ log ] send mail luojunping@lezhixing.com.cn success
[ 2020-2-6 18:19:15 ] [ log ] send mail luojunping@lezhixing.com.cn success
[ 2020-2-6 18:19:19 ] [ log ] send mail luojunping@lezhixing.com.cn success
[ 2020-2-6 20:37:32 ] [ log ] send mail luojunping@lezhixing.com.cn success
[ 2020-2-10 09:44:50 ] [ log ] send mail chengxiuju@lezhixing.com.cn success
[ 2020-2-10 09:46:42 ] [ log ] send mail chengxiuju@lezhixing.com.cn success
[ 2020-2-10 09:48:00 ] [ log ] send mail chengxiuju@lezhixing.com.cn success
[ 2020-2-10 09:50:00 ] [ log ] send mail chengxiuju@lezhixing.com.cn success
[ 2020-2-10 09:51:36 ] [ log ] send mail chengxiuju@lezhixing.com.cn success
[ 2020-2-10 09:52:08 ] [ log ] send mail chengxiuju@lezhixing.com.cn success
[ 2020-2-10 09:52:57 ] [ log ] send mail chengxiuju@lezhixing.com.cn success
[ 2020-2-10 09:53:44 ] [ log ] send mail chengxiuju@lezhixing.com.cn success
[ 2020-2-10 10:07:27 ] [ log ] send mail chengxiuju@lezhixing.com.cn success
[ 2020-2-10 10:12:09 ] [ log ] send mail chengxiuju@lezhixing.com.cn success
[ 2020-2-10 10:24:50 ] [ log ] send mail chengxiuju@lezhixing.com.cn success
[ 2020-2-10 10:32:26 ] [ log ] send mail chengxiuju@lezhixing.com.cn success
[ 2020-2-10 10:33:13 ] [ log ] send mail chengxiuju@lezhixing.com.cn success
[ 2020-2-10 10:38:10 ] [ log ] send mail luojunping@lezhixing.com.cn success
[ 2020-2-10 10:38:14 ] [ log ] send mail luojunping@lezhixing.com.cn success
[ 2020-2-10 10:52:43 ] [ log ] send mail chengxiuju@lezhixing.com.cn success
[ 2020-2-10 13:51:05 ] [ log ] send mail chengxiuju@lezhixing.com.cn success
[ 2020-2-10 13:51:39 ] [ log ] send mail chengxiuju@lezhixing.com.cn success
[ 2020-2-10 14:53:00 ] [ log ] send mail liupengju@lezhixing.com.cn success
[ 2020-2-10 14:54:12 ] [ log ] send mail liupengju@lezhixing.com.cn success
[ 2020-2-10 14:54:34 ] [ log ] send mail liupengju@lezhixing.com.cn success
[ 2020-2-10 14:55:11 ] [ log ] send mail liupengju@lezhixing.com.cn success
[ 2020-2-10 14:56:15 ] [ log ] send mail liupengju@lezhixing.com.cn success
[ 2020-2-10 14:56:23 ] [ log ] send mail liupengju@lezhixing.com.cn success
[ 2020-2-10 14:56:46 ] [ log ] send mail liupengju@lezhixing.com.cn success
[ 2020-2-10 14:57:30 ] [ log ] send mail liupengju@lezhixing.com.cn success
[ 2020-2-10 14:58:20 ] [ log ] send mail liupengju@lezhixing.com.cn success
[ 2020-2-10 14:59:14 ] [ log ] send mail liupengju@lezhixing.com.cn success
[ 2020-2-10 15:37:56 ] [ log ] send mail luojunping@lezhixing.com.cn success
[ 2020-2-10 17:31:02 ] [ log ] send mail chengxiuju@lezhixing.com.cn success
[ 2020-2-10 17:51:46 ] [ log ] send mail chengxiuju@lezhixing.com.cn success
[ 2020-2-10 17:52:14 ] [ log ] send mail chengxiuju@lezhixing.com.cn success
[ 2020-2-11 08:44:39 ] [ log ] send mail chengxiuju@lezhixing.com.cn success
[ 2020-2-11 08:58:29 ] [ log ] send mail chengxiuju@lezhixing.com.cn success
[ 2020-2-11 10:13:23 ] [ log ] send mail chengxiuju@lezhixing.com.cn success
[ 2020-2-11 10:16:21 ] [ log ] send mail chengxiuju@lezhixing.com.cn success
[ 2020-2-11 10:34:09 ] [ log ] send mail chengxiuju@lezhixing.com.cn success
[ 2020-2-11 13:24:55 ] [ log ] send mail luojunping@lezhixing.com.cn success
[ 2020-2-11 17:03:11 ] [ log ] send mail 15757118593@163.com success
[ 2020-2-12 15:43:23 ] [ log ] send mail xieqiang@lezhixing.com.cn,jiangpeng@lezhixing.com.cn,chuxulu@lezhixing.com.cn,15757118593@163.com success
[ 2020-2-12 15:43:46 ] [ log ] send mail xieqiang@lezhixing.com.cn,jiangpeng@lezhixing.com.cn,chuxulu@lezhixing.com.cn,15757118593@163.com success
[ 2020-2-12 16:41:21 ] [ log ] send mail xieqiang@lezhixing.com.cn,jiangpeng@lezhixing.com.cn,chuxulu@lezhixing.com.cn,15757118593@163.com success
[ 2020-2-12 16:42:19 ] [ log ] send mail xieqiang@lezhixing.com.cn,jiangpeng@lezhixing.com.cn,chuxulu@lezhixing.com.cn,15757118593@163.com success
[ 2020-2-12 16:45:50 ] [ log ] send mail xieqiang@lezhixing.com.cn,jiangpeng@lezhixing.com.cn,chuxulu@lezhixing.com.cn,15757118593@163.com success
[ 2020-2-12 16:46:54 ] [ log ] send mail xieqiang@lezhixing.com.cn,jiangpeng@lezhixing.com.cn,chuxulu@lezhixing.com.cn,15757118593@163.com success
[ 2020-2-14 16:49:22 ] [ error ] send mail  error,No recipients defined
[ 2020-2-14 16:50:34 ] [ error ] send mail  error,No recipients defined
[ 2020-2-14 17:13:42 ] [ error ] send mail  error,No recipients defined
[ 2020-2-14 17:14:33 ] [ error ] send mail  error,No recipients defined
[ 2020-2-17 09:44:43 ] [ log ] send mail chengxiuju@lezhixing.com.cn,liaoxuan@lezhixing.com.cn,zhangruiping@lezhixing.com.cn,gelingjie@lezhixing.com.cn,linhong@lezhixing.com.cn,kqren@lezhixing.com.cn success
[ 2020-2-18 14:30:11 ] [ log ] send mail pengjiang4@iflytek.com success
[ 2020-2-18 15:40:10 ] [ log ] send mail xieqiang@lezhixing.com.cn,jiangpeng@lezhixing.com.cn,chuxulu@lezhixing.com.cn,15757118593@163.com,pengjiang4@iflytek.com success
[ 2020-2-18 15:40:52 ] [ log ] send mail xieqiang@lezhixing.com.cn,jiangpeng@lezhixing.com.cn,chuxulu@lezhixing.com.cn,15757118593@163.com,pengjiang4@iflytek.com success
[ 2020-2-18 15:41:11 ] [ log ] send mail xieqiang@lezhixing.com.cn,jiangpeng@lezhixing.com.cn,chuxulu@lezhixing.com.cn,15757118593@163.com,pengjiang4@iflytek.com success
[ 2020-2-18 15:41:29 ] [ log ] send mail xieqiang@lezhixing.com.cn,jiangpeng@lezhixing.com.cn,chuxulu@lezhixing.com.cn,15757118593@163.com,pengjiang4@iflytek.com success
[ 2020-2-18 15:44:03 ] [ log ] send mail xieqiang@lezhixing.com.cn,jiangpeng@lezhixing.com.cn,chuxulu@lezhixing.com.cn,15757118593@163.com,pengjiang4@iflytek.com success
[ 2020-2-18 15:54:44 ] [ log ] send mail xieqiang@lezhixing.com.cn,jiangpeng@lezhixing.com.cn,chuxulu@lezhixing.com.cn,15757118593@163.com,pengjiang4@iflytek.com success
[ 2020-2-18 16:20:21 ] [ log ] send mail xieqiang@lezhixing.com.cn,jiangpeng@lezhixing.com.cn,chuxulu@lezhixing.com.cn,15757118593@163.com,pengjiang4@iflytek.com success
[ 2020-2-18 16:25:20 ] [ log ] send mail weibo@lezhixing.com.cn success
[ 2020-2-18 16:41:04 ] [ log ] send mail xieqiang@lezhixing.com.cn,jiangpeng@lezhixing.com.cn,chuxulu@lezhixing.com.cn,15757118593@163.com,pengjiang4@iflytek.com success
[ 2020-2-18 16:43:00 ] [ log ] send mail xieqiang@lezhixing.com.cn,jiangpeng@lezhixing.com.cn,chuxulu@lezhixing.com.cn,15757118593@163.com,pengjiang4@iflytek.com success
[ 2020-2-18 16:54:38 ] [ log ] send mail xieqiang@lezhixing.com.cn,jiangpeng@lezhixing.com.cn,chuxulu@lezhixing.com.cn,15757118593@163.com,pengjiang4@iflytek.com success
[ 2020-2-18 17:01:53 ] [ log ] send mail xieqiang@lezhixing.com.cn,jiangpeng@lezhixing.com.cn,chuxulu@lezhixing.com.cn,15757118593@163.com,pengjiang4@iflytek.com success
[ 2020-2-18 19:36:07 ] [ log ] send mail weibo@lezhixing.com.cn success
[ 2020-2-18 19:36:34 ] [ log ] send mail weibo@lezhixing.com.cn success
[ 2020-2-18 19:38:59 ] [ log ] send mail weibo@lezhixing.com.cn success
[ 2020-2-18 19:40:40 ] [ log ] send mail weibo@lezhixing.com.cn success
[ 2020-2-18 19:47:40 ] [ log ] send mail weibo@lezhixing.com.cn success
[ 2020-2-19 10:28:19 ] [ log ] send mail luojunping@lezhixing.com.cn success
[ 2020-2-19 10:28:22 ] [ log ] send mail luojunping@lezhixing.com.cn success
[ 2020-2-19 16:10:33 ] [ log ] send mail xph_wangly10@163.com success
[ 2020-2-19 16:14:02 ] [ log ] send mail weibo@lezhixing.com.cn success
[ 2020-2-19 16:14:09 ] [ log ] send mail weibo@lezhixing.com.cn success
[ 2020-2-19 19:33:55 ] [ log ] send mail weibo@lezhixing.com.cn success
[ 2020-2-20 10:08:45 ] [ log ] send mail weibo@lezhixing.com.cn success
[ 2020-2-20 10:09:03 ] [ log ] send mail weibo@lezhixing.com.cn success
[ 2020-2-20 10:09:22 ] [ log ] send mail weibo@lezhixing.com.cn success
[ 2020-2-20 10:18:06 ] [ log ] send mail chengxiuju@lezhixing.com.cn,liaoxuan@lezhixing.com.cn,zhangruiping@lezhixing.com.cn,gelingjie@lezhixing.com.cn,linhong@lezhixing.com.cn,kqren@lezhixing.com.cn success
[ 2020-2-20 10:18:25 ] [ log ] send mail chengxiuju@lezhixing.com.cn,liaoxuan@lezhixing.com.cn,zhangruiping@lezhixing.com.cn,gelingjie@lezhixing.com.cn,linhong@lezhixing.com.cn,kqren@lezhixing.com.cn success
[ 2020-2-20 11:01:26 ] [ log ] send mail weibo@lezhixing.com.cn success
[ 2020-2-20 11:02:24 ] [ log ] send mail weibo@lezhixing.com.cn success
[ 2020-2-20 14:35:34 ] [ log ] send mail chengxiuju@lezhixing.com.cn,liaoxuan@lezhixing.com.cn,zhangruiping@lezhixing.com.cn,gelingjie@lezhixing.com.cn,linhong@lezhixing.com.cn,kqren@lezhixing.com.cn success
[ 2020-2-20 14:57:08 ] [ log ] send mail weibo@lezhixing.com.cn success
[ 2020-2-20 14:57:36 ] [ log ] send mail weibo@lezhixing.com.cn success
[ 2020-2-20 14:57:56 ] [ log ] send mail weibo@lezhixing.com.cn success
[ 2020-2-20 14:59:33 ] [ log ] send mail weibo@lezhixing.com.cn success
[ 2020-2-20 17:29:04 ] [ log ] send mail weibo@lezhixing.com.cn success
[ 2020-2-20 17:33:07 ] [ log ] send mail weibo@lezhixing.com.cn success
[ 2020-2-20 20:01:33 ] [ log ] send mail weibo@lezhixing.com.cn success
[ 2020-2-22 15:49:35 ] [ log ] send mail chengxiuju@lezhixing.com.cn,liaoxuan@lezhixing.com.cn,zhangruiping@lezhixing.com.cn,gelingjie@lezhixing.com.cn,linhong@lezhixing.com.cn,kqren@lezhixing.com.cn success
[ 2020-2-22 15:49:38 ] [ log ] send mail chengxiuju@lezhixing.com.cn,liaoxuan@lezhixing.com.cn,zhangruiping@lezhixing.com.cn,gelingjie@lezhixing.com.cn,linhong@lezhixing.com.cn,kqren@lezhixing.com.cn success
[ 2020-2-22 15:49:56 ] [ log ] send mail chengxiuju@lezhixing.com.cn,liaoxuan@lezhixing.com.cn,zhangruiping@lezhixing.com.cn,gelingjie@lezhixing.com.cn,linhong@lezhixing.com.cn,kqren@lezhixing.com.cn success
[ 2020-2-24 14:48:45 ] [ log ] send mail chengxiuju@lezhixing.com.cn,liaoxuan@lezhixing.com.cn,zhangruiping@lezhixing.com.cn,gelingjie@lezhixing.com.cn,linhong@lezhixing.com.cn,kqren@lezhixing.com.cn success
[ 2020-2-24 14:48:48 ] [ log ] send mail chengxiuju@lezhixing.com.cn,liaoxuan@lezhixing.com.cn,zhangruiping@lezhixing.com.cn,gelingjie@lezhixing.com.cn,linhong@lezhixing.com.cn,kqren@lezhixing.com.cn success
[ 2020-2-24 15:21:40 ] [ log ] send mail liaoxuan@lezhixing.com.cn,zhangruiping@lezhixing.com.cn,gelingjie@lezhixing.com.cn,linhong@lezhixing.com.cn,kqren@lezhixing.com.cn success
[ 2020-2-24 15:25:34 ] [ log ] send mail liaoxuan@lezhixing.com.cn,zhangruiping@lezhixing.com.cn,gelingjie@lezhixing.com.cn,linhong@lezhixing.com.cn,kqren@lezhixing.com.cn success
[ 2020-2-24 15:35:01 ] [ log ] send mail liaoxuan@lezhixing.com.cn,zhangruiping@lezhixing.com.cn,gelingjie@lezhixing.com.cn,linhong@lezhixing.com.cn,kqren@lezhixing.com.cn success
[ 2020-2-24 15:36:33 ] [ log ] send mail liaoxuan@lezhixing.com.cn,zhangruiping@lezhixing.com.cn,gelingjie@lezhixing.com.cn,linhong@lezhixing.com.cn,kqren@lezhixing.com.cn success
[ 2020-2-24 15:36:48 ] [ log ] send mail liaoxuan@lezhixing.com.cn,zhangruiping@lezhixing.com.cn,gelingjie@lezhixing.com.cn,linhong@lezhixing.com.cn,kqren@lezhixing.com.cn success
[ 2020-2-24 15:45:33 ] [ log ] send mail liaoxuan@lezhixing.com.cn,zhangruiping@lezhixing.com.cn,gelingjie@lezhixing.com.cn,linhong@lezhixing.com.cn,kqren@lezhixing.com.cn success
[ 2020-2-24 16:21:25 ] [ log ] send mail liaoxuan@lezhixing.com.cn,zhangruiping@lezhixing.com.cn,gelingjie@lezhixing.com.cn,linhong@lezhixing.com.cn,kqren@lezhixing.com.cn success
[ 2020-2-24 16:50:44 ] [ log ] send mail liaoxuan@lezhixing.com.cn,zhangruiping@lezhixing.com.cn,gelingjie@lezhixing.com.cn,linhong@lezhixing.com.cn,kqren@lezhixing.com.cn success
[ 2020-2-24 17:02:23 ] [ log ] send mail luojunping@lezhixing.com.cn success
[ 2020-2-24 17:02:29 ] [ log ] send mail luojunping@lezhixing.com.cn success
[ 2020-2-24 18:37:09 ] [ log ] send mail liaoxuan@lezhixing.com.cn,zhangruiping@lezhixing.com.cn,gelingjie@lezhixing.com.cn,linhong@lezhixing.com.cn,kqren@lezhixing.com.cn success
[ 2020-2-24 18:41:49 ] [ log ] send mail liaoxuan@lezhixing.com.cn,zhangruiping@lezhixing.com.cn,gelingjie@lezhixing.com.cn,linhong@lezhixing.com.cn,kqren@lezhixing.com.cn success
[ 2020-2-24 18:47:19 ] [ log ] send mail liaoxuan@lezhixing.com.cn,zhangruiping@lezhixing.com.cn,gelingjie@lezhixing.com.cn,linhong@lezhixing.com.cn,kqren@lezhixing.com.cn success
[ 2020-2-24 18:51:00 ] [ log ] send mail liaoxuan@lezhixing.com.cn,zhangruiping@lezhixing.com.cn,gelingjie@lezhixing.com.cn,linhong@lezhixing.com.cn,kqren@lezhixing.com.cn success
[ 2020-2-25 08:51:23 ] [ error ] Unexpected token :
[ 2020-2-25 08:52:50 ] [ error ] Unexpected token :
[ 2020-2-25 09:57:52 ] [ log ] send mail liaoxuan@lezhixing.com.cn,zhangruiping@lezhixing.com.cn,gelingjie@lezhixing.com.cn,linhong@lezhixing.com.cn,kqren@lezhixing.com.cn success
[ 2020-2-25 10:03:35 ] [ log ] send mail liaoxuan@lezhixing.com.cn,zhangruiping@lezhixing.com.cn,gelingjie@lezhixing.com.cn,linhong@lezhixing.com.cn,kqren@lezhixing.com.cn success
[ 2020-2-25 10:03:47 ] [ log ] send mail liaoxuan@lezhixing.com.cn,zhangruiping@lezhixing.com.cn,gelingjie@lezhixing.com.cn,linhong@lezhixing.com.cn,kqren@lezhixing.com.cn success
[ 2020-2-25 10:05:04 ] [ log ] send mail liaoxuan@lezhixing.com.cn,zhangruiping@lezhixing.com.cn,gelingjie@lezhixing.com.cn,linhong@lezhixing.com.cn,kqren@lezhixing.com.cn success
[ 2020-2-25 10:18:01 ] [ log ] send mail liaoxuan@lezhixing.com.cn,zhangruiping@lezhixing.com.cn,gelingjie@lezhixing.com.cn,linhong@lezhixing.com.cn,kqren@lezhixing.com.cn success
[ 2020-2-25 10:19:29 ] [ log ] send mail liaoxuan@lezhixing.com.cn,zhangruiping@lezhixing.com.cn,gelingjie@lezhixing.com.cn,linhong@lezhixing.com.cn,kqren@lezhixing.com.cn success
[ 2020-2-25 10:57:21 ] [ log ] send mail liaoxuan@lezhixing.com.cn,zhangruiping@lezhixing.com.cn,gelingjie@lezhixing.com.cn,linhong@lezhixing.com.cn,kqren@lezhixing.com.cn success
[ 2020-2-25 11:09:51 ] [ log ] send mail liaoxuan@lezhixing.com.cn,zhangruiping@lezhixing.com.cn,gelingjie@lezhixing.com.cn,linhong@lezhixing.com.cn,kqren@lezhixing.com.cn success
[ 2020-2-25 11:16:31 ] [ log ] send mail luojunping@lezhixing.com.cn success
[ 2020-2-25 11:32:49 ] [ log ] send mail luojunping@lezhixing.com.cn success
[ 2020-2-25 11:33:04 ] [ log ] send mail luojunping@lezhixing.com.cn success
[ 2020-2-25 11:41:50 ] [ log ] send mail luojunping@lezhixing.com.cn success
[ 2020-2-25 11:46:17 ] [ log ] send mail luojunping@lezhixing.com.cn success
[ 2020-2-25 11:52:30 ] [ log ] send mail luojunping@lezhixing.com.cn success
[ 2020-2-25 11:56:34 ] [ log ] send mail luojunping@lezhixing.com.cn success
[ 2020-2-25 12:04:07 ] [ log ] send mail luojunping@lezhixing.com.cn success
[ 2020-2-25 13:24:48 ] [ log ] send mail 1006042475@qq.com success
[ 2020-2-25 13:49:18 ] [ log ] send mail liaoxuan@lezhixing.com.cn,zhangruiping@lezhixing.com.cn,gelingjie@lezhixing.com.cn,linhong@lezhixing.com.cn,kqren@lezhixing.com.cn success
[ 2020-2-25 13:57:14 ] [ log ] send mail liaoxuan@lezhixing.com.cn,zhangruiping@lezhixing.com.cn,gelingjie@lezhixing.com.cn,linhong@lezhixing.com.cn,kqren@lezhixing.com.cn success
[ 2020-2-25 13:57:15 ] [ log ] send mail liaoxuan@lezhixing.com.cn,zhangruiping@lezhixing.com.cn,gelingjie@lezhixing.com.cn,linhong@lezhixing.com.cn,kqren@lezhixing.com.cn success
[ 2020-2-25 13:57:28 ] [ log ] send mail liaoxuan@lezhixing.com.cn,zhangruiping@lezhixing.com.cn,gelingjie@lezhixing.com.cn,linhong@lezhixing.com.cn,kqren@lezhixing.com.cn success
[ 2020-2-25 14:09:25 ] [ log ] send mail liaoxuan@lezhixing.com.cn,zhangruiping@lezhixing.com.cn,gelingjie@lezhixing.com.cn,linhong@lezhixing.com.cn,kqren@lezhixing.com.cn success
[ 2020-2-25 14:10:15 ] [ log ] send mail liaoxuan@lezhixing.com.cn,zhangruiping@lezhixing.com.cn,gelingjie@lezhixing.com.cn,linhong@lezhixing.com.cn,kqren@lezhixing.com.cn success
[ 2020-2-25 14:11:42 ] [ log ] send mail liaoxuan@lezhixing.com.cn,zhangruiping@lezhixing.com.cn,gelingjie@lezhixing.com.cn,linhong@lezhixing.com.cn,kqren@lezhixing.com.cn success
[ 2020-2-25 14:13:34 ] [ log ] send mail liaoxuan@lezhixing.com.cn,zhangruiping@lezhixing.com.cn,gelingjie@lezhixing.com.cn,linhong@lezhixing.com.cn,kqren@lezhixing.com.cn success
[ 2020-2-25 14:13:55 ] [ log ] send mail liaoxuan@lezhixing.com.cn,zhangruiping@lezhixing.com.cn,gelingjie@lezhixing.com.cn,linhong@lezhixing.com.cn,kqren@lezhixing.com.cn success
[ 2020-2-25 14:15:02 ] [ log ] send mail liaoxuan@lezhixing.com.cn,zhangruiping@lezhixing.com.cn,gelingjie@lezhixing.com.cn,linhong@lezhixing.com.cn,kqren@lezhixing.com.cn success
[ 2020-2-25 14:19:08 ] [ log ] send mail liaoxuan@lezhixing.com.cn,zhangruiping@lezhixing.com.cn,gelingjie@lezhixing.com.cn,linhong@lezhixing.com.cn,kqren@lezhixing.com.cn success
[ 2020-2-25 14:20:17 ] [ log ] send mail liaoxuan@lezhixing.com.cn,zhangruiping@lezhixing.com.cn,gelingjie@lezhixing.com.cn,linhong@lezhixing.com.cn,kqren@lezhixing.com.cn success
[ 2020-2-25 14:45:48 ] [ log ] send mail liaoxuan@lezhixing.com.cn,gelingjie@lezhixing.com.cn,linhong@lezhixing.com.cn,kqren@lezhixing.com.cn success
[ 2020-2-25 15:20:00 ] [ log ] send mail liaoxuan@lezhixing.com.cn,gelingjie@lezhixing.com.cn,linhong@lezhixing.com.cn,kqren@lezhixing.com.cn success
[ 2020-2-25 15:40:12 ] [ log ] send mail liaoxuan@lezhixing.com.cn,gelingjie@lezhixing.com.cn,linhong@lezhixing.com.cn,kqren@lezhixing.com.cn success
[ 2020-2-25 15:53:22 ] [ log ] send mail liaoxuan@lezhixing.com.cn,gelingjie@lezhixing.com.cn,linhong@lezhixing.com.cn,kqren@lezhixing.com.cn success
[ 2020-2-25 15:53:42 ] [ log ] send mail liaoxuan@lezhixing.com.cn,gelingjie@lezhixing.com.cn,linhong@lezhixing.com.cn,kqren@lezhixing.com.cn success
[ 2020-2-25 15:55:00 ] [ log ] send mail liaoxuan@lezhixing.com.cn,gelingjie@lezhixing.com.cn,linhong@lezhixing.com.cn,kqren@lezhixing.com.cn success
[ 2020-2-25 15:55:33 ] [ log ] send mail liaoxuan@lezhixing.com.cn,gelingjie@lezhixing.com.cn,linhong@lezhixing.com.cn,kqren@lezhixing.com.cn success
[ 2020-2-25 16:06:54 ] [ log ] send mail liaoxuan@lezhixing.com.cn,gelingjie@lezhixing.com.cn,linhong@lezhixing.com.cn,kqren@lezhixing.com.cn success
[ 2020-2-25 16:07:03 ] [ log ] send mail liaoxuan@lezhixing.com.cn,gelingjie@lezhixing.com.cn,linhong@lezhixing.com.cn,kqren@lezhixing.com.cn success
[ 2020-2-25 16:12:42 ] [ log ] send mail liaoxuan@lezhixing.com.cn,gelingjie@lezhixing.com.cn,linhong@lezhixing.com.cn,kqren@lezhixing.com.cn success
[ 2020-2-25 16:12:43 ] [ log ] send mail liaoxuan@lezhixing.com.cn,gelingjie@lezhixing.com.cn,linhong@lezhixing.com.cn,kqren@lezhixing.com.cn success
[ 2020-2-25 16:19:52 ] [ error ] send mail liaoxuan@lezhixing.com.cn,gelingjie@lezhixing.com.cn,linhong@lezhixing.com.cn,kqren@lezhixing.com.cn error,getaddrinfo ENOTFOUND smtp.163.com smtp.163.com:465
[ 2020-2-25 16:23:49 ] [ log ] send mail yangxiaojie@lezhixing.com.cn,libowen@lezhixing.com.cn,kqren@lezhixing.com.cn success
[ 2020-2-25 16:24:31 ] [ log ] send mail yangxiaojie@lezhixing.com.cn,libowen@lezhixing.com.cn,kqren@lezhixing.com.cn success
[ 2020-2-25 17:30:22 ] [ log ] send mail liaoxuan@lezhixing.com.cn,gelingjie@lezhixing.com.cn,linhong@lezhixing.com.cn,kqren@lezhixing.com.cn success
[ 2020-2-25 17:32:49 ] [ log ] send mail liaoxuan@lezhixing.com.cn,gelingjie@lezhixing.com.cn,linhong@lezhixing.com.cn,kqren@lezhixing.com.cn success
[ 2020-2-25 17:40:08 ] [ log ] send mail liaoxuan@lezhixing.com.cn,gelingjie@lezhixing.com.cn,linhong@lezhixing.com.cn,kqren@lezhixing.com.cn success
[ 2020-2-25 17:41:33 ] [ log ] send mail liaoxuan@lezhixing.com.cn,gelingjie@lezhixing.com.cn,linhong@lezhixing.com.cn,kqren@lezhixing.com.cn success
[ 2020-2-25 17:46:49 ] [ log ] send mail liaoxuan@lezhixing.com.cn,gelingjie@lezhixing.com.cn,linhong@lezhixing.com.cn,kqren@lezhixing.com.cn success
[ 2020-2-25 17:50:36 ] [ log ] send mail liaoxuan@lezhixing.com.cn,gelingjie@lezhixing.com.cn,linhong@lezhixing.com.cn,kqren@lezhixing.com.cn success
[ 2020-2-25 17:53:21 ] [ log ] send mail liaoxuan@lezhixing.com.cn,gelingjie@lezhixing.com.cn,linhong@lezhixing.com.cn,kqren@lezhixing.com.cn success
[ 2020-2-25 18:05:04 ] [ log ] send mail liaoxuan@lezhixing.com.cn,gelingjie@lezhixing.com.cn,linhong@lezhixing.com.cn,kqren@lezhixing.com.cn success
[ 2020-2-25 18:05:26 ] [ log ] send mail liaoxuan@lezhixing.com.cn,gelingjie@lezhixing.com.cn,linhong@lezhixing.com.cn,kqren@lezhixing.com.cn success
[ 2020-2-25 18:17:58 ] [ log ] send mail liaoxuan@lezhixing.com.cn,gelingjie@lezhixing.com.cn,linhong@lezhixing.com.cn,kqren@lezhixing.com.cn success
[ 2020-2-25 18:21:34 ] [ log ] send mail liaoxuan@lezhixing.com.cn,gelingjie@lezhixing.com.cn,linhong@lezhixing.com.cn,kqren@lezhixing.com.cn success
[ 2020-2-25 18:23:44 ] [ log ] send mail liaoxuan@lezhixing.com.cn,gelingjie@lezhixing.com.cn,linhong@lezhixing.com.cn,kqren@lezhixing.com.cn success
[ 2020-2-25 18:25:59 ] [ log ] send mail liaoxuan@lezhixing.com.cn,gelingjie@lezhixing.com.cn,linhong@lezhixing.com.cn,kqren@lezhixing.com.cn success
[ 2020-2-26 12:48:10 ] [ log ] send mail liaoxuan@lezhixing.com.cn,gelingjie@lezhixing.com.cn,linhong@lezhixing.com.cn,kqren@lezhixing.com.cn success
[ 2020-2-26 12:59:22 ] [ log ] send mail liaoxuan@lezhixing.com.cn,gelingjie@lezhixing.com.cn,linhong@lezhixing.com.cn,kqren@lezhixing.com.cn success
[ 2020-2-26 13:00:38 ] [ log ] send mail liaoxuan@lezhixing.com.cn,gelingjie@lezhixing.com.cn,linhong@lezhixing.com.cn,kqren@lezhixing.com.cn success
[ 2020-2-26 13:02:33 ] [ log ] send mail liaoxuan@lezhixing.com.cn,gelingjie@lezhixing.com.cn,linhong@lezhixing.com.cn,kqren@lezhixing.com.cn success
[ 2020-2-26 13:03:08 ] [ log ] send mail liaoxuan@lezhixing.com.cn,gelingjie@lezhixing.com.cn,linhong@lezhixing.com.cn,kqren@lezhixing.com.cn success
[ 2020-2-26 13:12:15 ] [ log ] send mail liaoxuan@lezhixing.com.cn,gelingjie@lezhixing.com.cn,linhong@lezhixing.com.cn,kqren@lezhixing.com.cn success
[ 2020-2-26 14:20:11 ] [ log ] send mail liaoxuan@lezhixing.com.cn,gelingjie@lezhixing.com.cn,linhong@lezhixing.com.cn,kqren@lezhixing.com.cn success
[ 2020-2-26 14:21:30 ] [ log ] send mail liaoxuan@lezhixing.com.cn,gelingjie@lezhixing.com.cn,linhong@lezhixing.com.cn,kqren@lezhixing.com.cn success
[ 2020-2-26 14:23:18 ] [ log ] send mail liaoxuan@lezhixing.com.cn,gelingjie@lezhixing.com.cn,linhong@lezhixing.com.cn,kqren@lezhixing.com.cn success
[ 2020-2-26 14:24:02 ] [ log ] send mail liaoxuan@lezhixing.com.cn,gelingjie@lezhixing.com.cn,linhong@lezhixing.com.cn,kqren@lezhixing.com.cn success
[ 2020-2-26 14:25:06 ] [ log ] send mail liaoxuan@lezhixing.com.cn,gelingjie@lezhixing.com.cn,linhong@lezhixing.com.cn,kqren@lezhixing.com.cn success
[ 2020-2-26 17:24:11 ] [ log ] send mail liaoxuan@lezhixing.com.cn,gelingjie@lezhixing.com.cn,linhong@lezhixing.com.cn,kqren@lezhixing.com.cn success
[ 2020-2-26 18:26:10 ] [ log ] send mail liaoxuan@lezhixing.com.cn,gelingjie@lezhixing.com.cn,linhong@lezhixing.com.cn,kqren@lezhixing.com.cn success
[ 2020-2-27 13:35:47 ] [ log ] send mail liaoxuan@lezhixing.com.cn,gelingjie@lezhixing.com.cn,linhong@lezhixing.com.cn,kqren@lezhixing.com.cn success
[ 2020-2-27 13:36:28 ] [ log ] send mail liaoxuan@lezhixing.com.cn,gelingjie@lezhixing.com.cn,linhong@lezhixing.com.cn,kqren@lezhixing.com.cn success
[ 2020-2-27 13:37:41 ] [ log ] send mail liaoxuan@lezhixing.com.cn,gelingjie@lezhixing.com.cn,linhong@lezhixing.com.cn,kqren@lezhixing.com.cn success
[ 2020-2-27 15:15:14 ] [ log ] send mail yuanjiefeng@lezhixing.com.cn success
[ 2020-2-27 15:21:11 ] [ log ] send mail yuanjiefeng@lezhixing.com.cn success
[ 2020-2-27 17:24:24 ] [ log ] send mail yuanjiefeng@lezhixing.com.cn success
[ 2020-2-27 17:27:39 ] [ log ] send mail yuanjiefeng@lezhixing.com.cn success
[ 2020-2-27 17:28:05 ] [ log ] send mail yuanjiefeng@lezhixing.com.cn success
[ 2020-2-27 17:53:52 ] [ log ] send mail yuanjiefeng@lezhixing.com.cn success
[ 2020-2-27 19:14:38 ] [ log ] send mail yuanjiefeng@lezhixing.com.cn success
[ 2020-2-27 19:21:59 ] [ log ] send mail liaoxuan@lezhixing.com.cn,gelingjie@lezhixing.com.cn,linhong@lezhixing.com.cn,kqren@lezhixing.com.cn success
[ 2020-2-27 19:22:57 ] [ log ] send mail liaoxuan@lezhixing.com.cn,gelingjie@lezhixing.com.cn,linhong@lezhixing.com.cn,kqren@lezhixing.com.cn success
[ 2020-2-27 19:35:27 ] [ log ] send mail yuanjiefeng@lezhixing.com.cn success
[ 2020-2-28 13:11:25 ] [ log ] send mail liaoxuan@lezhixing.com.cn,gelingjie@lezhixing.com.cn,linhong@lezhixing.com.cn,kqren@lezhixing.com.cn success
[ 2020-2-28 13:18:24 ] [ log ] send mail liaoxuan@lezhixing.com.cn,gelingjie@lezhixing.com.cn,linhong@lezhixing.com.cn,kqren@lezhixing.com.cn success
[ 2020-2-28 13:19:30 ] [ log ] send mail liaoxuan@lezhixing.com.cn,gelingjie@lezhixing.com.cn,linhong@lezhixing.com.cn,kqren@lezhixing.com.cn success
[ 2020-2-28 13:22:57 ] [ log ] send mail liaoxuan@lezhixing.com.cn,gelingjie@lezhixing.com.cn,linhong@lezhixing.com.cn,kqren@lezhixing.com.cn success
[ 2020-2-28 13:23:09 ] [ log ] send mail liaoxuan@lezhixing.com.cn,gelingjie@lezhixing.com.cn,linhong@lezhixing.com.cn,kqren@lezhixing.com.cn success
[ 2020-2-28 13:24:29 ] [ log ] send mail liaoxuan@lezhixing.com.cn,gelingjie@lezhixing.com.cn,linhong@lezhixing.com.cn,kqren@lezhixing.com.cn success
[ 2020-2-28 13:27:44 ] [ log ] send mail liaoxuan@lezhixing.com.cn,gelingjie@lezhixing.com.cn,linhong@lezhixing.com.cn,kqren@lezhixing.com.cn success
[ 2020-2-28 13:28:46 ] [ log ] send mail liaoxuan@lezhixing.com.cn,gelingjie@lezhixing.com.cn,linhong@lezhixing.com.cn,kqren@lezhixing.com.cn success
[ 2020-2-28 13:30:01 ] [ log ] send mail liaoxuan@lezhixing.com.cn,gelingjie@lezhixing.com.cn,linhong@lezhixing.com.cn,kqren@lezhixing.com.cn success
[ 2020-2-28 13:34:29 ] [ log ] send mail liaoxuan@lezhixing.com.cn,gelingjie@lezhixing.com.cn,linhong@lezhixing.com.cn,kqren@lezhixing.com.cn success
[ 2020-2-28 13:46:58 ] [ log ] send mail liaoxuan@lezhixing.com.cn,gelingjie@lezhixing.com.cn,linhong@lezhixing.com.cn,kqren@lezhixing.com.cn success
[ 2020-2-28 13:47:53 ] [ log ] send mail liaoxuan@lezhixing.com.cn,gelingjie@lezhixing.com.cn,linhong@lezhixing.com.cn,kqren@lezhixing.com.cn success
[ 2020-2-28 13:48:42 ] [ log ] send mail liaoxuan@lezhixing.com.cn,gelingjie@lezhixing.com.cn,linhong@lezhixing.com.cn,kqren@lezhixing.com.cn success
[ 2020-2-28 13:49:01 ] [ log ] send mail liaoxuan@lezhixing.com.cn,gelingjie@lezhixing.com.cn,linhong@lezhixing.com.cn,kqren@lezhixing.com.cn success
[ 2020-2-28 13:49:11 ] [ log ] send mail liaoxuan@lezhixing.com.cn,gelingjie@lezhixing.com.cn,linhong@lezhixing.com.cn,kqren@lezhixing.com.cn success
[ 2020-2-28 13:58:59 ] [ log ] send mail liaoxuan@lezhixing.com.cn,gelingjie@lezhixing.com.cn,linhong@lezhixing.com.cn,kqren@lezhixing.com.cn success
[ 2020-2-28 14:00:23 ] [ log ] send mail liaoxuan@lezhixing.com.cn,gelingjie@lezhixing.com.cn,linhong@lezhixing.com.cn,kqren@lezhixing.com.cn success
[ 2020-2-28 14:01:08 ] [ log ] send mail liaoxuan@lezhixing.com.cn,gelingjie@lezhixing.com.cn,linhong@lezhixing.com.cn,kqren@lezhixing.com.cn success
[ 2020-2-28 14:31:21 ] [ log ] send mail liaoxuan@lezhixing.com.cn,gelingjie@lezhixing.com.cn,linhong@lezhixing.com.cn,kqren@lezhixing.com.cn success
[ 2020-2-28 14:32:17 ] [ log ] send mail liaoxuan@lezhixing.com.cn,gelingjie@lezhixing.com.cn,linhong@lezhixing.com.cn,kqren@lezhixing.com.cn success
[ 2020-2-28 14:37:37 ] [ log ] send mail liaoxuan@lezhixing.com.cn,gelingjie@lezhixing.com.cn,linhong@lezhixing.com.cn,kqren@lezhixing.com.cn success
[ 2020-2-28 14:38:20 ] [ log ] send mail liaoxuan@lezhixing.com.cn,gelingjie@lezhixing.com.cn,linhong@lezhixing.com.cn,kqren@lezhixing.com.cn success
[ 2020-2-28 14:46:26 ] [ log ] send mail liaoxuan@lezhixing.com.cn,gelingjie@lezhixing.com.cn,linhong@lezhixing.com.cn,kqren@lezhixing.com.cn success
[ 2020-2-28 15:07:11 ] [ log ] send mail liaoxuan@lezhixing.com.cn,gelingjie@lezhixing.com.cn,linhong@lezhixing.com.cn,kqren@lezhixing.com.cn success
[ 2020-2-28 15:24:25 ] [ log ] send mail liaoxuan@lezhixing.com.cn,gelingjie@lezhixing.com.cn,linhong@lezhixing.com.cn,kqren@lezhixing.com.cn success
[ 2020-2-28 16:05:16 ] [ log ] send mail liaoxuan@lezhixing.com.cn,gelingjie@lezhixing.com.cn,linhong@lezhixing.com.cn,kqren@lezhixing.com.cn success
[ 2020-2-28 17:18:03 ] [ log ] send mail liaoxuan@lezhixing.com.cn,gelingjie@lezhixing.com.cn,linhong@lezhixing.com.cn,kqren@lezhixing.com.cn success
[ 2020-2-28 17:34:02 ] [ log ] send mail liaoxuan@lezhixing.com.cn,gelingjie@lezhixing.com.cn,linhong@lezhixing.com.cn,kqren@lezhixing.com.cn success
[ 2020-2-28 17:35:10 ] [ log ] send mail liaoxuan@lezhixing.com.cn,gelingjie@lezhixing.com.cn,linhong@lezhixing.com.cn,kqren@lezhixing.com.cn success
[ 2020-2-28 17:44:49 ] [ log ] send mail liaoxuan@lezhixing.com.cn,gelingjie@lezhixing.com.cn,linhong@lezhixing.com.cn,kqren@lezhixing.com.cn success
[ 2020-2-28 17:45:58 ] [ log ] send mail liaoxuan@lezhixing.com.cn,gelingjie@lezhixing.com.cn,linhong@lezhixing.com.cn,kqren@lezhixing.com.cn success
[ 2020-2-28 19:05:21 ] [ log ] send mail liaoxuan@lezhixing.com.cn,gelingjie@lezhixing.com.cn,linhong@lezhixing.com.cn,kqren@lezhixing.com.cn success
[ 2020-2-29 09:41:17 ] [ log ] send mail liaoxuan@lezhixing.com.cn,gelingjie@lezhixing.com.cn,linhong@lezhixing.com.cn,kqren@lezhixing.com.cn success
[ 2020-2-29 09:44:34 ] [ log ] send mail liaoxuan@lezhixing.com.cn,gelingjie@lezhixing.com.cn,linhong@lezhixing.com.cn,kqren@lezhixing.com.cn success
[ 2020-2-29 09:45:13 ] [ log ] send mail liaoxuan@lezhixing.com.cn,gelingjie@lezhixing.com.cn,linhong@lezhixing.com.cn,kqren@lezhixing.com.cn success
[ 2020-2-29 09:45:26 ] [ log ] send mail liaoxuan@lezhixing.com.cn,gelingjie@lezhixing.com.cn,linhong@lezhixing.com.cn,kqren@lezhixing.com.cn success
[ 2020-2-29 09:53:49 ] [ log ] send mail liaoxuan@lezhixing.com.cn,gelingjie@lezhixing.com.cn,linhong@lezhixing.com.cn,kqren@lezhixing.com.cn success
[ 2020-2-29 09:54:38 ] [ log ] send mail liaoxuan@lezhixing.com.cn,gelingjie@lezhixing.com.cn,linhong@lezhixing.com.cn,kqren@lezhixing.com.cn success
[ 2020-2-29 10:04:14 ] [ log ] send mail liaoxuan@lezhixing.com.cn,gelingjie@lezhixing.com.cn,linhong@lezhixing.com.cn,kqren@lezhixing.com.cn success
[ 2020-2-29 10:18:05 ] [ log ] send mail liaoxuan@lezhixing.com.cn,gelingjie@lezhixing.com.cn,linhong@lezhixing.com.cn,kqren@lezhixing.com.cn success
[ 2020-2-29 12:30:05 ] [ log ] send mail liaoxuan@lezhixing.com.cn,gelingjie@lezhixing.com.cn,linhong@lezhixing.com.cn,kqren@lezhixing.com.cn success
[ 2020-2-29 12:30:51 ] [ log ] send mail liaoxuan@lezhixing.com.cn,gelingjie@lezhixing.com.cn,linhong@lezhixing.com.cn,kqren@lezhixing.com.cn success
[ 2020-2-29 15:00:06 ] [ log ] send mail liaoxuan@lezhixing.com.cn,gelingjie@lezhixing.com.cn,linhong@lezhixing.com.cn,kqren@lezhixing.com.cn success
[ 2020-2-29 15:17:30 ] [ log ] send mail liaoxuan@lezhixing.com.cn,gelingjie@lezhixing.com.cn,linhong@lezhixing.com.cn,kqren@lezhixing.com.cn success
[ 2020-2-29 17:24:42 ] [ error ] Maximum call stack size exceeded
