[ 2020-3-3 14:48:48 ] [ log ] send mail kqren@lezhixing.com.cn success
[ 2020-3-3 14:50:51 ] [ log ] send mail kqren@lezhixing.com.cn success
[ 2020-3-3 14:51:27 ] [ log ] send mail kqren@lezhixing.com.cn success
[ 2020-3-3 14:53:49 ] [ log ] send mail kqren@lezhixing.com.cn success
[ 2020-3-3 14:55:28 ] [ log ] send mail kqren@lezhixing.com.cn success
[ 2020-3-3 14:57:09 ] [ log ] send mail kqren@lezhixing.com.cn success
[ 2020-3-3 14:57:54 ] [ log ] send mail kqren@lezhixing.com.cn success
[ 2020-3-3 15:00:40 ] [ log ] send mail kqren@lezhixing.com.cn success
[ 2020-3-3 15:01:47 ] [ log ] send mail kqren@lezhixing.com.cn success
[ 2020-3-3 15:02:44 ] [ log ] send mail kqren@lezhixing.com.cn success
[ 2020-3-4 10:43:45 ] [ log ] send mail kqren@lezhixing.com.cn success
[ 2020-3-4 10:46:16 ] [ log ] send mail kqren@lezhixing.com.cn success
[ 2020-3-4 10:55:17 ] [ log ] send mail kqren@lezhixing.com.cn success
[ 2020-3-4 10:56:10 ] [ log ] send mail kqren@lezhixing.com.cn success
[ 2020-3-4 10:56:38 ] [ log ] send mail kqren@lezhixing.com.cn success
[ 2020-3-4 10:58:26 ] [ log ] send mail kqren@lezhixing.com.cn success
[ 2020-3-4 13:33:27 ] [ log ] send mail kqren@lezhixing.com.cn success
[ 2020-3-4 13:37:03 ] [ log ] send mail kqren@lezhixing.com.cn success
[ 2020-3-4 13:40:41 ] [ log ] send mail kqren@lezhixing.com.cn success
[ 2020-3-4 13:43:12 ] [ log ] send mail kqren@lezhixing.com.cn success
[ 2020-3-4 13:45:05 ] [ log ] send mail kqren@lezhixing.com.cn success
[ 2020-3-4 13:48:06 ] [ log ] send mail kqren@lezhixing.com.cn success
[ 2020-3-4 18:14:29 ] [ log ] send mail luojunping@lezhixing.com.cn success
[ 2020-3-4 18:28:40 ] [ log ] send mail luojunping@lezhixing.com.cn success
[ 2020-3-4 18:28:51 ] [ log ] send mail luojunping@lezhixing.com.cn success
[ 2020-3-4 21:16:31 ] [ log ] send mail luojunping@lezhixing.com.cn success
[ 2020-3-4 21:19:26 ] [ log ] send mail luojunping@lezhixing.com.cn success
[ 2020-3-5 09:47:01 ] [ log ] send mail kqren@lezhixing.com.cn success
[ 2020-3-5 09:48:04 ] [ log ] send mail kqren@lezhixing.com.cn success
[ 2020-3-5 09:56:06 ] [ log ] send mail kqren@lezhixing.com.cn success
[ 2020-3-5 10:32:22 ] [ log ] send mail kqren@lezhixing.com.cn success
[ 2020-3-5 10:33:18 ] [ log ] send mail kqren@lezhixing.com.cn success
[ 2020-3-5 10:35:21 ] [ log ] send mail kqren@lezhixing.com.cn success
[ 2020-3-5 10:35:43 ] [ log ] send mail kqren@lezhixing.com.cn success
[ 2020-3-5 10:36:20 ] [ log ] send mail kqren@lezhixing.com.cn success
[ 2020-3-5 10:36:47 ] [ log ] send mail kqren@lezhixing.com.cn success
[ 2020-3-5 10:38:08 ] [ log ] send mail kqren@lezhixing.com.cn success
[ 2020-3-5 10:46:15 ] [ log ] send mail kqren@lezhixing.com.cn success
[ 2020-3-5 10:50:57 ] [ log ] send mail kqren@lezhixing.com.cn success
[ 2020-3-5 10:51:06 ] [ log ] send mail kqren@lezhixing.com.cn success
[ 2020-3-5 11:01:15 ] [ log ] send mail kqren@lezhixing.com.cn success
[ 2020-3-5 11:01:42 ] [ log ] send mail kqren@lezhixing.com.cn success
[ 2020-3-5 11:02:49 ] [ log ] send mail kqren@lezhixing.com.cn success
[ 2020-3-5 11:06:05 ] [ log ] send mail kqren@lezhixing.com.cn success
[ 2020-3-5 11:06:32 ] [ log ] send mail kqren@lezhixing.com.cn success
[ 2020-3-5 11:06:59 ] [ log ] send mail kqren@lezhixing.com.cn success
[ 2020-3-6 09:16:39 ] [ log ] send mail luojunping@lezhixing.com.cn success
[ 2020-3-6 09:21:34 ] [ log ] send mail luojunping@lezhixing.com.cn success
[ 2020-3-6 09:24:00 ] [ log ] send mail luojunping@lezhixing.com.cn success
[ 2020-3-6 09:28:40 ] [ log ] send mail luojunping@lezhixing.com.cn success
[ 2020-3-6 09:30:57 ] [ log ] send mail luojunping@lezhixing.com.cn success
[ 2020-3-6 09:33:09 ] [ log ] send mail luojunping@lezhixing.com.cn success
[ 2020-3-6 15:20:09 ] [ log ] send mail kqren@lezhixing.com.cn success
[ 2020-3-6 16:52:50 ] [ log ] send mail zhoudan@lezhixing.com.cn,kqren@lezhixing.com.cn success
[ 2020-3-6 16:54:17 ] [ log ] send mail zhoudan@lezhixing.com.cn,kqren@lezhixing.com.cn success
[ 2020-3-6 17:14:11 ] [ log ] send mail zhoudan@lezhixing.com.cn,kqren@lezhixing.com.cn success
[ 2020-3-11 00:31:24 ] [ log ] send mail weibo@lezhixing.com.cn success
[ 2020-3-11 00:31:42 ] [ log ] send mail weibo@lezhixing.com.cn success
[ 2020-3-11 00:50:09 ] [ log ] send mail weibo@lezhixing.com.cn success
[ 2020-3-11 00:51:47 ] [ log ] send mail weibo@lezhixing.com.cn success
[ 2020-3-11 00:52:44 ] [ log ] send mail weibo@lezhixing.com.cn success
[ 2020-3-12 11:43:59 ] [ log ] send mail weibo@lezhixing.com.cn success
[ 2020-3-16 15:44:31 ] [ log ] send mail weibo@lezhixing.com.cn success
[ 2020-3-16 15:46:11 ] [ log ] send mail weibo@lezhixing.com.cn success
[ 2020-3-16 15:51:56 ] [ log ] send mail weibo@lezhixing.com.cn success
[ 2020-3-16 15:53:52 ] [ log ] send mail weibo@lezhixing.com.cn success
[ 2020-3-16 15:54:56 ] [ log ] send mail weibo@lezhixing.com.cn success
[ 2020-3-16 15:56:41 ] [ log ] send mail weibo@lezhixing.com.cn success
[ 2020-3-16 15:56:48 ] [ log ] send mail weibo@lezhixing.com.cn success
[ 2020-3-16 16:00:23 ] [ log ] send mail weibo@lezhixing.com.cn success
[ 2020-3-16 16:02:07 ] [ log ] send mail weibo@lezhixing.com.cn success
[ 2020-3-16 16:04:15 ] [ log ] send mail weibo@lezhixing.com.cn success
[ 2020-3-16 16:14:23 ] [ log ] send mail weibo@lezhixing.com.cn success
[ 2020-3-16 16:14:35 ] [ log ] send mail weibo@lezhixing.com.cn success
[ 2020-3-16 16:14:43 ] [ log ] send mail weibo@lezhixing.com.cn success
[ 2020-3-16 16:21:39 ] [ log ] send mail weibo@lezhixing.com.cn success
[ 2020-3-16 16:22:38 ] [ log ] send mail weibo@lezhixing.com.cn success
[ 2020-3-16 16:23:53 ] [ log ] send mail weibo@lezhixing.com.cn success
[ 2020-3-16 16:26:05 ] [ log ] send mail weibo@lezhixing.com.cn success
[ 2020-3-16 16:29:48 ] [ log ] send mail weibo@lezhixing.com.cn success
[ 2020-3-16 16:34:11 ] [ log ] send mail weibo@lezhixing.com.cn success
[ 2020-3-16 16:35:24 ] [ log ] send mail weibo@lezhixing.com.cn success
[ 2020-3-16 16:35:36 ] [ error ] send mail weibo@lezhixing.com.cn error,getaddrinfo ENOTFOUND smtp.163.com smtp.163.com:465
[ 2020-3-16 16:40:53 ] [ log ] send mail weibo@lezhixing.com.cn success
[ 2020-3-16 16:41:19 ] [ log ] send mail weibo@lezhixing.com.cn success
[ 2020-3-16 16:48:18 ] [ log ] send mail weibo@lezhixing.com.cn success
[ 2020-3-16 17:06:09 ] [ log ] send mail weibo@lezhixing.com.cn success
[ 2020-3-16 17:21:44 ] [ log ] send mail weibo@lezhixing.com.cn success
[ 2020-3-16 17:37:47 ] [ log ] send mail weibo@lezhixing.com.cn success
[ 2020-3-16 17:37:57 ] [ log ] send mail weibo@lezhixing.com.cn success
[ 2020-3-16 17:38:37 ] [ log ] send mail weibo@lezhixing.com.cn success
[ 2020-3-16 17:43:30 ] [ log ] send mail weibo@lezhixing.com.cn success
[ 2020-3-16 17:44:54 ] [ log ] send mail weibo@lezhixing.com.cn success
[ 2020-3-16 19:14:13 ] [ log ] send mail weibo@lezhixing.com.cn success
[ 2020-3-16 20:03:30 ] [ log ] send mail wanxing@lezhixing.com.cn success
[ 2020-3-16 20:08:16 ] [ log ] send mail wanxing@lezhixing.com.cn success
[ 2020-3-16 20:21:41 ] [ log ] send mail wanxing@lezhixing.com.cn success
[ 2020-3-16 20:26:13 ] [ log ] send mail wanxing@lezhixing.com.cn success
[ 2020-3-16 20:32:23 ] [ log ] send mail wanxing@lezhixing.com.cn success
[ 2020-3-17 10:43:05 ] [ log ] send mail zhoudan@lezhixing.com.cn,kqren@lezhixing.com.cn success
[ 2020-3-17 10:44:37 ] [ log ] send mail zhoudan@lezhixing.com.cn,macd@lezhixing.com.cn,xutao@lezhixing.com.cn,kqren@lezhixing.com.cn success
[ 2020-3-17 10:45:28 ] [ log ] send mail zhoudan@lezhixing.com.cn,macd@lezhixing.com.cn,xutao@lezhixing.com.cn,kqren@lezhixing.com.cn success
[ 2020-3-17 10:46:15 ] [ log ] send mail zhoudan@lezhixing.com.cn,macd@lezhixing.com.cn,xutao@lezhixing.com.cn,kqren@lezhixing.com.cn success
[ 2020-3-17 10:48:40 ] [ log ] send mail zhoudan@lezhixing.com.cn,macd@lezhixing.com.cn,xutao@lezhixing.com.cn,kqren@lezhixing.com.cn success
[ 2020-3-17 10:53:12 ] [ log ] send mail zhoudan@lezhixing.com.cn,macd@lezhixing.com.cn,xutao@lezhixing.com.cn,kqren@lezhixing.com.cn success
[ 2020-3-17 10:53:29 ] [ log ] send mail zhoudan@lezhixing.com.cn,macd@lezhixing.com.cn,xutao@lezhixing.com.cn,kqren@lezhixing.com.cn success
[ 2020-3-17 10:54:12 ] [ log ] send mail zhoudan@lezhixing.com.cn,macd@lezhixing.com.cn,xutao@lezhixing.com.cn,kqren@lezhixing.com.cn success
[ 2020-3-17 10:55:15 ] [ log ] send mail zhoudan@lezhixing.com.cn,macd@lezhixing.com.cn,xutao@lezhixing.com.cn,kqren@lezhixing.com.cn success
[ 2020-3-17 11:06:03 ] [ log ] send mail zhoudan@lezhixing.com.cn,macd@lezhixing.com.cn,xutao@lezhixing.com.cn,kqren@lezhixing.com.cn success
[ 2020-3-17 11:08:33 ] [ log ] send mail zhoudan@lezhixing.com.cn,macd@lezhixing.com.cn,xutao@lezhixing.com.cn,kqren@lezhixing.com.cn success
[ 2020-3-17 11:13:50 ] [ log ] send mail weibo@lezhixing.com.cn success
[ 2020-3-17 11:14:09 ] [ log ] send mail weibo@lezhixing.com.cn success
[ 2020-3-17 11:14:12 ] [ log ] send mail weibo@lezhixing.com.cn success
[ 2020-3-17 11:17:09 ] [ log ] send mail weibo@lezhixing.com.cn success
[ 2020-3-17 11:17:20 ] [ log ] send mail weibo@lezhixing.com.cn success
[ 2020-3-17 11:22:26 ] [ log ] send mail zhoudan@lezhixing.com.cn,macd@lezhixing.com.cn,xutao@lezhixing.com.cn,kqren@lezhixing.com.cn success
[ 2020-3-17 11:22:33 ] [ log ] send mail zhoudan@lezhixing.com.cn,macd@lezhixing.com.cn,xutao@lezhixing.com.cn,kqren@lezhixing.com.cn success
[ 2020-3-17 11:24:38 ] [ log ] send mail zhoudan@lezhixing.com.cn,macd@lezhixing.com.cn,xutao@lezhixing.com.cn,kqren@lezhixing.com.cn success
[ 2020-3-17 11:25:35 ] [ log ] send mail zhoudan@lezhixing.com.cn,macd@lezhixing.com.cn,xutao@lezhixing.com.cn,kqren@lezhixing.com.cn success
[ 2020-3-17 11:28:36 ] [ log ] send mail zhoudan@lezhixing.com.cn,macd@lezhixing.com.cn,xutao@lezhixing.com.cn,kqren@lezhixing.com.cn success
[ 2020-3-17 11:28:39 ] [ log ] send mail zhoudan@lezhixing.com.cn,macd@lezhixing.com.cn,xutao@lezhixing.com.cn,kqren@lezhixing.com.cn success
[ 2020-3-17 11:28:48 ] [ log ] send mail zhoudan@lezhixing.com.cn,macd@lezhixing.com.cn,xutao@lezhixing.com.cn,kqren@lezhixing.com.cn success
[ 2020-3-17 11:29:19 ] [ log ] send mail zhoudan@lezhixing.com.cn,macd@lezhixing.com.cn,xutao@lezhixing.com.cn,kqren@lezhixing.com.cn success
[ 2020-3-17 11:30:23 ] [ log ] send mail zhoudan@lezhixing.com.cn,macd@lezhixing.com.cn,xutao@lezhixing.com.cn,kqren@lezhixing.com.cn success
[ 2020-3-17 11:31:30 ] [ log ] send mail weibo@lezhixing.com.cn success
[ 2020-3-17 11:31:57 ] [ log ] send mail zhoudan@lezhixing.com.cn,macd@lezhixing.com.cn,xutao@lezhixing.com.cn,kqren@lezhixing.com.cn success
[ 2020-3-17 11:32:28 ] [ log ] send mail zhoudan@lezhixing.com.cn,macd@lezhixing.com.cn,xutao@lezhixing.com.cn,kqren@lezhixing.com.cn success
[ 2020-3-17 11:32:44 ] [ log ] send mail zhoudan@lezhixing.com.cn,macd@lezhixing.com.cn,xutao@lezhixing.com.cn,kqren@lezhixing.com.cn success
[ 2020-3-17 11:40:55 ] [ log ] send mail zhoudan@lezhixing.com.cn,macd@lezhixing.com.cn,xutao@lezhixing.com.cn,kqren@lezhixing.com.cn success
[ 2020-3-17 11:44:46 ] [ log ] send mail weibo@lezhixing.com.cn success
[ 2020-3-17 12:08:36 ] [ log ] send mail weibo@lezhixing.com.cn success
[ 2020-3-17 14:02:02 ] [ log ] send mail weibo@lezhixing.com.cn success
[ 2020-3-17 14:07:29 ] [ log ] send mail weibo@lezhixing.com.cn success
[ 2020-3-17 14:14:05 ] [ log ] send mail weibo@lezhixing.com.cn success
[ 2020-3-17 14:20:06 ] [ log ] send mail weibo@lezhixing.com.cn success
[ 2020-3-17 14:25:14 ] [ log ] send mail weibo@lezhixing.com.cn success
[ 2020-3-17 14:28:39 ] [ log ] send mail weibo@lezhixing.com.cn success
[ 2020-3-17 14:32:29 ] [ log ] send mail weibo@lezhixing.com.cn success
[ 2020-3-17 14:33:07 ] [ log ] send mail weibo@lezhixing.com.cn success
[ 2020-3-17 14:33:32 ] [ log ] send mail weibo@lezhixing.com.cn success
[ 2020-3-17 14:34:17 ] [ log ] send mail weibo@lezhixing.com.cn success
[ 2020-3-17 14:34:18 ] [ log ] send mail weibo@lezhixing.com.cn success
[ 2020-3-17 14:41:25 ] [ log ] send mail weibo@lezhixing.com.cn success
[ 2020-3-17 14:41:48 ] [ log ] send mail weibo@lezhixing.com.cn success
[ 2020-3-17 14:42:40 ] [ log ] send mail weibo@lezhixing.com.cn success
[ 2020-3-17 14:43:19 ] [ log ] send mail weibo@lezhixing.com.cn success
[ 2020-3-17 14:43:32 ] [ log ] send mail weibo@lezhixing.com.cn success
[ 2020-3-17 14:45:02 ] [ log ] send mail weibo@lezhixing.com.cn success
[ 2020-3-17 14:48:26 ] [ log ] send mail weibo@lezhixing.com.cn success
[ 2020-3-17 14:50:30 ] [ log ] send mail weibo@lezhixing.com.cn success
[ 2020-3-17 14:51:34 ] [ log ] send mail weibo@lezhixing.com.cn success
[ 2020-3-17 14:52:47 ] [ log ] send mail weibo@lezhixing.com.cn success
[ 2020-3-17 14:55:53 ] [ log ] send mail weibo@lezhixing.com.cn success
[ 2020-3-17 14:56:13 ] [ log ] send mail weibo@lezhixing.com.cn success
[ 2020-3-17 14:59:03 ] [ log ] send mail weibo@lezhixing.com.cn success
[ 2020-3-17 14:59:24 ] [ log ] send mail weibo@lezhixing.com.cn success
[ 2020-3-17 15:02:56 ] [ log ] send mail weibo@lezhixing.com.cn success
[ 2020-3-17 15:03:43 ] [ log ] send mail weibo@lezhixing.com.cn success
[ 2020-3-17 15:04:51 ] [ log ] send mail weibo@lezhixing.com.cn success
[ 2020-3-17 15:06:26 ] [ log ] send mail weibo@lezhixing.com.cn success
[ 2020-3-17 15:06:35 ] [ log ] send mail weibo@lezhixing.com.cn success
[ 2020-3-17 15:08:06 ] [ log ] send mail weibo@lezhixing.com.cn success
[ 2020-3-17 16:20:08 ] [ log ] send mail zhoudan@lezhixing.com.cn,houzengshou@lezhixing.com.cn,macd@lezhixing.com.cn,xutao@lezhixing.com.cn,kqren@lezhixing.com.cn success
[ 2020-3-17 16:43:52 ] [ log ] send mail weibo@lezhixing.com.cn success
[ 2020-3-17 16:46:35 ] [ log ] send mail zhoudan@lezhixing.com.cn,houzengshou@lezhixing.com.cn,macd@lezhixing.com.cn,xutao@lezhixing.com.cn,kqren@lezhixing.com.cn success
[ 2020-3-17 16:47:49 ] [ log ] send mail zhoudan@lezhixing.com.cn,houzengshou@lezhixing.com.cn,macd@lezhixing.com.cn,xutao@lezhixing.com.cn,kqren@lezhixing.com.cn success
[ 2020-3-17 16:48:28 ] [ log ] send mail zhoudan@lezhixing.com.cn,houzengshou@lezhixing.com.cn,macd@lezhixing.com.cn,xutao@lezhixing.com.cn,kqren@lezhixing.com.cn success
[ 2020-3-17 17:21:55 ] [ log ] send mail weibo@lezhixing.com.cn success
[ 2020-3-18 11:08:38 ] [ log ] send mail weibo@lezhixing.com.cn success
[ 2020-3-18 11:09:28 ] [ log ] send mail weibo@lezhixing.com.cn success
[ 2020-3-18 11:21:05 ] [ log ] send mail weibo@lezhixing.com.cn success
[ 2020-3-18 11:22:10 ] [ log ] send mail weibo@lezhixing.com.cn success
[ 2020-3-19 09:24:02 ] [ log ] send mail weibo@lezhixing.com.cn success
[ 2020-3-19 11:24:59 ] [ log ] send mail weibo@lezhixing.com.cn success
[ 2020-3-19 11:29:30 ] [ log ] send mail weibo@lezhixing.com.cn success
[ 2020-3-19 13:02:09 ] [ log ] send mail weibo@lezhixing.com.cn success
[ 2020-3-19 17:42:07 ] [ log ] send mail luojunping@lezhixing.com.cn success
[ 2020-3-19 17:42:19 ] [ log ] send mail luojunping@lezhixing.com.cn success
[ 2020-3-20 13:28:20 ] [ log ] send mail weibo@lezhixing.com.cn success
[ 2020-3-20 15:31:17 ] [ log ] send mail weibo@lezhixing.com.cn success
[ 2020-3-20 15:32:39 ] [ log ] send mail weibo@lezhixing.com.cn success
[ 2020-3-20 15:40:31 ] [ log ] send mail weibo@lezhixing.com.cn success
[ 2020-3-20 15:41:45 ] [ log ] send mail weibo@lezhixing.com.cn success
[ 2020-3-20 18:34:08 ] [ log ] send mail weibo@lezhixing.com.cn success
[ 2020-3-23 08:52:49 ] [ log ] send mail weibo@lezhixing.com.cn success
[ 2020-3-23 08:52:59 ] [ log ] send mail weibo@lezhixing.com.cn success
[ 2020-3-23 08:53:09 ] [ log ] send mail weibo@lezhixing.com.cn success
[ 2020-3-23 13:37:03 ] [ log ] send mail leixinliang@lezhixing.com.cn,zhoujie@lezhixing.com.cn,yaojianglei@lezhixing.com.cn,goubotao@lezhixing.com.cn success
[ 2020-3-23 13:40:29 ] [ log ] send mail leixinliang@lezhixing.com.cn,zhoujie@lezhixing.com.cn,yaojianglei@lezhixing.com.cn,goubotao@lezhixing.com.cn success
[ 2020-3-23 13:40:49 ] [ log ] send mail leixinliang@lezhixing.com.cn,zhoujie@lezhixing.com.cn,yaojianglei@lezhixing.com.cn,goubotao@lezhixing.com.cn success
[ 3/23/2020, 2:58:23 PM ] [ log ] 服务已启动，请打开下面链接访问: 
http://127.0.0.1:3000/
[ 3/23/2020, 2:58:23 PM ] [ error ] MongoNetworkError: failed to connect to server [127.0.0.1:27017] on first connect [MongoNetworkError: connect ECONNREFUSED 127.0.0.1:27017], mongodb Authentication failed
[ 3/23/2020, 2:58:23 PM ] [ log ] mongodb load success...
[ 3/23/2020, 2:58:38 PM ] [ log ] 服务已启动，请打开下面链接访问: 
http://127.0.0.1:3000/
[ 3/23/2020, 2:58:38 PM ] [ log ] mongodb load success...
