[ 2020-1-2 09:58:26 ] [ log ] send mail yangxiaojie@lezhixing.com.cn,macd@lezhixing.com.cn,libowen@lezhixing.com.cn success
[ 2020-1-2 10:32:10 ] [ log ] send mail yangxiaojie@lezhixing.com.cn,macd@lezhixing.com.cn,libowen@lezhixing.com.cn success
[ 2020-1-2 10:33:22 ] [ log ] send mail yangxiaojie@lezhixing.com.cn,macd@lezhixing.com.cn,libowen@lezhixing.com.cn success
[ 2020-1-2 10:34:23 ] [ log ] send mail yangxiaojie@lezhixing.com.cn,macd@lezhixing.com.cn,libowen@lezhixing.com.cn success
[ 2020-1-2 10:34:38 ] [ log ] send mail yangxiaojie@lezhixing.com.cn,macd@lezhixing.com.cn,libowen@lezhixing.com.cn success
[ 2020-1-2 11:01:51 ] [ log ] send mail yangxiaojie@lezhixing.com.cn,macd@lezhixing.com.cn,libowen@lezhixing.com.cn success
[ 2020-1-2 11:08:03 ] [ log ] send mail yangxiaojie@lezhixing.com.cn,macd@lezhixing.com.cn,libowen@lezhixing.com.cn success
[ 2020-1-2 11:08:39 ] [ log ] send mail yangxiaojie@lezhixing.com.cn,macd@lezhixing.com.cn,libowen@lezhixing.com.cn success
[ 2020-1-2 11:09:06 ] [ log ] send mail yangxiaojie@lezhixing.com.cn,macd@lezhixing.com.cn,libowen@lezhixing.com.cn success
[ 2020-1-2 11:10:13 ] [ log ] send mail yangxiaojie@lezhixing.com.cn,macd@lezhixing.com.cn,libowen@lezhixing.com.cn success
[ 2020-1-2 11:11:58 ] [ log ] send mail yangxiaojie@lezhixing.com.cn,macd@lezhixing.com.cn,libowen@lezhixing.com.cn success
[ 2020-1-2 11:19:51 ] [ log ] send mail yangxiaojie@lezhixing.com.cn,macd@lezhixing.com.cn,libowen@lezhixing.com.cn success
[ 2020-1-2 11:21:25 ] [ log ] send mail yangxiaojie@lezhixing.com.cn,macd@lezhixing.com.cn,libowen@lezhixing.com.cn success
[ 2020-1-2 11:21:28 ] [ log ] send mail yangxiaojie@lezhixing.com.cn,macd@lezhixing.com.cn,libowen@lezhixing.com.cn success
[ 2020-1-2 14:28:56 ] [ log ] send mail yangxiaojie@lezhixing.com.cn,macd@lezhixing.com.cn,libowen@lezhixing.com.cn success
[ 2020-1-2 14:30:26 ] [ log ] send mail yangxiaojie@lezhixing.com.cn,macd@lezhixing.com.cn,libowen@lezhixing.com.cn success
[ 2020-1-2 14:30:39 ] [ log ] send mail yangxiaojie@lezhixing.com.cn,macd@lezhixing.com.cn,libowen@lezhixing.com.cn success
[ 2020-1-2 14:31:17 ] [ log ] send mail yangxiaojie@lezhixing.com.cn,macd@lezhixing.com.cn,libowen@lezhixing.com.cn success
[ 2020-1-2 14:56:51 ] [ log ] send mail yangxiaojie@lezhixing.com.cn,macd@lezhixing.com.cn,libowen@lezhixing.com.cn success
[ 2020-1-2 14:59:57 ] [ log ] send mail luojunping@lezhixing.com.cn success
[ 2020-1-2 15:00:16 ] [ log ] send mail luojunping@lezhixing.com.cn success
[ 2020-1-2 15:00:24 ] [ log ] send mail luojunping@lezhixing.com.cn success
[ 2020-1-2 15:07:33 ] [ log ] send mail yangxiaojie@lezhixing.com.cn,macd@lezhixing.com.cn,libowen@lezhixing.com.cn success
[ 2020-1-2 15:10:06 ] [ log ] send mail luojunping@lezhixing.com.cn success
[ 2020-1-2 15:10:12 ] [ log ] send mail luojunping@lezhixing.com.cn success
[ 2020-1-2 15:18:47 ] [ log ] send mail luojunping@lezhixing.com.cn success
[ 2020-1-2 16:48:39 ] [ log ] send mail luojunping@lezhixing.com.cn success
[ 2020-1-2 16:49:37 ] [ log ] send mail luojunping@lezhixing.com.cn success
[ 2020-1-2 19:59:50 ] [ log ] send mail yangxiaojie@lezhixing.com.cn,macd@lezhixing.com.cn,libowen@lezhixing.com.cn success
[ 2020-1-3 10:59:11 ] [ log ] send mail zhangpei@lezhixing.com.cn,goubotao@lezhixing.com.cn success
[ 2020-1-3 11:16:33 ] [ log ] send mail kongliang@lezhixing.com.cn success
[ 2020-1-3 11:23:39 ] [ error ] send mail  error,No recipients defined
[ 2020-1-3 13:27:36 ] [ error ] send mail  error,No recipients defined
[ 2020-1-3 13:27:36 ] [ error ] send mail  error,No recipients defined
[ 2020-1-3 13:27:39 ] [ error ] send mail  error,No recipients defined
[ 2020-1-3 13:27:47 ] [ error ] send mail  error,No recipients defined
[ 2020-1-3 13:51:30 ] [ error ] send mail  error,No recipients defined
[ 2020-1-3 13:53:47 ] [ error ] send mail  error,No recipients defined
[ 2020-1-3 14:37:56 ] [ error ] send mail  error,No recipients defined
[ 2020-1-3 15:13:46 ] [ error ] send mail  error,No recipients defined
[ 2020-1-3 15:19:54 ] [ error ] send mail  error,No recipients defined
[ 2020-1-3 15:20:37 ] [ error ] send mail  error,No recipients defined
[ 2020-1-6 09:31:37 ] [ log ] send mail yangxiaojie@lezhixing.com.cn,macd@lezhixing.com.cn,libowen@lezhixing.com.cn success
[ 2020-1-6 09:33:08 ] [ log ] send mail yangxiaojie@lezhixing.com.cn,macd@lezhixing.com.cn,libowen@lezhixing.com.cn success
[ 2020-1-6 09:34:39 ] [ log ] send mail yangxiaojie@lezhixing.com.cn,macd@lezhixing.com.cn,libowen@lezhixing.com.cn success
[ 2020-1-6 09:35:19 ] [ log ] send mail yangxiaojie@lezhixing.com.cn,macd@lezhixing.com.cn,libowen@lezhixing.com.cn success
[ 2020-1-6 09:54:32 ] [ log ] send mail yangxiaojie@lezhixing.com.cn,macd@lezhixing.com.cn,libowen@lezhixing.com.cn success
[ 2020-1-6 09:55:21 ] [ log ] send mail yangxiaojie@lezhixing.com.cn,macd@lezhixing.com.cn,libowen@lezhixing.com.cn success
[ 2020-1-6 10:00:20 ] [ log ] send mail yangxiaojie@lezhixing.com.cn,macd@lezhixing.com.cn,libowen@lezhixing.com.cn success
[ 2020-1-6 10:05:22 ] [ log ] send mail yangxiaojie@lezhixing.com.cn,macd@lezhixing.com.cn,libowen@lezhixing.com.cn success
[ 2020-1-6 10:07:36 ] [ log ] send mail yangxiaojie@lezhixing.com.cn,macd@lezhixing.com.cn,libowen@lezhixing.com.cn success
[ 2020-1-6 10:07:40 ] [ log ] send mail yangxiaojie@lezhixing.com.cn,macd@lezhixing.com.cn,libowen@lezhixing.com.cn success
[ 2020-1-6 10:08:39 ] [ log ] send mail yangxiaojie@lezhixing.com.cn,macd@lezhixing.com.cn,libowen@lezhixing.com.cn success
[ 2020-1-6 10:09:24 ] [ log ] send mail yangxiaojie@lezhixing.com.cn,macd@lezhixing.com.cn,libowen@lezhixing.com.cn success
[ 2020-1-6 15:08:13 ] [ log ] send mail yangxiaojie@lezhixing.com.cn,macd@lezhixing.com.cn,libowen@lezhixing.com.cn success
[ 2020-1-6 15:08:18 ] [ log ] send mail yangxiaojie@lezhixing.com.cn,macd@lezhixing.com.cn,libowen@lezhixing.com.cn success
[ 2020-1-6 15:08:19 ] [ log ] send mail yangxiaojie@lezhixing.com.cn,macd@lezhixing.com.cn,libowen@lezhixing.com.cn success
[ 2020-1-6 15:19:00 ] [ log ] send mail luojunping@lezhixing.com.cn success
[ 2020-1-6 15:19:09 ] [ log ] send mail luojunping@lezhixing.com.cn success
[ 2020-1-6 15:19:28 ] [ log ] send mail luojunping@lezhixing.com.cn success
[ 2020-1-6 16:17:40 ] [ log ] send mail yangxiaojie@lezhixing.com.cn,macd@lezhixing.com.cn,libowen@lezhixing.com.cn success
[ 2020-1-6 17:18:25 ] [ log ] send mail luojunping@lezhixing.com.cn success
[ 2020-1-6 19:56:33 ] [ log ] send mail yangxiaojie@lezhixing.com.cn,macd@lezhixing.com.cn,libowen@lezhixing.com.cn success
[ 2020-1-6 19:56:46 ] [ log ] send mail yangxiaojie@lezhixing.com.cn,macd@lezhixing.com.cn,libowen@lezhixing.com.cn success
[ 2020-1-6 19:59:23 ] [ log ] send mail yangxiaojie@lezhixing.com.cn,macd@lezhixing.com.cn,libowen@lezhixing.com.cn success
[ 2020-1-7 08:37:59 ] [ log ] send mail yangxiaojie@lezhixing.com.cn,macd@lezhixing.com.cn,libowen@lezhixing.com.cn success
[ 2020-1-7 11:29:17 ] [ log ] send mail luojunping@lezhixing.com.cn success
[ 2020-1-7 11:29:39 ] [ log ] send mail luojunping@lezhixing.com.cn success
[ 2020-1-7 11:30:24 ] [ log ] send mail yangxiaojie@lezhixing.com.cn,macd@lezhixing.com.cn,libowen@lezhixing.com.cn success
[ 2020-1-7 11:30:58 ] [ log ] send mail yangxiaojie@lezhixing.com.cn,macd@lezhixing.com.cn,libowen@lezhixing.com.cn success
[ 2020-1-7 11:36:05 ] [ log ] send mail luojunping@lezhixing.com.cn success
[ 2020-1-7 13:40:49 ] [ log ] send mail luojunping@lezhixing.com.cn success
[ 2020-1-7 15:30:11 ] [ log ] send mail yangxiaojie@lezhixing.com.cn,macd@lezhixing.com.cn,libowen@lezhixing.com.cn success
[ 2020-1-7 15:30:15 ] [ log ] send mail yangxiaojie@lezhixing.com.cn,macd@lezhixing.com.cn,libowen@lezhixing.com.cn success
[ 2020-1-7 16:08:55 ] [ log ] send mail luojunping@lezhixing.com.cn success
[ 2020-1-7 16:09:21 ] [ log ] send mail luojunping@lezhixing.com.cn success
[ 2020-1-7 16:35:25 ] [ log ] send mail zhangpei@lezhixing.com.cn,goubotao@lezhixing.com.cn success
[ 2020-1-7 16:36:43 ] [ log ] send mail zhangpei@lezhixing.com.cn,goubotao@lezhixing.com.cn success
[ 2020-1-7 18:22:01 ] [ error ] send mail  error,No recipients defined
[ 2020-1-7 19:46:58 ] [ log ] send mail luojunping@lezhixing.com.cn success
[ 2020-1-7 19:48:16 ] [ log ] send mail luojunping@lezhixing.com.cn success
[ 2020-1-7 19:49:35 ] [ error ] send mail  error,No recipients defined
[ 2020-1-7 19:50:53 ] [ log ] send mail luojunping@lezhixing.com.cn success
[ 2020-1-7 19:57:19 ] [ error ] send mail  error,No recipients defined
[ 2020-1-7 20:32:52 ] [ error ] send mail  error,No recipients defined
[ 2020-1-8 09:16:47 ] [ log ] send mail luojunping@lezhixing.com.cn success
[ 2020-1-8 10:00:33 ] [ log ] send mail luojunping@lezhixing.com.cn success
[ 2020-1-8 10:00:34 ] [ log ] send mail luojunping@lezhixing.com.cn success
[ 2020-1-8 13:41:00 ] [ log ] send mail luojunping@lezhixing.com.cn success
[ 2020-1-8 13:41:08 ] [ log ] send mail luojunping@lezhixing.com.cn success
[ 2020-1-8 13:43:56 ] [ log ] send mail luojunping@lezhixing.com.cn success
[ 2020-1-8 16:47:49 ] [ error ] send mail  error,No recipients defined
[ 2020-1-9 09:14:10 ] [ log ] send mail yangxiaojie@lezhixing.com.cn,libowen@lezhixing.com.cn success
[ 2020-1-9 09:25:29 ] [ log ] send mail yangxiaojie@lezhixing.com.cn,libowen@lezhixing.com.cn success
[ 2020-1-9 09:25:54 ] [ log ] send mail yangxiaojie@lezhixing.com.cn,libowen@lezhixing.com.cn success
[ 2020-1-9 09:26:52 ] [ log ] send mail yangxiaojie@lezhixing.com.cn,libowen@lezhixing.com.cn success
[ 2020-1-9 11:22:31 ] [ log ] send mail yangxiaojie@lezhixing.com.cn,libowen@lezhixing.com.cn success
[ 2020-1-9 11:22:35 ] [ log ] send mail yangxiaojie@lezhixing.com.cn,libowen@lezhixing.com.cn success
[ 2020-1-9 13:57:53 ] [ log ] send mail luojunping@lezhixing.com.cn success
[ 2020-1-9 14:00:42 ] [ log ] send mail luojunping@lezhixing.com.cn success
[ 2020-1-9 16:07:07 ] [ log ] send mail luojunping@lezhixing.com.cn success
[ 2020-1-9 16:08:02 ] [ log ] send mail luojunping@lezhixing.com.cn success
[ 2020-1-9 16:15:01 ] [ log ] send mail luojunping@lezhixing.com.cn success
[ 2020-1-9 16:15:14 ] [ log ] send mail luojunping@lezhixing.com.cn success
[ 2020-1-9 16:16:29 ] [ log ] send mail luojunping@lezhixing.com.cn success
[ 2020-1-9 16:16:35 ] [ log ] send mail luojunping@lezhixing.com.cn success
[ 2020-1-9 16:17:24 ] [ log ] send mail luojunping@lezhixing.com.cn success
[ 2020-1-13 08:54:57 ] [ log ] send mail yangxiaojie@lezhixing.com.cn,libowen@lezhixing.com.cn success
[ 2020-1-13 08:57:23 ] [ log ] send mail yangxiaojie@lezhixing.com.cn,libowen@lezhixing.com.cn success
[ 2020-1-13 09:20:41 ] [ error ] send mail  error,No recipients defined
[ 2020-1-13 09:20:58 ] [ error ] send mail  error,No recipients defined
[ 2020-1-13 09:23:42 ] [ error ] send mail  error,No recipients defined
[ 2020-1-14 11:25:00 ] [ log ] send mail luojunping@lezhixing.com.cn success
[ 2020-1-14 11:26:18 ] [ log ] send mail luojunping@lezhixing.com.cn success
[ 2020-1-14 11:27:35 ] [ log ] send mail luojunping@lezhixing.com.cn success
[ 2020-1-14 11:28:12 ] [ log ] send mail luojunping@lezhixing.com.cn success
[ 2020-1-14 17:14:51 ] [ log ] send mail yangxiaojie@lezhixing.com.cn,libowen@lezhixing.com.cn,kqren@lezhixing.com.cn success
[ 2020-1-14 17:15:34 ] [ log ] send mail yangxiaojie@lezhixing.com.cn,libowen@lezhixing.com.cn,kqren@lezhixing.com.cn success
[ 2020-1-15 16:08:22 ] [ log ] send mail zhangpei@lezhixing.com.cn,goubotao@lezhixing.com.cn success
[ 2020-1-16 09:11:16 ] [ log ] send mail zhangpei@lezhixing.com.cn,goubotao@lezhixing.com.cn success
[ 2020-1-16 10:00:16 ] [ log ] send mail luojunping@lezhixing.com.cn success
[ 2020-1-16 10:00:19 ] [ log ] send mail luojunping@lezhixing.com.cn success
[ 2020-1-16 10:35:58 ] [ log ] send mail luojunping@lezhixing.com.cn success
[ 2020-1-16 10:35:58 ] [ log ] send mail luojunping@lezhixing.com.cn success
[ 2020-1-16 10:35:59 ] [ log ] send mail luojunping@lezhixing.com.cn success
[ 2020-1-16 10:59:53 ] [ log ] send mail zhangpei@lezhixing.com.cn,goubotao@lezhixing.com.cn success
[ 2020-1-16 11:00:55 ] [ log ] send mail zhangpei@lezhixing.com.cn,goubotao@lezhixing.com.cn success
[ 2020-1-16 11:27:55 ] [ log ] send mail zhangpei@lezhixing.com.cn,goubotao@lezhixing.com.cn success
[ 2020-1-16 11:31:55 ] [ log ] send mail zhangpei@lezhixing.com.cn,goubotao@lezhixing.com.cn success
[ 2020-1-16 11:38:16 ] [ log ] send mail zhangpei@lezhixing.com.cn,goubotao@lezhixing.com.cn success
[ 2020-1-16 14:55:45 ] [ log ] send mail luojunping@lezhixing.com.cn success
[ 2020-1-16 15:01:56 ] [ log ] send mail luojunping@lezhixing.com.cn success
[ 2020-1-16 15:01:59 ] [ log ] send mail luojunping@lezhixing.com.cn success
[ 2020-1-16 15:50:40 ] [ error ] send mail  error,No recipients defined
[ 2020-1-16 16:08:43 ] [ error ] send mail  error,No recipients defined
[ 2020-1-16 16:09:20 ] [ error ] send mail  error,No recipients defined
[ 2020-1-17 14:31:26 ] [ log ] send mail yangxiaojie@lezhixing.com.cn,libowen@lezhixing.com.cn,kqren@lezhixing.com.cn success
[ 2020-1-17 14:31:26 ] [ log ] send mail yangxiaojie@lezhixing.com.cn,libowen@lezhixing.com.cn,kqren@lezhixing.com.cn success
[ 2020-1-17 14:31:27 ] [ log ] send mail yangxiaojie@lezhixing.com.cn,libowen@lezhixing.com.cn,kqren@lezhixing.com.cn success
[ 2020-1-17 14:39:37 ] [ log ] send mail yangxiaojie@lezhixing.com.cn,libowen@lezhixing.com.cn,kqren@lezhixing.com.cn success
[ 2020-1-17 14:39:38 ] [ log ] send mail yangxiaojie@lezhixing.com.cn,libowen@lezhixing.com.cn,kqren@lezhixing.com.cn success
[ 2020-1-18 08:37:33 ] [ log ] send mail zhangpei@lezhixing.com.cn,goubotao@lezhixing.com.cn success
[ 2020-1-18 09:07:46 ] [ log ] send mail zhangpei@lezhixing.com.cn,goubotao@lezhixing.com.cn success
[ 2020-1-18 14:42:52 ] [ log ] send mail luojunping@lezhixing.com.cn success
[ 2020-1-18 14:54:48 ] [ log ] send mail luojunping@lezhixing.com.cn success
[ 2020-1-18 14:55:17 ] [ log ] send mail luojunping@lezhixing.com.cn success
[ 2020-1-18 15:06:22 ] [ log ] send mail luojunping@lezhixing.com.cn success
[ 2020-1-18 15:33:04 ] [ log ] send mail luojunping@lezhixing.com.cn success
[ 2020-1-18 15:33:15 ] [ log ] send mail luojunping@lezhixing.com.cn success
[ 2020-1-18 15:33:24 ] [ log ] send mail luojunping@lezhixing.com.cn success
[ 2020-1-18 15:36:30 ] [ log ] send mail luojunping@lezhixing.com.cn success
[ 2020-1-19 10:36:11 ] [ log ] send mail chengxiuju@lezhixing.com.cn,songzhaohui@lezhixing.com.cn,xutao@lezhixing.com.cn,dyzhou2@iflytek.com success
[ 2020-1-19 10:38:52 ] [ log ] send mail chengxiuju@lezhixing.com.cn,songzhaohui@lezhixing.com.cn,xutao@lezhixing.com.cn,dyzhou2@iflytek.com success
[ 2020-1-19 10:38:56 ] [ log ] send mail chengxiuju@lezhixing.com.cn,songzhaohui@lezhixing.com.cn,xutao@lezhixing.com.cn,dyzhou2@iflytek.com success
